<?xml version="1.0" encoding="UTF-8"?>
<coverage generated="1629024977293" clover="3.2.0">
  <project timestamp="1629024977293" name="All files">
    <metrics statements="1106" coveredstatements="1079" conditionals="529" coveredconditionals="483" methods="293" coveredmethods="282" elements="1928" coveredelements="1844" complexity="0" loc="1106" ncloc="1106" packages="1" files="8" classes="8"/>
    <file name="DCircle.ts" path="/home/runner/work/DGeoUtils/DGeoUtils/src/DCircle.ts">
      <metrics statements="54" coveredstatements="54" conditionals="18" coveredconditionals="18" methods="9" coveredmethods="9"/>
      <line num="1" count="7" type="stmt"/>
      <line num="2" count="7" type="stmt"/>
      <line num="3" count="7" type="stmt"/>
      <line num="5" count="7" type="stmt"/>
      <line num="6" count="49" type="stmt"/>
      <line num="7" count="49" type="stmt"/>
      <line num="10" count="49" type="stmt"/>
      <line num="11" count="49" type="stmt"/>
      <line num="15" count="5" type="stmt"/>
      <line num="19" count="1" type="stmt"/>
      <line num="23" count="1" type="stmt"/>
      <line num="31" count="6" type="cond" truecount="2" falsecount="0"/>
      <line num="32" count="1" type="stmt"/>
      <line num="37" count="5" type="stmt"/>
      <line num="41" count="5" type="stmt"/>
      <line num="43" count="5" type="stmt"/>
      <line num="45" count="5" type="stmt"/>
      <line num="46" count="5" type="stmt"/>
      <line num="47" count="5" type="stmt"/>
      <line num="49" count="5" type="stmt"/>
      <line num="50" count="5" type="stmt"/>
      <line num="51" count="5" type="stmt"/>
      <line num="52" count="5" type="stmt"/>
      <line num="54" count="5" type="stmt"/>
      <line num="55" count="5" type="stmt"/>
      <line num="57" count="5" type="stmt"/>
      <line num="58" count="5" type="stmt"/>
      <line num="59" count="5" type="stmt"/>
      <line num="60" count="5" type="stmt"/>
      <line num="62" count="5" type="stmt"/>
      <line num="63" count="5" type="cond" truecount="4" falsecount="0"/>
      <line num="64" count="4" type="stmt"/>
      <line num="66" count="5" type="cond" truecount="7" falsecount="0"/>
      <line num="67" count="3" type="stmt"/>
      <line num="69" count="5" type="stmt"/>
      <line num="73" count="6" type="cond" truecount="2" falsecount="0"/>
      <line num="77" count="1" type="stmt"/>
      <line num="78" count="1" type="stmt"/>
      <line num="79" count="1" type="stmt"/>
      <line num="80" count="64" type="stmt"/>
      <line num="81" count="64" type="stmt"/>
      <line num="82" count="64" type="stmt"/>
      <line num="83" count="64" type="stmt"/>
      <line num="85" count="1" type="stmt"/>
      <line num="89" count="2" type="stmt"/>
      <line num="90" count="2" type="stmt"/>
      <line num="91" count="128" type="stmt"/>
      <line num="93" count="2" type="stmt"/>
      <line num="97" count="128" type="stmt"/>
      <line num="98" count="128" type="stmt"/>
      <line num="99" count="128" type="stmt"/>
      <line num="100" count="128" type="stmt"/>
      <line num="103" count="128" type="stmt"/>
      <line num="108" count="128" type="stmt"/>
    </file>
    <file name="DLine.ts" path="/home/runner/work/DGeoUtils/DGeoUtils/src/DLine.ts">
      <metrics statements="152" coveredstatements="150" conditionals="104" coveredconditionals="96" methods="25" coveredmethods="25"/>
      <line num="1" count="7" type="stmt"/>
      <line num="4" count="7" type="stmt"/>
      <line num="5" count="26605" type="stmt"/>
      <line num="6" count="26605" type="stmt"/>
      <line num="7" count="26605" type="stmt"/>
      <line num="8" count="26605" type="stmt"/>
      <line num="9" count="26605" type="stmt"/>
      <line num="12" count="26605" type="stmt"/>
      <line num="13" count="26605" type="stmt"/>
      <line num="14" count="26605" type="stmt"/>
      <line num="15" count="26605" type="stmt"/>
      <line num="16" count="26605" type="stmt"/>
      <line num="20" count="1" type="stmt"/>
      <line num="24" count="200" type="stmt"/>
      <line num="28" count="51" type="stmt"/>
      <line num="29" count="51" type="stmt"/>
      <line num="30" count="51" type="stmt"/>
      <line num="34" count="12790" type="stmt"/>
      <line num="35" count="12790" type="cond" truecount="2" falsecount="0"/>
      <line num="36" count="9864" type="cond" truecount="4" falsecount="0"/>
      <line num="38" count="2926" type="stmt"/>
      <line num="42" count="29" type="stmt"/>
      <line num="43" count="29" type="stmt"/>
      <line num="44" count="29" type="stmt"/>
      <line num="45" count="29" type="stmt"/>
      <line num="46" count="29" type="cond" truecount="2" falsecount="0"/>
      <line num="47" count="22" type="stmt"/>
      <line num="49" count="29" type="cond" truecount="2" falsecount="0"/>
      <line num="50" count="1" type="stmt"/>
      <line num="52" count="29" type="cond" truecount="2" falsecount="0"/>
      <line num="53" count="26" type="stmt"/>
      <line num="54" count="26" type="cond" truecount="2" falsecount="0"/>
      <line num="55" count="3" type="stmt"/>
      <line num="56" count="3" type="stmt"/>
      <line num="58" count="3" type="cond" truecount="2" falsecount="0"/>
      <line num="59" count="1" type="stmt"/>
      <line num="60" count="1" type="stmt"/>
      <line num="61" count="1" type="stmt"/>
      <line num="62" count="1" type="stmt"/>
      <line num="65" count="2" type="cond" truecount="1" falsecount="1"/>
      <line num="66" count="2" type="stmt"/>
      <line num="67" count="2" type="stmt"/>
      <line num="68" count="2" type="stmt"/>
      <line num="69" count="2" type="stmt"/>
      <line num="72" count="23" type="cond" truecount="2" falsecount="0"/>
      <line num="73" count="21" type="stmt"/>
      <line num="74" count="21" type="stmt"/>
      <line num="76" count="2" type="cond" truecount="2" falsecount="0"/>
      <line num="77" count="1" type="stmt"/>
      <line num="78" count="1" type="stmt"/>
      <line num="80" count="1" type="stmt"/>
      <line num="81" count="1" type="stmt"/>
      <line num="82" count="1" type="stmt"/>
      <line num="83" count="1" type="stmt"/>
      <line num="84" count="1" type="stmt"/>
      <line num="85" count="1" type="stmt"/>
      <line num="87" count="3" type="cond" truecount="2" falsecount="0"/>
      <line num="88" count="2" type="stmt"/>
      <line num="90" count="1" type="stmt"/>
      <line num="94" count="12048" type="stmt"/>
      <line num="95" count="12048" type="stmt"/>
      <line num="96" count="12048" type="cond" truecount="2" falsecount="0"/>
      <line num="97" count="12048" type="cond" truecount="2" falsecount="0"/>
      <line num="98" count="12048" type="cond" truecount="2" falsecount="0"/>
      <line num="102" count="12049" type="stmt"/>
      <line num="106" count="12049" type="stmt"/>
      <line num="110" count="12049" type="stmt"/>
      <line num="114" count="12049" type="stmt"/>
      <line num="118" count="1" type="stmt"/>
      <line num="122" count="1" type="stmt"/>
      <line num="126" count="4886" type="cond" truecount="2" falsecount="0"/>
      <line num="127" count="115" type="stmt"/>
      <line num="129" count="4771" type="cond" truecount="2" falsecount="0"/>
      <line num="130" count="198" type="stmt"/>
      <line num="132" count="4573" type="stmt"/>
      <line num="136" count="4396" type="cond" truecount="2" falsecount="0"/>
      <line num="137" count="1" type="stmt"/>
      <line num="139" count="4395" type="cond" truecount="2" falsecount="0"/>
      <line num="140" count="1" type="stmt"/>
      <line num="142" count="4394" type="stmt"/>
      <line num="146" count="12948" type="cond" truecount="4" falsecount="0"/>
      <line num="147" count="833" type="stmt"/>
      <line num="149" count="12115" type="cond" truecount="4" falsecount="0"/>
      <line num="150" count="1988" type="stmt"/>
      <line num="152" count="10127" type="cond" truecount="4" falsecount="0"/>
      <line num="153" count="745" type="stmt"/>
      <line num="155" count="9382" type="cond" truecount="4" falsecount="0"/>
      <line num="156" count="581" type="stmt"/>
      <line num="158" count="8801" type="cond" truecount="2" falsecount="0"/>
      <line num="159" count="8" type="stmt"/>
      <line num="160" count="8" type="stmt"/>
      <line num="162" count="8793" type="cond" truecount="2" falsecount="0"/>
      <line num="163" count="2226" type="stmt"/>
      <line num="164" count="2226" type="stmt"/>
      <line num="166" count="6567" type="cond" truecount="2" falsecount="0"/>
      <line num="167" count="127" type="stmt"/>
      <line num="168" count="127" type="stmt"/>
      <line num="170" count="6440" type="cond" truecount="2" falsecount="0"/>
      <line num="171" count="2182" type="stmt"/>
      <line num="172" count="2182" type="stmt"/>
      <line num="174" count="4258" type="stmt"/>
      <line num="175" count="4258" type="cond" truecount="4" falsecount="0"/>
      <line num="176" count="108" type="stmt"/>
      <line num="178" count="4150" type="stmt"/>
      <line num="182" count="29" type="cond" truecount="2" falsecount="0"/>
      <line num="186" count="51405" type="stmt"/>
      <line num="190" count="52223" type="stmt"/>
      <line num="194" count="1075" type="stmt"/>
      <line num="198" count="48" type="stmt"/>
      <line num="199" count="48" type="stmt"/>
      <line num="200" count="48" type="cond" truecount="2" falsecount="0"/>
      <line num="201" count="5" type="cond" truecount="2" falsecount="0"/>
      <line num="202" count="1" type="stmt"/>
      <line num="203" count="4" type="cond" truecount="2" falsecount="0"/>
      <line num="204" count="3" type="stmt"/>
      <line num="206" count="1" type="stmt"/>
      <line num="207" count="43" type="cond" truecount="2" falsecount="0"/>
      <line num="208" count="17" type="cond" truecount="2" falsecount="0"/>
      <line num="209" count="3" type="stmt"/>
      <line num="210" count="14" type="cond" truecount="2" falsecount="0"/>
      <line num="211" count="11" type="stmt"/>
      <line num="213" count="3" type="stmt"/>
      <line num="215" count="26" type="cond" truecount="2" falsecount="0"/>
      <line num="216" count="2" type="stmt"/>
      <line num="217" count="24" type="cond" truecount="2" falsecount="0"/>
      <line num="218" count="2" type="stmt"/>
      <line num="220" count="22" type="stmt"/>
      <line num="227" count="1" type="stmt"/>
      <line num="228" count="1" type="stmt"/>
      <line num="232" count="47" type="stmt"/>
      <line num="233" count="47" type="stmt"/>
      <line num="234" count="47" type="stmt"/>
      <line num="235" count="47" type="stmt"/>
      <line num="236" count="47" type="stmt"/>
      <line num="237" count="47" type="stmt"/>
      <line num="238" count="47" type="stmt"/>
      <line num="239" count="47" type="stmt"/>
      <line num="240" count="47" type="stmt"/>
      <line num="241" count="47" type="stmt"/>
      <line num="242" count="47" type="cond" truecount="4" falsecount="0"/>
      <line num="243" count="8" type="stmt"/>
      <line num="245" count="39" type="stmt"/>
      <line num="250" count="228" type="stmt"/>
      <line num="251" count="228" type="cond" truecount="2" falsecount="2"/>
      <line num="252" count="0" type="stmt"/>
      <line num="253" count="228" type="cond" truecount="2" falsecount="2"/>
      <line num="254" count="0" type="stmt"/>
      <line num="256" count="228" type="stmt"/>
      <line num="260" count="131" type="stmt"/>
      <line num="261" count="131" type="stmt"/>
      <line num="262" count="131" type="stmt"/>
      <line num="263" count="131" type="stmt"/>
    </file>
    <file name="DNumbers.ts" path="/home/runner/work/DGeoUtils/DGeoUtils/src/DNumbers.ts">
      <metrics statements="9" coveredstatements="9" conditionals="1" coveredconditionals="1" methods="6" coveredmethods="6"/>
      <line num="1" count="7" type="stmt"/>
      <line num="3" count="7" type="stmt"/>
      <line num="5" count="7" type="stmt"/>
      <line num="7" count="44" type="stmt"/>
      <line num="11" count="14" type="stmt"/>
      <line num="15" count="14" type="stmt"/>
      <line num="19" count="14" type="stmt"/>
      <line num="23" count="297" type="stmt"/>
      <line num="27" count="257" type="stmt"/>
    </file>
    <file name="DPoint.ts" path="/home/runner/work/DGeoUtils/DGeoUtils/src/DPoint.ts">
      <metrics statements="198" coveredstatements="198" conditionals="91" coveredconditionals="90" methods="66" coveredmethods="66"/>
      <line num="1" count="7" type="stmt"/>
      <line num="2" count="7" type="stmt"/>
      <line num="4" count="7" type="stmt"/>
      <line num="12" count="7" type="stmt"/>
      <line num="20" count="7" type="stmt"/>
      <line num="21" count="7" type="stmt"/>
      <line num="30" count="7" type="stmt"/>
      <line num="31" count="7" type="stmt"/>
      <line num="32" count="7" type="stmt"/>
      <line num="33" count="7" type="stmt"/>
      <line num="34" count="7" type="stmt"/>
      <line num="35" count="7" type="stmt"/>
      <line num="36" count="7" type="stmt"/>
      <line num="37" count="7" type="stmt"/>
      <line num="38" count="7" type="stmt"/>
      <line num="42" count="7" type="stmt"/>
      <line num="43" count="111523" type="stmt"/>
      <line num="44" count="111523" type="stmt"/>
      <line num="47" count="111523" type="stmt"/>
      <line num="56" count="111523" type="stmt"/>
      <line num="57" count="111523" type="stmt"/>
      <line num="58" count="111523" type="stmt"/>
      <line num="62" count="54822" type="stmt"/>
      <line num="66" count="1119" type="stmt"/>
      <line num="67" count="1119" type="cond" truecount="4" falsecount="0"/>
      <line num="68" count="3" type="stmt"/>
      <line num="70" count="1116" type="stmt"/>
      <line num="71" count="1116" type="stmt"/>
      <line num="75" count="1" type="stmt"/>
      <line num="79" count="13" type="stmt"/>
      <line num="80" count="13" type="stmt"/>
      <line num="81" count="13" type="stmt"/>
      <line num="82" count="13" type="stmt"/>
      <line num="83" count="13" type="stmt"/>
      <line num="87" count="2" type="stmt"/>
      <line num="91" count="3" type="stmt"/>
      <line num="92" count="3" type="stmt"/>
      <line num="95" count="3" type="stmt"/>
      <line num="99" count="3" type="stmt"/>
      <line num="100" count="3" type="stmt"/>
      <line num="101" count="3" type="stmt"/>
      <line num="102" count="3" type="stmt"/>
      <line num="106" count="7" type="cond" truecount="2" falsecount="0"/>
      <line num="107" count="6" type="stmt"/>
      <line num="109" count="1" type="stmt"/>
      <line num="117" count="25907" type="cond" truecount="2" falsecount="0"/>
      <line num="118" count="2" type="stmt"/>
      <line num="120" count="25905" type="stmt"/>
      <line num="121" count="25905" type="stmt"/>
      <line num="122" count="25905" type="stmt"/>
      <line num="123" count="25905" type="cond" truecount="2" falsecount="0"/>
      <line num="124" count="9905" type="stmt"/>
      <line num="126" count="16000" type="cond" truecount="2" falsecount="0"/>
      <line num="127" count="3238" type="stmt"/>
      <line num="129" count="12762" type="stmt"/>
      <line num="133" count="20" type="stmt"/>
      <line num="134" count="20" type="stmt"/>
      <line num="135" count="20" type="cond" truecount="2" falsecount="0"/>
      <line num="136" count="9" type="stmt"/>
      <line num="138" count="11" type="stmt"/>
      <line num="142" count="13" type="cond" truecount="4" falsecount="0"/>
      <line num="143" count="1" type="stmt"/>
      <line num="145" count="12" type="cond" truecount="4" falsecount="0"/>
      <line num="146" count="7" type="stmt"/>
      <line num="148" count="5" type="cond" truecount="4" falsecount="0"/>
      <line num="149" count="4" type="stmt"/>
      <line num="151" count="1" type="stmt"/>
      <line num="155" count="25621" type="stmt"/>
      <line num="159" count="15" type="stmt"/>
      <line num="163" count="7" type="stmt"/>
      <line num="164" count="7" type="stmt"/>
      <line num="168" count="1" type="stmt"/>
      <line num="169" count="1" type="stmt"/>
      <line num="173" count="341" type="stmt"/>
      <line num="174" count="341" type="stmt"/>
      <line num="175" count="341" type="stmt"/>
      <line num="179" count="7" type="cond" truecount="2" falsecount="0"/>
      <line num="180" count="7" type="stmt"/>
      <line num="184" count="7" type="cond" truecount="2" falsecount="0"/>
      <line num="185" count="7" type="stmt"/>
      <line num="189" count="30116" type="stmt"/>
      <line num="190" count="30116" type="stmt"/>
      <line num="191" count="30116" type="stmt"/>
      <line num="195" count="6" type="cond" truecount="2" falsecount="0"/>
      <line num="199" count="6" type="cond" truecount="2" falsecount="0"/>
      <line num="203" count="3" type="cond" truecount="2" falsecount="0"/>
      <line num="207" count="3" type="cond" truecount="2" falsecount="0"/>
      <line num="215" count="4" type="stmt"/>
      <line num="224" count="4" type="cond" truecount="4" falsecount="0"/>
      <line num="225" count="1" type="stmt"/>
      <line num="228" count="3" type="cond" truecount="2" falsecount="0"/>
      <line num="235" count="3" type="stmt"/>
      <line num="242" count="3" type="stmt"/>
      <line num="249" count="3" type="stmt"/>
      <line num="257" count="4" type="stmt"/>
      <line num="268" count="4" type="stmt"/>
      <line num="277" count="4" type="cond" truecount="4" falsecount="0"/>
      <line num="278" count="1" type="stmt"/>
      <line num="281" count="3" type="cond" truecount="2" falsecount="0"/>
      <line num="290" count="4" type="cond" truecount="4" falsecount="0"/>
      <line num="291" count="1" type="stmt"/>
      <line num="294" count="3" type="cond" truecount="2" falsecount="0"/>
      <line num="298" count="13" type="stmt"/>
      <line num="299" count="13" type="stmt"/>
      <line num="300" count="13" type="stmt"/>
      <line num="301" count="13" type="stmt"/>
      <line num="302" count="13" type="stmt"/>
      <line num="306" count="1888" type="stmt"/>
      <line num="307" count="1888" type="stmt"/>
      <line num="308" count="1888" type="cond" truecount="2" falsecount="0"/>
      <line num="309" count="1860" type="stmt"/>
      <line num="310" count="1860" type="stmt"/>
      <line num="312" count="28" type="stmt"/>
      <line num="313" count="28" type="stmt"/>
      <line num="315" count="1888" type="stmt"/>
      <line num="316" count="1888" type="stmt"/>
      <line num="317" count="1888" type="stmt"/>
      <line num="321" count="3" type="stmt"/>
      <line num="325" count="361" type="stmt"/>
      <line num="329" count="8" type="stmt"/>
      <line num="330" count="8" type="stmt"/>
      <line num="331" count="8" type="stmt"/>
      <line num="335" count="8" type="stmt"/>
      <line num="336" count="8" type="stmt"/>
      <line num="337" count="8" type="stmt"/>
      <line num="341" count="8" type="stmt"/>
      <line num="342" count="8" type="stmt"/>
      <line num="343" count="8" type="stmt"/>
      <line num="347" count="9" type="stmt"/>
      <line num="348" count="9" type="stmt"/>
      <line num="349" count="9" type="stmt"/>
      <line num="353" count="4" type="stmt"/>
      <line num="354" count="4" type="stmt"/>
      <line num="355" count="4" type="stmt"/>
      <line num="359" count="383" type="stmt"/>
      <line num="360" count="383" type="stmt"/>
      <line num="361" count="383" type="cond" truecount="2" falsecount="0"/>
      <line num="362" count="1" type="stmt"/>
      <line num="363" count="1" type="stmt"/>
      <line num="365" count="382" type="stmt"/>
      <line num="366" count="382" type="stmt"/>
      <line num="368" count="383" type="stmt"/>
      <line num="369" count="383" type="stmt"/>
      <line num="370" count="383" type="stmt"/>
      <line num="374" count="11" type="stmt"/>
      <line num="375" count="11" type="stmt"/>
      <line num="376" count="11" type="cond" truecount="2" falsecount="0"/>
      <line num="377" count="1" type="stmt"/>
      <line num="378" count="1" type="stmt"/>
      <line num="380" count="10" type="stmt"/>
      <line num="381" count="10" type="stmt"/>
      <line num="383" count="11" type="stmt"/>
      <line num="384" count="11" type="stmt"/>
      <line num="385" count="11" type="stmt"/>
      <line num="389" count="32497" type="cond" truecount="3" falsecount="0"/>
      <line num="393" count="1116" type="stmt"/>
      <line num="394" count="1116" type="stmt"/>
      <line num="395" count="1116" type="cond" truecount="1" falsecount="1"/>
      <line num="396" count="1116" type="cond" truecount="3" falsecount="0"/>
      <line num="400" count="332" type="stmt"/>
      <line num="404" count="1" type="stmt"/>
      <line num="408" count="1182" type="stmt"/>
      <line num="412" count="1" type="stmt"/>
      <line num="416" count="1" type="stmt"/>
      <line num="420" count="6" type="stmt"/>
      <line num="424" count="3" type="stmt"/>
      <line num="428" count="3" type="stmt"/>
      <line num="432" count="3" type="stmt"/>
      <line num="433" count="3" type="stmt"/>
      <line num="437" count="6" type="stmt"/>
      <line num="438" count="6" type="stmt"/>
      <line num="442" count="6" type="stmt"/>
      <line num="443" count="6" type="stmt"/>
      <line num="447" count="3" type="stmt"/>
      <line num="451" count="3" type="stmt"/>
      <line num="455" count="3" type="stmt"/>
      <line num="462" count="81" type="stmt"/>
      <line num="463" count="81" type="stmt"/>
      <line num="464" count="81" type="stmt"/>
      <line num="468" count="10" type="stmt"/>
      <line num="472" count="1" type="stmt"/>
      <line num="473" count="1" type="stmt"/>
      <line num="474" count="1" type="stmt"/>
      <line num="475" count="1" type="stmt"/>
      <line num="476" count="1" type="stmt"/>
      <line num="478" count="360" type="stmt"/>
      <line num="479" count="360" type="stmt"/>
      <line num="481" count="360" type="stmt"/>
      <line num="486" count="4" type="stmt"/>
      <line num="487" count="4" type="stmt"/>
      <line num="489" count="4" type="stmt"/>
      <line num="490" count="4" type="stmt"/>
      <line num="491" count="4" type="stmt"/>
      <line num="495" count="7" type="stmt"/>
      <line num="496" count="7" type="stmt"/>
      <line num="498" count="7" type="stmt"/>
      <line num="499" count="7" type="stmt"/>
      <line num="500" count="7" type="stmt"/>
    </file>
    <file name="DPolygon.ts" path="/home/runner/work/DGeoUtils/DGeoUtils/src/DPolygon.ts">
      <metrics statements="536" coveredstatements="519" conditionals="244" coveredconditionals="215" methods="154" coveredmethods="146"/>
      <line num="2" count="7" type="stmt"/>
      <line num="3" count="7" type="stmt"/>
      <line num="4" count="7" type="stmt"/>
      <line num="5" count="7" type="stmt"/>
      <line num="6" count="7" type="stmt"/>
      <line num="14" count="7" type="stmt"/>
      <line num="15" count="7" type="stmt"/>
      <line num="16" count="7" type="stmt"/>
      <line num="17" count="7" type="stmt"/>
      <line num="19" count="7" type="stmt"/>
      <line num="21" count="6089" type="stmt"/>
      <line num="22" count="6089" type="stmt"/>
      <line num="23" count="6089" type="stmt"/>
      <line num="24" count="6089" type="stmt"/>
      <line num="27" count="6089" type="stmt"/>
      <line num="31" count="1" type="stmt"/>
      <line num="32" count="1" type="stmt"/>
      <line num="36" count="1" type="stmt"/>
      <line num="37" count="1" type="stmt"/>
      <line num="38" count="1" type="stmt"/>
      <line num="39" count="1" type="stmt"/>
      <line num="40" count="12" type="cond" truecount="2" falsecount="0"/>
      <line num="41" count="7" type="stmt"/>
      <line num="43" count="12" type="cond" truecount="2" falsecount="0"/>
      <line num="44" count="8" type="stmt"/>
      <line num="45" count="8" type="cond" truecount="2" falsecount="0"/>
      <line num="46" count="4" type="stmt"/>
      <line num="47" count="4" type="stmt"/>
      <line num="48" count="4" type="stmt"/>
      <line num="52" count="1" type="stmt"/>
      <line num="56" count="1" type="stmt"/>
      <line num="57" count="1" type="cond" truecount="4" falsecount="1"/>
      <line num="58" count="0" type="stmt"/>
      <line num="60" count="1" type="cond" truecount="1" falsecount="1"/>
      <line num="61" count="1" type="stmt"/>
      <line num="63" count="0" type="stmt"/>
      <line num="67" count="167" type="stmt"/>
      <line num="68" count="167" type="stmt"/>
      <line num="69" count="167" type="cond" truecount="2" falsecount="0"/>
      <line num="70" count="163" type="stmt"/>
      <line num="71" count="163" type="stmt"/>
      <line num="72" count="163" type="stmt"/>
      <line num="74" count="205" type="stmt"/>
      <line num="75" count="1103" type="stmt"/>
      <line num="76" count="163" type="cond" truecount="4" falsecount="0"/>
      <line num="77" count="32" type="stmt"/>
      <line num="79" count="163" type="stmt"/>
      <line num="81" count="167" type="cond" truecount="2" falsecount="0"/>
      <line num="82" count="1" type="stmt"/>
      <line num="83" count="1" type="stmt"/>
      <line num="84" count="1" type="stmt"/>
      <line num="85" count="3" type="stmt"/>
      <line num="87" count="167" type="cond" truecount="2" falsecount="0"/>
      <line num="88" count="3" type="stmt"/>
      <line num="91" count="167" type="cond" truecount="2" falsecount="0"/>
      <line num="92" count="1" type="stmt"/>
      <line num="94" count="166" type="stmt"/>
      <line num="98" count="5" type="stmt"/>
      <line num="102" count="2" type="stmt"/>
      <line num="106" count="6103" type="stmt"/>
      <line num="110" count="1260" type="stmt"/>
      <line num="114" count="1785" type="stmt"/>
      <line num="118" count="941" type="stmt"/>
      <line num="122" count="1292" type="stmt"/>
      <line num="126" count="2" type="stmt"/>
      <line num="130" count="5" type="stmt"/>
      <line num="134" count="5" type="stmt"/>
      <line num="138" count="1" type="stmt"/>
      <line num="142" count="1" type="stmt"/>
      <line num="146" count="9" type="stmt"/>
      <line num="147" count="9" type="stmt"/>
      <line num="157" count="3" type="stmt"/>
      <line num="158" count="3" type="stmt"/>
      <line num="162" count="24" type="stmt"/>
      <line num="163" count="24" type="stmt"/>
      <line num="167" count="1" type="stmt"/>
      <line num="168" count="1" type="stmt"/>
      <line num="172" count="25382" type="stmt"/>
      <line num="176" count="4" type="stmt"/>
      <line num="180" count="9" type="stmt"/>
      <line num="181" count="9" type="stmt"/>
      <line num="182" count="38" type="stmt"/>
      <line num="184" count="9" type="stmt"/>
      <line num="188" count="15" type="stmt"/>
      <line num="189" count="15" type="stmt"/>
      <line num="190" count="15" type="stmt"/>
      <line num="191" count="59" type="stmt"/>
      <line num="192" count="59" type="stmt"/>
      <line num="193" count="59" type="stmt"/>
      <line num="195" count="15" type="stmt"/>
      <line num="199" count="309" type="stmt"/>
      <line num="200" count="309" type="stmt"/>
      <line num="201" count="1955" type="stmt"/>
      <line num="202" count="12455" type="stmt"/>
      <line num="203" count="12455" type="stmt"/>
      <line num="204" count="12455" type="stmt"/>
      <line num="205" count="12455" type="cond" truecount="2" falsecount="0"/>
      <line num="207" count="1083" type="stmt"/>
      <line num="209" count="118" type="stmt"/>
      <line num="210" count="118" type="stmt"/>
      <line num="211" count="118" type="stmt"/>
      <line num="212" count="118" type="stmt"/>
      <line num="216" count="309" type="stmt"/>
      <line num="220" count="3" type="stmt"/>
      <line num="224" count="4504" type="stmt"/>
      <line num="228" count="11" type="stmt"/>
      <line num="232" count="3068" type="stmt"/>
      <line num="236" count="3" type="stmt"/>
      <line num="237" count="3" type="stmt"/>
      <line num="238" count="3" type="stmt"/>
      <line num="239" count="3" type="stmt"/>
      <line num="240" count="9" type="stmt"/>
      <line num="241" count="9" type="stmt"/>
      <line num="242" count="9" type="stmt"/>
      <line num="243" count="9" type="stmt"/>
      <line num="244" count="9" type="stmt"/>
      <line num="245" count="9" type="stmt"/>
      <line num="246" count="9" type="stmt"/>
      <line num="247" count="27" type="stmt"/>
      <line num="248" count="27" type="stmt"/>
      <line num="249" count="27" type="cond" truecount="2" falsecount="0"/>
      <line num="250" count="15" type="stmt"/>
      <line num="251" count="15" type="stmt"/>
      <line num="253" count="27" type="stmt"/>
      <line num="254" count="54" type="stmt"/>
      <line num="255" count="54" type="stmt"/>
      <line num="256" count="54" type="cond" truecount="2" falsecount="0"/>
      <line num="257" count="18" type="stmt"/>
      <line num="258" count="18" type="stmt"/>
      <line num="259" count="18" type="stmt"/>
      <line num="263" count="9" type="cond" truecount="4" falsecount="1"/>
      <line num="264" count="0" type="stmt"/>
      <line num="266" count="9" type="stmt"/>
      <line num="267" count="9" type="stmt"/>
      <line num="268" count="9" type="stmt"/>
      <line num="269" count="9" type="stmt"/>
      <line num="275" count="9" type="cond" truecount="2" falsecount="0"/>
      <line num="276" count="3" type="stmt"/>
      <line num="277" count="3" type="stmt"/>
      <line num="280" count="3" type="stmt"/>
      <line num="284" count="4" type="stmt"/>
      <line num="285" count="4" type="stmt"/>
      <line num="286" count="4" type="cond" truecount="1" falsecount="1"/>
      <line num="287" count="4" type="stmt"/>
      <line num="289" count="4" type="stmt"/>
      <line num="290" count="4" type="stmt"/>
      <line num="291" count="8" type="stmt"/>
      <line num="292" count="8" type="stmt"/>
      <line num="293" count="8" type="stmt"/>
      <line num="294" count="8" type="stmt"/>
      <line num="295" count="8" type="cond" truecount="6" falsecount="0"/>
      <line num="296" count="4" type="stmt"/>
      <line num="298" count="4" type="stmt"/>
      <line num="301" count="4" type="stmt"/>
      <line num="302" count="4" type="stmt"/>
      <line num="303" count="4" type="stmt"/>
      <line num="304" count="4" type="stmt"/>
      <line num="305" count="4" type="stmt"/>
      <line num="306" count="4" type="stmt"/>
      <line num="307" count="8" type="stmt"/>
      <line num="308" count="8" type="stmt"/>
      <line num="309" count="8" type="stmt"/>
      <line num="310" count="8" type="stmt"/>
      <line num="311" count="8" type="cond" truecount="5" falsecount="1"/>
      <line num="312" count="0" type="stmt"/>
      <line num="315" count="4" type="stmt"/>
      <line num="317" count="4" type="cond" truecount="1" falsecount="1"/>
      <line num="318" count="4" type="stmt"/>
      <line num="320" count="4" type="stmt"/>
      <line num="324" count="7" type="stmt"/>
      <line num="325" count="7" type="stmt"/>
      <line num="326" count="7" type="stmt"/>
      <line num="327" count="28" type="stmt"/>
      <line num="328" count="28" type="stmt"/>
      <line num="329" count="28" type="stmt"/>
      <line num="331" count="7" type="stmt"/>
      <line num="335" count="1" type="cond" truecount="1" falsecount="1"/>
      <line num="336" count="0" type="stmt"/>
      <line num="338" count="1" type="stmt"/>
      <line num="342" count="205" type="stmt"/>
      <line num="343" count="205" type="stmt"/>
      <line num="344" count="205" type="stmt"/>
      <line num="348" count="1" type="stmt"/>
      <line num="349" count="1" type="stmt"/>
      <line num="350" count="4" type="stmt"/>
      <line num="351" count="4" type="stmt"/>
      <line num="352" count="4" type="stmt"/>
      <line num="353" count="4" type="stmt"/>
      <line num="354" count="4" type="cond" truecount="1" falsecount="1"/>
      <line num="355" count="4" type="stmt"/>
      <line num="358" count="1" type="stmt"/>
      <line num="362" count="1" type="stmt"/>
      <line num="366" count="223" type="stmt"/>
      <line num="367" count="223" type="cond" truecount="4" falsecount="0"/>
      <line num="368" count="6" type="stmt"/>
      <line num="370" count="1169" type="stmt"/>
      <line num="374" count="9" type="stmt"/>
      <line num="375" count="2" type="stmt"/>
      <line num="376" count="2" type="stmt"/>
      <line num="380" count="1" type="stmt"/>
      <line num="381" count="1" type="stmt"/>
      <line num="385" count="17" type="stmt"/>
      <line num="386" count="4" type="stmt"/>
      <line num="387" count="4" type="stmt"/>
      <line num="391" count="5" type="stmt"/>
      <line num="392" count="1" type="stmt"/>
      <line num="393" count="1" type="stmt"/>
      <line num="397" count="5" type="stmt"/>
      <line num="398" count="1" type="stmt"/>
      <line num="399" count="1" type="stmt"/>
      <line num="403" count="5" type="stmt"/>
      <line num="404" count="1" type="stmt"/>
      <line num="405" count="1" type="stmt"/>
      <line num="409" count="5" type="stmt"/>
      <line num="410" count="1" type="stmt"/>
      <line num="411" count="1" type="stmt"/>
      <line num="415" count="5" type="stmt"/>
      <line num="416" count="1" type="stmt"/>
      <line num="417" count="1" type="stmt"/>
      <line num="421" count="5" type="stmt"/>
      <line num="422" count="1" type="stmt"/>
      <line num="423" count="1" type="stmt"/>
      <line num="427" count="4" type="stmt"/>
      <line num="428" count="4" type="stmt"/>
      <line num="429" count="4" type="stmt"/>
      <line num="433" count="59690" type="cond" truecount="2" falsecount="0"/>
      <line num="434" count="2" type="stmt"/>
      <line num="435" count="2" type="stmt"/>
      <line num="436" count="1" type="stmt"/>
      <line num="438" count="2" type="stmt"/>
      <line num="440" count="59688" type="stmt"/>
      <line num="444" count="2150" type="stmt"/>
      <line num="448" count="4002" type="stmt"/>
      <line num="452" count="2548" type="stmt"/>
      <line num="456" count="1" type="stmt"/>
      <line num="460" count="2317" type="stmt"/>
      <line num="461" count="2317" type="stmt"/>
      <line num="462" count="2317" type="stmt"/>
      <line num="466" count="3" type="stmt"/>
      <line num="467" count="14" type="stmt"/>
      <line num="468" count="1" type="stmt"/>
      <line num="473" count="6" type="stmt"/>
      <line num="474" count="2" type="stmt"/>
      <line num="475" count="2" type="stmt"/>
      <line num="479" count="25615" type="stmt"/>
      <line num="483" count="708" type="stmt"/>
      <line num="484" count="708" type="cond" truecount="4" falsecount="0"/>
      <line num="485" count="240" type="stmt"/>
      <line num="487" count="708" type="stmt"/>
      <line num="491" count="2354" type="stmt"/>
      <line num="492" count="2354" type="cond" truecount="5" falsecount="0"/>
      <line num="493" count="1786" type="stmt"/>
      <line num="495" count="2354" type="stmt"/>
      <line num="499" count="6" type="stmt"/>
      <line num="500" count="2" type="stmt"/>
      <line num="501" count="2" type="stmt"/>
      <line num="505" count="1" type="stmt"/>
      <line num="506" count="2" type="stmt"/>
      <line num="507" count="1" type="stmt"/>
      <line num="511" count="1366" type="stmt"/>
      <line num="515" count="27959" type="stmt"/>
      <line num="516" count="5445" type="stmt"/>
      <line num="517" count="5445" type="stmt"/>
      <line num="518" count="5445" type="stmt"/>
      <line num="522" count="579" type="cond" truecount="2" falsecount="0"/>
      <line num="523" count="1" type="stmt"/>
      <line num="525" count="578" type="cond" truecount="4" falsecount="0"/>
      <line num="526" count="36" type="stmt"/>
      <line num="528" count="542" type="stmt"/>
      <line num="531" count="47" type="cond" truecount="2" falsecount="0"/>
      <line num="538" count="592" type="stmt"/>
      <line num="539" count="592" type="stmt"/>
      <line num="540" count="592" type="stmt"/>
      <line num="541" count="592" type="stmt"/>
      <line num="542" count="2544" type="stmt"/>
      <line num="543" count="2544" type="stmt"/>
      <line num="544" count="2544" type="stmt"/>
      <line num="557" count="7" type="stmt"/>
      <line num="561" count="5" type="stmt"/>
      <line num="565" count="375" type="stmt"/>
      <line num="569" count="123" type="stmt"/>
      <line num="573" count="2" type="stmt"/>
      <line num="574" count="2" type="stmt"/>
      <line num="575" count="2" type="stmt"/>
      <line num="576" count="2" type="stmt"/>
      <line num="577" count="8" type="stmt"/>
      <line num="578" count="6" type="stmt"/>
      <line num="579" count="2" type="cond" truecount="2" falsecount="0"/>
      <line num="583" count="204" type="cond" truecount="2" falsecount="0"/>
      <line num="594" count="3" type="cond" truecount="2" falsecount="0"/>
      <line num="595" count="1" type="stmt"/>
      <line num="597" count="2" type="stmt"/>
      <line num="598" count="2" type="cond" truecount="2" falsecount="0"/>
      <line num="599" count="1" type="stmt"/>
      <line num="601" count="2" type="cond" truecount="1" falsecount="1"/>
      <line num="602" count="2" type="stmt"/>
      <line num="604" count="2" type="cond" truecount="1" falsecount="1"/>
      <line num="605" count="2" type="stmt"/>
      <line num="607" count="2" type="cond" truecount="2" falsecount="0"/>
      <line num="608" count="1" type="stmt"/>
      <line num="610" count="2" type="stmt"/>
      <line num="611" count="2" type="cond" truecount="2" falsecount="0"/>
      <line num="612" count="1" type="stmt"/>
      <line num="613" count="1" type="stmt"/>
      <line num="614" count="1" type="stmt"/>
      <line num="615" count="1" type="stmt"/>
      <line num="617" count="2" type="cond" truecount="2" falsecount="0"/>
      <line num="618" count="1" type="stmt"/>
      <line num="619" count="1" type="stmt"/>
      <line num="621" count="2" type="cond" truecount="1" falsecount="1"/>
      <line num="622" count="2" type="stmt"/>
      <line num="627" count="1" type="stmt"/>
      <line num="628" count="1" type="stmt"/>
      <line num="629" count="1" type="stmt"/>
      <line num="630" count="1" type="stmt"/>
      <line num="631" count="1" type="stmt"/>
      <line num="632" count="1" type="stmt"/>
      <line num="636" count="144" type="stmt"/>
      <line num="637" count="144" type="cond" truecount="2" falsecount="0"/>
      <line num="638" count="118" type="stmt"/>
      <line num="640" count="26" type="stmt"/>
      <line num="641" count="26" type="cond" truecount="2" falsecount="0"/>
      <line num="642" count="5" type="stmt"/>
      <line num="644" count="21" type="stmt"/>
      <line num="645" count="21" type="stmt"/>
      <line num="646" count="21" type="stmt"/>
      <line num="647" count="21" type="stmt"/>
      <line num="648" count="298" type="stmt"/>
      <line num="649" count="298" type="stmt"/>
      <line num="650" count="298" type="cond" truecount="2" falsecount="0"/>
      <line num="651" count="53" type="stmt"/>
      <line num="654" count="25" type="stmt"/>
      <line num="655" count="21" type="cond" truecount="2" falsecount="0"/>
      <line num="656" count="8" type="stmt"/>
      <line num="658" count="13" type="stmt"/>
      <line num="662" count="38" type="stmt"/>
      <line num="663" count="38" type="cond" truecount="2" falsecount="0"/>
      <line num="664" count="37" type="stmt"/>
      <line num="665" count="408" type="stmt"/>
      <line num="666" count="37" type="cond" truecount="2" falsecount="0"/>
      <line num="667" count="3" type="stmt"/>
      <line num="669" count="34" type="stmt"/>
      <line num="670" count="475" type="stmt"/>
      <line num="671" count="475" type="stmt"/>
      <line num="672" count="475" type="stmt"/>
      <line num="673" count="475" type="cond" truecount="2" falsecount="0"/>
      <line num="674" count="475" type="cond" truecount="2" falsecount="0"/>
      <line num="675" count="4" type="stmt"/>
      <line num="679" count="31" type="stmt"/>
      <line num="683" count="2" type="stmt"/>
      <line num="684" count="2" type="stmt"/>
      <line num="685" count="2" type="stmt"/>
      <line num="686" count="2" type="stmt"/>
      <line num="690" count="1" type="stmt"/>
      <line num="691" count="6" type="stmt"/>
      <line num="692" count="6" type="stmt"/>
      <line num="693" count="6" type="cond" truecount="2" falsecount="0"/>
      <line num="694" count="1" type="stmt"/>
      <line num="695" count="1" type="stmt"/>
      <line num="698" count="1" type="stmt"/>
      <line num="702" count="7" type="stmt"/>
      <line num="706" count="5" type="stmt"/>
      <line num="710" count="3" type="stmt"/>
      <line num="711" count="3" type="stmt"/>
      <line num="712" count="3" type="stmt"/>
      <line num="713" count="3" type="stmt"/>
      <line num="714" count="31" type="stmt"/>
      <line num="715" count="31" type="stmt"/>
      <line num="716" count="31" type="cond" truecount="1" falsecount="1"/>
      <line num="717" count="0" type="stmt"/>
      <line num="718" count="0" type="stmt"/>
      <line num="719" count="0" type="stmt"/>
      <line num="721" count="31" type="cond" truecount="2" falsecount="0"/>
      <line num="722" count="21" type="stmt"/>
      <line num="723" count="21" type="stmt"/>
      <line num="724" count="21" type="stmt"/>
      <line num="725" count="42" type="stmt"/>
      <line num="726" count="21" type="stmt"/>
      <line num="727" count="21" type="stmt"/>
      <line num="728" count="21" type="stmt"/>
      <line num="729" count="21" type="stmt"/>
      <line num="731" count="10" type="cond" truecount="1" falsecount="1"/>
      <line num="732" count="10" type="stmt"/>
      <line num="735" count="3" type="stmt"/>
      <line num="739" count="4" type="stmt"/>
      <line num="740" count="4" type="stmt"/>
      <line num="741" count="61" type="cond" truecount="2" falsecount="0"/>
      <line num="742" count="15" type="stmt"/>
      <line num="744" count="61" type="cond" truecount="2" falsecount="0"/>
      <line num="745" count="60" type="stmt"/>
      <line num="747" count="61" type="cond" truecount="2" falsecount="0"/>
      <line num="752" count="305" type="cond" truecount="2" falsecount="0"/>
      <line num="753" count="193" type="stmt"/>
      <line num="755" count="112" type="cond" truecount="2" falsecount="0"/>
      <line num="756" count="55" type="stmt"/>
      <line num="758" count="57" type="cond" truecount="3" falsecount="1"/>
      <line num="759" count="0" type="stmt"/>
      <line num="761" count="57" type="cond" truecount="2" falsecount="0"/>
      <line num="766" count="1" type="stmt"/>
      <line num="768" count="1" type="stmt"/>
      <line num="769" count="1" type="stmt"/>
      <line num="770" count="1" type="stmt"/>
      <line num="771" count="10" type="stmt"/>
      <line num="772" count="10" type="cond" truecount="2" falsecount="0"/>
      <line num="773" count="5" type="stmt"/>
      <line num="776" count="1" type="stmt"/>
      <line num="781" count="76" type="stmt"/>
      <line num="782" count="76" type="stmt"/>
      <line num="783" count="76" type="cond" truecount="1" falsecount="1"/>
      <line num="784" count="0" type="stmt"/>
      <line num="786" count="76" type="cond" truecount="2" falsecount="0"/>
      <line num="787" count="20" type="stmt"/>
      <line num="789" count="56" type="stmt"/>
      <line num="791" count="0" type="stmt"/>
      <line num="796" count="13" type="stmt"/>
      <line num="800" count="13" type="stmt"/>
      <line num="804" count="5" type="stmt"/>
      <line num="805" count="5" type="cond" truecount="1" falsecount="1"/>
      <line num="806" count="16" type="cond" truecount="3" falsecount="1"/>
      <line num="807" count="5" type="stmt"/>
      <line num="808" count="16" type="stmt"/>
      <line num="809" count="73" type="cond" truecount="2" falsecount="0"/>
      <line num="810" count="15" type="stmt"/>
      <line num="812" count="58" type="stmt"/>
      <line num="813" count="58" type="cond" truecount="2" falsecount="0"/>
      <line num="814" count="3" type="cond" truecount="2" falsecount="0"/>
      <line num="815" count="2" type="cond" truecount="1" falsecount="1"/>
      <line num="816" count="0" type="stmt"/>
      <line num="818" count="2" type="stmt"/>
      <line num="823" count="5" type="stmt"/>
      <line num="825" count="5" type="stmt"/>
      <line num="829" count="204" type="stmt"/>
      <line num="830" count="204" type="cond" truecount="2" falsecount="0"/>
      <line num="834" count="105" type="stmt"/>
      <line num="835" count="105" type="cond" truecount="2" falsecount="0"/>
      <line num="839" count="35" type="stmt"/>
      <line num="840" count="35" type="stmt"/>
      <line num="841" count="35" type="stmt"/>
      <line num="842" count="35" type="stmt"/>
      <line num="843" count="35" type="stmt"/>
      <line num="844" count="48" type="stmt"/>
      <line num="845" count="48" type="cond" truecount="2" falsecount="0"/>
      <line num="846" count="27" type="stmt"/>
      <line num="847" count="27" type="stmt"/>
      <line num="850" count="35" type="cond" truecount="2" falsecount="0"/>
      <line num="851" count="15" type="stmt"/>
      <line num="852" count="15" type="stmt"/>
      <line num="853" count="15" type="stmt"/>
      <line num="854" count="15" type="stmt"/>
      <line num="856" count="20" type="stmt"/>
      <line num="860" count="3" type="stmt"/>
      <line num="861" count="3" type="stmt"/>
      <line num="862" count="3" type="stmt"/>
      <line num="863" count="12" type="stmt"/>
      <line num="864" count="12" type="stmt"/>
      <line num="869" count="8" type="stmt"/>
      <line num="870" count="8" type="cond" truecount="1" falsecount="1"/>
      <line num="871" count="0" type="stmt"/>
      <line num="873" count="8" type="stmt"/>
      <line num="874" count="8" type="cond" truecount="1" falsecount="1"/>
      <line num="875" count="0" type="stmt"/>
      <line num="877" count="8" type="stmt"/>
      <line num="878" count="8" type="stmt"/>
      <line num="879" count="8" type="stmt"/>
      <line num="880" count="130" type="stmt"/>
      <line num="881" count="130" type="stmt"/>
      <line num="882" count="130" type="stmt"/>
      <line num="883" count="130" type="stmt"/>
      <line num="884" count="130" type="stmt"/>
      <line num="886" count="130" type="cond" truecount="2" falsecount="0"/>
      <line num="887" count="49" type="stmt"/>
      <line num="889" count="81" type="stmt"/>
      <line num="894" count="8" type="stmt"/>
      <line num="895" count="8" type="stmt"/>
      <line num="897" count="8" type="stmt"/>
      <line num="899" count="8" type="cond" truecount="2" falsecount="0"/>
      <line num="900" count="2" type="stmt"/>
      <line num="901" count="6" type="cond" truecount="1" falsecount="1"/>
      <line num="902" count="6" type="stmt"/>
      <line num="904" count="0" type="stmt"/>
      <line num="907" count="8" type="stmt"/>
      <line num="911" count="102" type="stmt"/>
      <line num="912" count="102" type="stmt"/>
      <line num="913" count="102" type="stmt"/>
      <line num="914" count="102" type="stmt"/>
      <line num="915" count="102" type="cond" truecount="2" falsecount="0"/>
      <line num="916" count="13" type="stmt"/>
      <line num="917" count="89" type="cond" truecount="2" falsecount="0"/>
      <line num="918" count="76" type="stmt"/>
      <line num="919" count="13" type="cond" truecount="1" falsecount="1"/>
      <line num="920" count="13" type="stmt"/>
      <line num="922" count="0" type="stmt"/>
      <line num="926" count="102" type="stmt"/>
      <line num="927" count="102" type="cond" truecount="1" falsecount="1"/>
      <line num="928" count="102" type="stmt"/>
      <line num="929" count="102" type="cond" truecount="2" falsecount="0"/>
      <line num="930" count="101" type="stmt"/>
      <line num="932" count="971" type="stmt"/>
      <line num="933" count="971" type="stmt"/>
      <line num="934" count="971" type="stmt"/>
      <line num="935" count="971" type="cond" truecount="2" falsecount="0"/>
      <line num="936" count="347" type="cond" truecount="2" falsecount="0"/>
      <line num="937" count="247" type="stmt"/>
      <line num="938" count="247" type="cond" truecount="2" falsecount="0"/>
      <line num="939" count="74" type="stmt"/>
      <line num="943" count="624" type="stmt"/>
      <line num="945" count="971" type="stmt"/>
      <line num="949" count="101" type="cond" truecount="5" falsecount="0"/>
      <line num="950" count="62" type="stmt"/>
      <line num="951" count="131" type="stmt"/>
      <line num="952" count="325" type="cond" truecount="4" falsecount="0"/>
      <line num="953" count="2" type="stmt"/>
      <line num="954" count="2" type="stmt"/>
      <line num="955" count="4" type="stmt"/>
      <line num="956" count="2" type="stmt"/>
      <line num="958" count="323" type="cond" truecount="1" falsecount="1"/>
      <line num="959" count="0" type="stmt"/>
      <line num="962" count="131" type="cond" truecount="2" falsecount="0"/>
      <line num="963" count="2" type="stmt"/>
      <line num="967" count="173" type="stmt"/>
      <line num="968" count="101" type="stmt"/>
      <line num="969" count="156" type="stmt"/>
      <line num="970" count="286" type="cond" truecount="2" falsecount="0"/>
      <line num="971" count="35" type="stmt"/>
      <line num="973" count="251" type="cond" truecount="2" falsecount="0"/>
      <line num="974" count="130" type="cond" truecount="2" falsecount="0"/>
      <line num="975" count="14" type="stmt"/>
      <line num="976" count="55" type="stmt"/>
      <line num="980" count="156" type="cond" truecount="2" falsecount="0"/>
      <line num="981" count="40" type="stmt"/>
      <line num="984" count="101" type="cond" truecount="2" falsecount="0"/>
      <line num="985" count="3" type="stmt"/>
      <line num="987" count="98" type="cond" truecount="2" falsecount="0"/>
      <line num="988" count="40" type="stmt"/>
      <line num="990" count="116" type="stmt"/>
      <line num="993" count="1" type="stmt"/>
    </file>
    <file name="FastSearch.ts" path="/home/runner/work/DGeoUtils/DGeoUtils/src/FastSearch.ts">
      <metrics statements="13" coveredstatements="13" conditionals="12" coveredconditionals="11" methods="3" coveredmethods="3"/>
      <line num="3" count="7" type="stmt"/>
      <line num="4" count="5" type="stmt"/>
      <line num="7" count="6" type="stmt"/>
      <line num="8" count="59" type="cond" truecount="2" falsecount="0"/>
      <line num="9" count="14" type="stmt"/>
      <line num="11" count="59" type="cond" truecount="1" falsecount="1"/>
      <line num="12" count="59" type="stmt"/>
      <line num="14" count="59" type="cond" truecount="2" falsecount="0"/>
      <line num="19" count="19" type="cond" truecount="2" falsecount="0"/>
      <line num="20" count="2" type="stmt"/>
      <line num="22" count="17" type="cond" truecount="2" falsecount="0"/>
      <line num="23" count="2" type="stmt"/>
      <line num="25" count="15" type="cond" truecount="2" falsecount="0"/>
    </file>
    <file name="TraceMatrix.ts" path="/home/runner/work/DGeoUtils/DGeoUtils/src/TraceMatrix.ts">
      <metrics statements="137" coveredstatements="129" conditionals="59" coveredconditionals="52" methods="30" coveredmethods="27"/>
      <line num="1" count="7" type="stmt"/>
      <line num="2" count="7" type="stmt"/>
      <line num="3" count="7" type="stmt"/>
      <line num="5" count="143" type="cond" truecount="0" falsecount="1"/>
      <line num="8" count="1430" type="stmt"/>
      <line num="10" count="7" type="cond" truecount="2" falsecount="0"/>
      <line num="11" count="7" type="stmt"/>
      <line num="12" count="7" type="stmt"/>
      <line num="17" count="7" type="stmt"/>
      <line num="22" count="3856" type="cond" truecount="4" falsecount="0"/>
      <line num="23" count="480" type="stmt"/>
      <line num="25" count="3376" type="stmt"/>
      <line num="28" count="7" type="stmt"/>
      <line num="29" count="300" type="cond" truecount="3" falsecount="1"/>
      <line num="30" count="0" type="stmt"/>
      <line num="32" count="300" type="stmt"/>
      <line num="33" count="300" type="stmt"/>
      <line num="36" count="7" type="stmt"/>
      <line num="41" count="2" type="stmt"/>
      <line num="42" count="2" type="stmt"/>
      <line num="46" count="2" type="stmt"/>
      <line num="47" count="3" type="stmt"/>
      <line num="48" count="2" type="stmt"/>
      <line num="49" count="3" type="cond" truecount="2" falsecount="0"/>
      <line num="50" count="3" type="cond" truecount="2" falsecount="0"/>
      <line num="51" count="0" type="stmt"/>
      <line num="53" count="2" type="stmt"/>
      <line num="54" count="3" type="stmt"/>
      <line num="55" count="3" type="cond" truecount="3" falsecount="1"/>
      <line num="56" count="0" type="stmt"/>
      <line num="58" count="3" type="stmt"/>
      <line num="63" count="3" type="stmt"/>
      <line num="65" count="300" type="cond" truecount="2" falsecount="0"/>
      <line num="69" count="2" type="stmt"/>
      <line num="70" count="5" type="stmt"/>
      <line num="71" count="5" type="cond" truecount="3" falsecount="1"/>
      <line num="72" count="5" type="stmt"/>
      <line num="73" count="5" type="stmt"/>
      <line num="74" count="500" type="stmt"/>
      <line num="75" count="5" type="stmt"/>
      <line num="76" count="5" type="stmt"/>
      <line num="77" count="58" type="stmt"/>
      <line num="78" count="58" type="stmt"/>
      <line num="79" count="174" type="stmt"/>
      <line num="80" count="522" type="stmt"/>
      <line num="81" count="522" type="cond" truecount="2" falsecount="0"/>
      <line num="85" count="53" type="stmt"/>
      <line num="86" count="53" type="stmt"/>
      <line num="90" count="58" type="stmt"/>
      <line num="93" count="5" type="stmt"/>
      <line num="97" count="19" type="stmt"/>
      <line num="98" count="19" type="stmt"/>
      <line num="99" count="19" type="stmt"/>
      <line num="100" count="35" type="stmt"/>
      <line num="101" count="194" type="cond" truecount="4" falsecount="0"/>
      <line num="102" count="14" type="stmt"/>
      <line num="103" count="14" type="stmt"/>
      <line num="104" count="14" type="stmt"/>
      <line num="105" count="14" type="stmt"/>
      <line num="107" count="180" type="cond" truecount="2" falsecount="0"/>
      <line num="108" count="19" type="stmt"/>
      <line num="112" count="0" type="stmt"/>
      <line num="116" count="8" type="stmt"/>
      <line num="117" count="8" type="stmt"/>
      <line num="118" count="8" type="stmt"/>
      <line num="119" count="80" type="stmt"/>
      <line num="120" count="800" type="cond" truecount="2" falsecount="0"/>
      <line num="121" count="87" type="stmt"/>
      <line num="125" count="8" type="stmt"/>
      <line num="128" count="2" type="stmt"/>
      <line num="129" count="4" type="stmt"/>
      <line num="130" count="4" type="cond" truecount="1" falsecount="1"/>
      <line num="131" count="0" type="stmt"/>
      <line num="133" count="4" type="stmt"/>
      <line num="134" count="4" type="stmt"/>
      <line num="135" count="4" type="stmt"/>
      <line num="136" count="4" type="stmt"/>
      <line num="137" count="4" type="stmt"/>
      <line num="138" count="4" type="stmt"/>
      <line num="139" count="4" type="stmt"/>
      <line num="140" count="1" type="stmt"/>
      <line num="141" count="1" type="cond" truecount="2" falsecount="0"/>
      <line num="142" count="14" type="stmt"/>
      <line num="144" count="1" type="stmt"/>
      <line num="145" count="1" type="stmt"/>
      <line num="146" count="1" type="stmt"/>
      <line num="147" count="1" type="stmt"/>
      <line num="148" count="1" type="stmt"/>
      <line num="150" count="5" type="stmt"/>
      <line num="153" count="2" type="stmt"/>
      <line num="154" count="3" type="stmt"/>
      <line num="165" count="266" type="stmt"/>
      <line num="166" count="119" type="stmt"/>
      <line num="168" count="3" type="cond" truecount="1" falsecount="1"/>
      <line num="169" count="0" type="stmt"/>
      <line num="170" count="0" type="stmt"/>
      <line num="172" count="3" type="stmt"/>
      <line num="173" count="3" type="stmt"/>
      <line num="174" count="3" type="stmt"/>
      <line num="176" count="3" type="stmt"/>
      <line num="178" count="3" type="cond" truecount="2" falsecount="0"/>
      <line num="180" count="49" type="stmt"/>
      <line num="181" count="168" type="stmt"/>
      <line num="182" count="168" type="stmt"/>
      <line num="183" count="168" type="cond" truecount="4" falsecount="0"/>
      <line num="184" count="49" type="stmt"/>
      <line num="186" count="119" type="stmt"/>
      <line num="188" count="49" type="cond" truecount="2" falsecount="0"/>
      <line num="189" count="22" type="stmt"/>
      <line num="190" count="22" type="stmt"/>
      <line num="192" count="49" type="stmt"/>
      <line num="193" count="49" type="stmt"/>
      <line num="196" count="3" type="stmt"/>
      <line num="199" count="2" type="stmt"/>
      <line num="200" count="3" type="stmt"/>
      <line num="207" count="3" type="stmt"/>
      <line num="208" count="3" type="stmt"/>
      <line num="209" count="300" type="cond" truecount="2" falsecount="0"/>
      <line num="210" count="3" type="stmt"/>
      <line num="211" count="3" type="stmt"/>
      <line num="212" count="30" type="stmt"/>
      <line num="213" count="30" type="stmt"/>
      <line num="215" count="3" type="stmt"/>
      <line num="216" count="30" type="stmt"/>
      <line num="217" count="30" type="stmt"/>
      <line num="219" count="3" type="stmt"/>
      <line num="220" count="362" type="stmt"/>
      <line num="221" count="362" type="stmt"/>
      <line num="222" count="1448" type="stmt"/>
      <line num="223" count="1448" type="stmt"/>
      <line num="224" count="1448" type="cond" truecount="2" falsecount="0"/>
      <line num="225" count="242" type="stmt"/>
      <line num="226" count="242" type="stmt"/>
      <line num="231" count="3" type="stmt"/>
      <line num="232" count="3" type="cond" truecount="2" falsecount="0"/>
      <line num="235" count="0" type="cond" truecount="0" falsecount="1"/>
      <line num="236" count="1300" type="stmt"/>
    </file>
    <file name="index.ts" path="/home/runner/work/DGeoUtils/DGeoUtils/src/index.ts">
      <metrics statements="7" coveredstatements="7" conditionals="0" coveredconditionals="0" methods="0" coveredmethods="0"/>
      <line num="1" count="7" type="stmt"/>
      <line num="2" count="7" type="stmt"/>
      <line num="3" count="7" type="stmt"/>
      <line num="4" count="7" type="stmt"/>
      <line num="5" count="7" type="stmt"/>
      <line num="6" count="7" type="stmt"/>
      <line num="7" count="7" type="stmt"/>
    </file>
  </project>
</coverage>
