{"total": {"lines":{"total":1173,"covered":1137,"skipped":0,"pct":96.93},"statements":{"total":1265,"covered":1220,"skipped":0,"pct":96.44},"functions":{"total":311,"covered":297,"skipped":0,"pct":95.5},"branches":{"total":556,"covered":501,"skipped":0,"pct":90.11}}
,"/home/runner/work/DGeoUtils/DGeoUtils/src/DCircle.ts": {"lines":{"total":56,"covered":56,"skipped":0,"pct":100},"functions":{"total":9,"covered":9,"skipped":0,"pct":100},"statements":{"total":58,"covered":58,"skipped":0,"pct":100},"branches":{"total":18,"covered":18,"skipped":0,"pct":100}}
,"/home/runner/work/DGeoUtils/DGeoUtils/src/DLine.ts": {"lines":{"total":156,"covered":154,"skipped":0,"pct":98.72},"functions":{"total":25,"covered":25,"skipped":0,"pct":100},"statements":{"total":156,"covered":154,"skipped":0,"pct":98.72},"branches":{"total":104,"covered":96,"skipped":0,"pct":92.31}}
,"/home/runner/work/DGeoUtils/DGeoUtils/src/DNumbers.ts": {"lines":{"total":9,"covered":9,"skipped":0,"pct":100},"functions":{"total":6,"covered":6,"skipped":0,"pct":100},"statements":{"total":9,"covered":9,"skipped":0,"pct":100},"branches":{"total":1,"covered":1,"skipped":0,"pct":100}}
,"/home/runner/work/DGeoUtils/DGeoUtils/src/DPoint.ts": {"lines":{"total":223,"covered":223,"skipped":0,"pct":100},"functions":{"total":69,"covered":69,"skipped":0,"pct":100},"statements":{"total":223,"covered":223,"skipped":0,"pct":100},"branches":{"total":102,"covered":101,"skipped":0,"pct":99.02}}
,"/home/runner/work/DGeoUtils/DGeoUtils/src/DPolygon.ts": {"lines":{"total":536,"covered":519,"skipped":0,"pct":96.83},"functions":{"total":154,"covered":146,"skipped":0,"pct":94.81},"statements":{"total":602,"covered":577,"skipped":0,"pct":95.85},"branches":{"total":244,"covered":215,"skipped":0,"pct":88.11}}
,"/home/runner/work/DGeoUtils/DGeoUtils/src/FastSearch.ts": {"lines":{"total":13,"covered":13,"skipped":0,"pct":100},"functions":{"total":3,"covered":3,"skipped":0,"pct":100},"statements":{"total":13,"covered":13,"skipped":0,"pct":100},"branches":{"total":12,"covered":11,"skipped":0,"pct":91.67}}
,"/home/runner/work/DGeoUtils/DGeoUtils/src/TraceMatrix.ts": {"lines":{"total":137,"covered":129,"skipped":0,"pct":94.16},"functions":{"total":30,"covered":27,"skipped":0,"pct":90},"statements":{"total":156,"covered":147,"skipped":0,"pct":94.23},"branches":{"total":59,"covered":52,"skipped":0,"pct":88.14}}
,"/home/runner/work/DGeoUtils/DGeoUtils/src/index.ts": {"lines":{"total":8,"covered":8,"skipped":0,"pct":100},"functions":{"total":0,"covered":0,"skipped":0,"pct":100},"statements":{"total":8,"covered":8,"skipped":0,"pct":100},"branches":{"total":0,"covered":0,"skipped":0,"pct":100}}
,"/home/runner/work/DGeoUtils/DGeoUtils/src/utils.ts": {"lines":{"total":35,"covered":26,"skipped":0,"pct":74.29},"functions":{"total":15,"covered":12,"skipped":0,"pct":80},"statements":{"total":40,"covered":31,"skipped":0,"pct":77.5},"branches":{"total":16,"covered":7,"skipped":0,"pct":43.75}}
}
