{"/home/runner/work/DGeoUtils/DGeoUtils/src/DCircle.ts": {"path":"/home/runner/work/DGeoUtils/DGeoUtils/src/DCircle.ts","statementMap":{"0":{"start":{"line":1,"column":0},"end":{"line":1,"column":56}},"1":{"start":{"line":2,"column":0},"end":{"line":2,"column":36}},"2":{"start":{"line":3,"column":0},"end":{"line":3,"column":36}},"3":{"start":{"line":6,"column":2},"end":{"line":6,"column":33}},"4":{"start":{"line":7,"column":2},"end":{"line":7,"column":16}},"5":{"start":{"line":10,"column":4},"end":{"line":10,"column":15}},"6":{"start":{"line":11,"column":4},"end":{"line":11,"column":25}},"7":{"start":{"line":15,"column":4},"end":{"line":15,"column":52}},"8":{"start":{"line":19,"column":4},"end":{"line":19,"column":44}},"9":{"start":{"line":23,"column":4},"end":{"line":23,"column":44}},"10":{"start":{"line":31,"column":4},"end":{"line":33,"column":null}},"11":{"start":{"line":32,"column":6},"end":{"line":32,"column":22}},"12":{"start":{"line":37,"column":8},"end":{"line":37,"column":12}},"13":{"start":{"line":41,"column":8},"end":{"line":41,"column":9}},"14":{"start":{"line":43,"column":16},"end":{"line":43,"column":23}},"15":{"start":{"line":45,"column":14},"end":{"line":45,"column":44}},"16":{"start":{"line":46,"column":14},"end":{"line":46,"column":47}},"17":{"start":{"line":47,"column":14},"end":{"line":47,"column":36}},"18":{"start":{"line":49,"column":15},"end":{"line":49,"column":20}},"19":{"start":{"line":50,"column":15},"end":{"line":50,"column":22}},"20":{"start":{"line":51,"column":15},"end":{"line":51,"column":22}},"21":{"start":{"line":52,"column":15},"end":{"line":52,"column":20}},"22":{"start":{"line":54,"column":15},"end":{"line":54,"column":34}},"23":{"start":{"line":55,"column":15},"end":{"line":55,"column":34}},"24":{"start":{"line":57,"column":16},"end":{"line":57,"column":28}},"25":{"start":{"line":58,"column":16},"end":{"line":58,"column":28}},"26":{"start":{"line":59,"column":16},"end":{"line":59,"column":28}},"27":{"start":{"line":60,"column":16},"end":{"line":60,"column":28}},"28":{"start":{"line":62,"column":16},"end":{"line":62,"column":18}},"29":{"start":{"line":63,"column":4},"end":{"line":65,"column":null}},"30":{"start":{"line":64,"column":6},"end":{"line":64,"column":37}},"31":{"start":{"line":66,"column":4},"end":{"line":68,"column":null}},"32":{"start":{"line":67,"column":6},"end":{"line":67,"column":37}},"33":{"start":{"line":69,"column":4},"end":{"line":69,"column":15}},"34":{"start":{"line":73,"column":4},"end":{"line":73,"column":53}},"35":{"start":{"line":77,"column":21},"end":{"line":77,"column":45}},"36":{"start":{"line":78,"column":29},"end":{"line":78,"column":31}},"37":{"start":{"line":79,"column":4},"end":{"line":84,"column":null}},"38":{"start":{"line":79,"column":17},"end":{"line":79,"column":18}},"39":{"start":{"line":80,"column":20},"end":{"line":80,"column":32}},"40":{"start":{"line":81,"column":16},"end":{"line":81,"column":56}},"41":{"start":{"line":82,"column":16},"end":{"line":82,"column":56}},"42":{"start":{"line":83,"column":6},"end":{"line":83,"column":36}},"43":{"start":{"line":85,"column":4},"end":{"line":85,"column":48}},"44":{"start":{"line":89,"column":16},"end":{"line":89,"column":30}},"45":{"start":{"line":90,"column":4},"end":{"line":92,"column":null}},"46":{"start":{"line":90,"column":17},"end":{"line":90,"column":18}},"47":{"start":{"line":91,"column":6},"end":{"line":91,"column":64}},"48":{"start":{"line":93,"column":4},"end":{"line":93,"column":15}},"49":{"start":{"line":97,"column":17},"end":{"line":97,"column":48}},"50":{"start":{"line":98,"column":17},"end":{"line":98,"column":48}},"51":{"start":{"line":99,"column":17},"end":{"line":99,"column":37}},"52":{"start":{"line":100,"column":16},"end":{"line":101,"column":58}},"53":{"start":{"line":103,"column":6},"end":{"line":106,"column":null}},"54":{"start":{"line":108,"column":4},"end":{"line":108,"column":68}},"55":{"start":{"line":5,"column":0},"end":{"line":5,"column":13}}},"fnMap":{"0":{"name":"(anonymous_0)","decl":{"start":{"line":9,"column":2},"end":{"line":9,"column":14}},"loc":{"start":{"line":9,"column":39},"end":{"line":12,"column":3}}},"1":{"name":"(anonymous_1)","decl":{"start":{"line":14,"column":2},"end":{"line":14,"column":10}},"loc":{"start":{"line":14,"column":10},"end":{"line":16,"column":3}}},"2":{"name":"(anonymous_2)","decl":{"start":{"line":18,"column":2},"end":{"line":18,"column":10}},"loc":{"start":{"line":18,"column":10},"end":{"line":20,"column":3}}},"3":{"name":"(anonymous_3)","decl":{"start":{"line":22,"column":2},"end":{"line":22,"column":7}},"loc":{"start":{"line":22,"column":7},"end":{"line":24,"column":3}}},"4":{"name":"(anonymous_4)","decl":{"start":{"line":30,"column":2},"end":{"line":30,"column":12}},"loc":{"start":{"line":30,"column":23},"end":{"line":70,"column":3}}},"5":{"name":"(anonymous_5)","decl":{"start":{"line":72,"column":2},"end":{"line":72,"column":7}},"loc":{"start":{"line":72,"column":28},"end":{"line":74,"column":3}}},"6":{"name":"(anonymous_6)","decl":{"start":{"line":76,"column":2},"end":{"line":76,"column":19}},"loc":{"start":{"line":76,"column":43},"end":{"line":86,"column":3}}},"7":{"name":"(anonymous_7)","decl":{"start":{"line":88,"column":2},"end":{"line":88,"column":27}},"loc":{"start":{"line":88,"column":51},"end":{"line":94,"column":3}}},"8":{"name":"(anonymous_8)","decl":{"start":{"line":96,"column":10},"end":{"line":96,"column":22}},"loc":{"start":{"line":96,"column":76},"end":{"line":109,"column":3}}}},"branchMap":{"0":{"loc":{"start":{"line":31,"column":4},"end":{"line":33,"column":null}},"type":"if","locations":[{"start":{"line":31,"column":4},"end":{"line":33,"column":null}},{"start":{"line":31,"column":4},"end":{"line":33,"column":null}}]},"1":{"loc":{"start":{"line":63,"column":4},"end":{"line":65,"column":null}},"type":"if","locations":[{"start":{"line":63,"column":4},"end":{"line":65,"column":null}},{"start":{"line":63,"column":4},"end":{"line":65,"column":null}}]},"2":{"loc":{"start":{"line":63,"column":8},"end":{"line":63,"column":19}},"type":"binary-expr","locations":[{"start":{"line":63,"column":8},"end":{"line":63,"column":19}},{"start":{"line":63,"column":23},"end":{"line":63,"column":34}}]},"3":{"loc":{"start":{"line":66,"column":4},"end":{"line":68,"column":null}},"type":"if","locations":[{"start":{"line":66,"column":4},"end":{"line":68,"column":null}},{"start":{"line":66,"column":4},"end":{"line":68,"column":null}}]},"4":{"loc":{"start":{"line":66,"column":8},"end":{"line":66,"column":19}},"type":"binary-expr","locations":[{"start":{"line":66,"column":8},"end":{"line":66,"column":19}},{"start":{"line":66,"column":23},"end":{"line":66,"column":34}},{"start":{"line":66,"column":38},"end":{"line":66,"column":67}}]},"5":{"loc":{"start":{"line":66,"column":40},"end":{"line":66,"column":51}},"type":"binary-expr","locations":[{"start":{"line":66,"column":40},"end":{"line":66,"column":51}},{"start":{"line":66,"column":55},"end":{"line":66,"column":66}}]},"6":{"loc":{"start":{"line":73,"column":11},"end":{"line":73,"column":36}},"type":"binary-expr","locations":[{"start":{"line":73,"column":11},"end":{"line":73,"column":36}},{"start":{"line":73,"column":40},"end":{"line":73,"column":52}}]},"7":{"loc":{"start":{"line":76,"column":41},"end":{"line":76,"column":43}},"type":"default-arg","locations":[{"start":{"line":76,"column":41},"end":{"line":76,"column":43}}]},"8":{"loc":{"start":{"line":88,"column":49},"end":{"line":88,"column":51}},"type":"default-arg","locations":[{"start":{"line":88,"column":49},"end":{"line":88,"column":51}}]},"9":{"loc":{"start":{"line":96,"column":54},"end":{"line":96,"column":76}},"type":"default-arg","locations":[{"start":{"line":96,"column":54},"end":{"line":96,"column":76}}]}},"s":{"0":7,"1":7,"2":7,"3":49,"4":49,"5":49,"6":49,"7":5,"8":1,"9":1,"10":6,"11":1,"12":5,"13":5,"14":5,"15":5,"16":5,"17":5,"18":5,"19":5,"20":5,"21":5,"22":5,"23":5,"24":5,"25":5,"26":5,"27":5,"28":5,"29":5,"30":4,"31":5,"32":3,"33":5,"34":6,"35":1,"36":1,"37":1,"38":1,"39":64,"40":64,"41":64,"42":64,"43":1,"44":2,"45":2,"46":2,"47":128,"48":2,"49":128,"50":128,"51":128,"52":128,"53":128,"54":128,"55":7},"f":{"0":49,"1":5,"2":1,"3":1,"4":6,"5":6,"6":1,"7":2,"8":128},"b":{"0":[1,5],"1":[4,1],"2":[5,4],"3":[3,2],"4":[5,4,4],"5":[4,2],"6":[6,1],"7":[1],"8":[2],"9":[128]}}
,"/home/runner/work/DGeoUtils/DGeoUtils/src/DLine.ts": {"path":"/home/runner/work/DGeoUtils/DGeoUtils/src/DLine.ts","statementMap":{"0":{"start":{"line":1,"column":0},"end":{"line":1,"column":32}},"1":{"start":{"line":5,"column":2},"end":{"line":5,"column":16}},"2":{"start":{"line":6,"column":2},"end":{"line":6,"column":16}},"3":{"start":{"line":7,"column":2},"end":{"line":7,"column":16}},"4":{"start":{"line":8,"column":2},"end":{"line":8,"column":29}},"5":{"start":{"line":9,"column":2},"end":{"line":9,"column":29}},"6":{"start":{"line":12,"column":4},"end":{"line":12,"column":15}},"7":{"start":{"line":13,"column":4},"end":{"line":13,"column":15}},"8":{"start":{"line":14,"column":4},"end":{"line":14,"column":15}},"9":{"start":{"line":15,"column":4},"end":{"line":15,"column":17}},"10":{"start":{"line":16,"column":4},"end":{"line":16,"column":17}},"11":{"start":{"line":20,"column":4},"end":{"line":20,"column":79}},"12":{"start":{"line":24,"column":4},"end":{"line":24,"column":67}},"13":{"start":{"line":28,"column":30},"end":{"line":28,"column":55}},"14":{"start":{"line":29,"column":24},"end":{"line":29,"column":57}},"15":{"start":{"line":30,"column":4},"end":{"line":30,"column":36}},"16":{"start":{"line":34,"column":14},"end":{"line":34,"column":31}},"17":{"start":{"line":35,"column":4},"end":{"line":37,"column":null}},"18":{"start":{"line":36,"column":6},"end":{"line":36,"column":62}},"19":{"start":{"line":38,"column":4},"end":{"line":38,"column":16}},"20":{"start":{"line":42,"column":24},"end":{"line":42,"column":30}},"21":{"start":{"line":43,"column":16},"end":{"line":43,"column":46}},"22":{"start":{"line":44,"column":14},"end":{"line":44,"column":47}},"23":{"start":{"line":45,"column":19},"end":{"line":45,"column":37}},"24":{"start":{"line":46,"column":4},"end":{"line":48,"column":null}},"25":{"start":{"line":47,"column":6},"end":{"line":47,"column":19}},"26":{"start":{"line":49,"column":4},"end":{"line":51,"column":null}},"27":{"start":{"line":50,"column":6},"end":{"line":50,"column":19}},"28":{"start":{"line":52,"column":4},"end":{"line":86,"column":null}},"29":{"start":{"line":53,"column":24},"end":{"line":53,"column":28}},"30":{"start":{"line":54,"column":6},"end":{"line":71,"column":null}},"31":{"start":{"line":55,"column":19},"end":{"line":55,"column":37}},"32":{"start":{"line":56,"column":21},"end":{"line":56,"column":47}},"33":{"start":{"line":58,"column":8},"end":{"line":63,"column":null}},"34":{"start":{"line":59,"column":10},"end":{"line":59,"column":26}},"35":{"start":{"line":60,"column":21},"end":{"line":60,"column":52}},"36":{"start":{"line":61,"column":21},"end":{"line":61,"column":51}},"37":{"start":{"line":62,"column":10},"end":{"line":62,"column":26}},"38":{"start":{"line":65,"column":8},"end":{"line":70,"column":null}},"39":{"start":{"line":66,"column":10},"end":{"line":66,"column":26}},"40":{"start":{"line":67,"column":21},"end":{"line":67,"column":51}},"41":{"start":{"line":68,"column":21},"end":{"line":68,"column":52}},"42":{"start":{"line":69,"column":10},"end":{"line":69,"column":26}},"43":{"start":{"line":72,"column":6},"end":{"line":75,"column":null}},"44":{"start":{"line":73,"column":18},"end":{"line":73,"column":33}},"45":{"start":{"line":74,"column":8},"end":{"line":74,"column":61}},"46":{"start":{"line":76,"column":6},"end":{"line":79,"column":null}},"47":{"start":{"line":77,"column":18},"end":{"line":77,"column":33}},"48":{"start":{"line":78,"column":8},"end":{"line":78,"column":61}},"49":{"start":{"line":80,"column":16},"end":{"line":80,"column":29}},"50":{"start":{"line":81,"column":16},"end":{"line":81,"column":33}},"51":{"start":{"line":82,"column":19},"end":{"line":82,"column":35}},"52":{"start":{"line":83,"column":17},"end":{"line":83,"column":59}},"53":{"start":{"line":84,"column":17},"end":{"line":84,"column":59}},"54":{"start":{"line":85,"column":6},"end":{"line":85,"column":22}},"55":{"start":{"line":87,"column":4},"end":{"line":89,"column":null}},"56":{"start":{"line":88,"column":6},"end":{"line":88,"column":15}},"57":{"start":{"line":90,"column":4},"end":{"line":90,"column":16}},"58":{"start":{"line":94,"column":37},"end":{"line":94,"column":41}},"59":{"start":{"line":95,"column":19},"end":{"line":95,"column":20}},"60":{"start":{"line":96,"column":18},"end":{"line":96,"column":48}},"61":{"start":{"line":97,"column":18},"end":{"line":97,"column":48}},"62":{"start":{"line":98,"column":4},"end":{"line":98,"column":26}},"63":{"start":{"line":102,"column":4},"end":{"line":102,"column":42}},"64":{"start":{"line":106,"column":4},"end":{"line":106,"column":42}},"65":{"start":{"line":110,"column":4},"end":{"line":110,"column":42}},"66":{"start":{"line":114,"column":4},"end":{"line":114,"column":42}},"67":{"start":{"line":118,"column":4},"end":{"line":118,"column":47}},"68":{"start":{"line":122,"column":4},"end":{"line":122,"column":36}},"69":{"start":{"line":126,"column":4},"end":{"line":128,"column":null}},"70":{"start":{"line":127,"column":6},"end":{"line":127,"column":47}},"71":{"start":{"line":129,"column":4},"end":{"line":131,"column":null}},"72":{"start":{"line":130,"column":6},"end":{"line":130,"column":47}},"73":{"start":{"line":132,"column":4},"end":{"line":132,"column":69}},"74":{"start":{"line":136,"column":4},"end":{"line":138,"column":null}},"75":{"start":{"line":137,"column":6},"end":{"line":137,"column":47}},"76":{"start":{"line":139,"column":4},"end":{"line":141,"column":null}},"77":{"start":{"line":140,"column":6},"end":{"line":140,"column":47}},"78":{"start":{"line":142,"column":4},"end":{"line":142,"column":69}},"79":{"start":{"line":146,"column":4},"end":{"line":148,"column":null}},"80":{"start":{"line":147,"column":6},"end":{"line":147,"column":18}},"81":{"start":{"line":149,"column":4},"end":{"line":151,"column":null}},"82":{"start":{"line":150,"column":6},"end":{"line":150,"column":18}},"83":{"start":{"line":152,"column":4},"end":{"line":154,"column":null}},"84":{"start":{"line":153,"column":6},"end":{"line":153,"column":54}},"85":{"start":{"line":155,"column":4},"end":{"line":157,"column":null}},"86":{"start":{"line":156,"column":6},"end":{"line":156,"column":54}},"87":{"start":{"line":158,"column":4},"end":{"line":161,"column":null}},"88":{"start":{"line":159,"column":16},"end":{"line":159,"column":32}},"89":{"start":{"line":160,"column":6},"end":{"line":160,"column":32}},"90":{"start":{"line":162,"column":4},"end":{"line":165,"column":null}},"91":{"start":{"line":163,"column":16},"end":{"line":163,"column":32}},"92":{"start":{"line":164,"column":6},"end":{"line":164,"column":35}},"93":{"start":{"line":166,"column":4},"end":{"line":169,"column":null}},"94":{"start":{"line":167,"column":16},"end":{"line":167,"column":26}},"95":{"start":{"line":168,"column":6},"end":{"line":168,"column":35}},"96":{"start":{"line":170,"column":4},"end":{"line":173,"column":null}},"97":{"start":{"line":171,"column":16},"end":{"line":171,"column":26}},"98":{"start":{"line":172,"column":6},"end":{"line":172,"column":38}},"99":{"start":{"line":174,"column":16},"end":{"line":174,"column":97}},"100":{"start":{"line":175,"column":4},"end":{"line":177,"column":null}},"101":{"start":{"line":176,"column":6},"end":{"line":176,"column":18}},"102":{"start":{"line":178,"column":4},"end":{"line":178,"column":15}},"103":{"start":{"line":182,"column":4},"end":{"line":182,"column":48}},"104":{"start":{"line":186,"column":4},"end":{"line":186,"column":36}},"105":{"start":{"line":190,"column":4},"end":{"line":190,"column":36}},"106":{"start":{"line":194,"column":4},"end":{"line":194,"column":30}},"107":{"start":{"line":198,"column":21},"end":{"line":198,"column":39}},"108":{"start":{"line":199,"column":19},"end":{"line":199,"column":33}},"109":{"start":{"line":200,"column":4},"end":{"line":214,"column":null}},"110":{"start":{"line":201,"column":6},"end":{"line":205,"column":null}},"111":{"start":{"line":202,"column":8},"end":{"line":202,"column":17}},"112":{"start":{"line":203,"column":13},"end":{"line":205,"column":null}},"113":{"start":{"line":204,"column":8},"end":{"line":204,"column":37}},"114":{"start":{"line":206,"column":6},"end":{"line":206,"column":25}},"115":{"start":{"line":207,"column":11},"end":{"line":214,"column":null}},"116":{"start":{"line":208,"column":6},"end":{"line":212,"column":null}},"117":{"start":{"line":209,"column":8},"end":{"line":209,"column":17}},"118":{"start":{"line":210,"column":13},"end":{"line":212,"column":null}},"119":{"start":{"line":211,"column":8},"end":{"line":211,"column":42}},"120":{"start":{"line":213,"column":6},"end":{"line":213,"column":20}},"121":{"start":{"line":215,"column":4},"end":{"line":219,"column":null}},"122":{"start":{"line":216,"column":6},"end":{"line":216,"column":21}},"123":{"start":{"line":217,"column":11},"end":{"line":219,"column":null}},"124":{"start":{"line":218,"column":6},"end":{"line":218,"column":40}},"125":{"start":{"line":220,"column":4},"end":{"line":220,"column":18}},"126":{"start":{"line":227,"column":8},"end":{"line":227,"column":12}},"127":{"start":{"line":228,"column":4},"end":{"line":228,"column":51}},"128":{"start":{"line":232,"column":15},"end":{"line":232,"column":46}},"129":{"start":{"line":233,"column":15},"end":{"line":233,"column":44}},"130":{"start":{"line":234,"column":18},"end":{"line":234,"column":35}},"131":{"start":{"line":235,"column":18},"end":{"line":235,"column":35}},"132":{"start":{"line":236,"column":16},"end":{"line":236,"column":52}},"133":{"start":{"line":237,"column":16},"end":{"line":237,"column":52}},"134":{"start":{"line":238,"column":17},"end":{"line":238,"column":33}},"135":{"start":{"line":239,"column":17},"end":{"line":239,"column":33}},"136":{"start":{"line":240,"column":15},"end":{"line":240,"column":49}},"137":{"start":{"line":241,"column":15},"end":{"line":241,"column":49}},"138":{"start":{"line":242,"column":4},"end":{"line":244,"column":null}},"139":{"start":{"line":243,"column":6},"end":{"line":243,"column":16}},"140":{"start":{"line":245,"column":4},"end":{"line":245,"column":14}},"141":{"start":{"line":250,"column":6},"end":{"line":250,"column":119}},"142":{"start":{"line":251,"column":4},"end":{"line":255,"column":null}},"143":{"start":{"line":252,"column":6},"end":{"line":252,"column":14}},"144":{"start":{"line":253,"column":11},"end":{"line":255,"column":null}},"145":{"start":{"line":254,"column":6},"end":{"line":254,"column":15}},"146":{"start":{"line":256,"column":4},"end":{"line":256,"column":26}},"147":{"start":{"line":260,"column":14},"end":{"line":260,"column":41}},"148":{"start":{"line":261,"column":14},"end":{"line":261,"column":41}},"149":{"start":{"line":262,"column":14},"end":{"line":262,"column":41}},"150":{"start":{"line":263,"column":4},"end":{"line":263,"column":30}},"151":{"start":{"line":4,"column":0},"end":{"line":4,"column":13}}},"fnMap":{"0":{"name":"(anonymous_0)","decl":{"start":{"line":11,"column":2},"end":{"line":11,"column":14}},"loc":{"start":{"line":11,"column":113},"end":{"line":17,"column":3}}},"1":{"name":"(anonymous_1)","decl":{"start":{"line":19,"column":2},"end":{"line":19,"column":7}},"loc":{"start":{"line":19,"column":7},"end":{"line":21,"column":3}}},"2":{"name":"(anonymous_2)","decl":{"start":{"line":23,"column":2},"end":{"line":23,"column":19}},"loc":{"start":{"line":23,"column":29},"end":{"line":25,"column":3}}},"3":{"name":"(anonymous_3)","decl":{"start":{"line":27,"column":2},"end":{"line":27,"column":23}},"loc":{"start":{"line":27,"column":33},"end":{"line":31,"column":3}}},"4":{"name":"(anonymous_4)","decl":{"start":{"line":33,"column":2},"end":{"line":33,"column":14}},"loc":{"start":{"line":33,"column":38},"end":{"line":39,"column":3}}},"5":{"name":"(anonymous_5)","decl":{"start":{"line":41,"column":2},"end":{"line":41,"column":24}},"loc":{"start":{"line":41,"column":40},"end":{"line":91,"column":3}}},"6":{"name":"(anonymous_6)","decl":{"start":{"line":93,"column":2},"end":{"line":93,"column":9}},"loc":{"start":{"line":93,"column":34},"end":{"line":99,"column":3}}},"7":{"name":"(anonymous_7)","decl":{"start":{"line":101,"column":2},"end":{"line":101,"column":6}},"loc":{"start":{"line":101,"column":10},"end":{"line":103,"column":3}}},"8":{"name":"(anonymous_8)","decl":{"start":{"line":105,"column":2},"end":{"line":105,"column":6}},"loc":{"start":{"line":105,"column":10},"end":{"line":107,"column":3}}},"9":{"name":"(anonymous_9)","decl":{"start":{"line":109,"column":2},"end":{"line":109,"column":6}},"loc":{"start":{"line":109,"column":10},"end":{"line":111,"column":3}}},"10":{"name":"(anonymous_10)","decl":{"start":{"line":113,"column":2},"end":{"line":113,"column":6}},"loc":{"start":{"line":113,"column":10},"end":{"line":115,"column":3}}},"11":{"name":"(anonymous_11)","decl":{"start":{"line":117,"column":2},"end":{"line":117,"column":10}},"loc":{"start":{"line":117,"column":10},"end":{"line":119,"column":3}}},"12":{"name":"(anonymous_12)","decl":{"start":{"line":121,"column":2},"end":{"line":121,"column":10}},"loc":{"start":{"line":121,"column":10},"end":{"line":123,"column":3}}},"13":{"name":"(anonymous_13)","decl":{"start":{"line":125,"column":2},"end":{"line":125,"column":3}},"loc":{"start":{"line":125,"column":13},"end":{"line":133,"column":3}}},"14":{"name":"(anonymous_14)","decl":{"start":{"line":135,"column":2},"end":{"line":135,"column":3}},"loc":{"start":{"line":135,"column":13},"end":{"line":143,"column":3}}},"15":{"name":"(anonymous_15)","decl":{"start":{"line":145,"column":2},"end":{"line":145,"column":11}},"loc":{"start":{"line":145,"column":20},"end":{"line":179,"column":3}}},"16":{"name":"(anonymous_16)","decl":{"start":{"line":181,"column":2},"end":{"line":181,"column":6}},"loc":{"start":{"line":181,"column":16},"end":{"line":183,"column":3}}},"17":{"name":"(anonymous_17)","decl":{"start":{"line":185,"column":2},"end":{"line":185,"column":6}},"loc":{"start":{"line":185,"column":17},"end":{"line":187,"column":3}}},"18":{"name":"(anonymous_18)","decl":{"start":{"line":189,"column":2},"end":{"line":189,"column":6}},"loc":{"start":{"line":189,"column":17},"end":{"line":191,"column":3}}},"19":{"name":"(anonymous_19)","decl":{"start":{"line":193,"column":2},"end":{"line":193,"column":6}},"loc":{"start":{"line":193,"column":12},"end":{"line":195,"column":3}}},"20":{"name":"(anonymous_20)","decl":{"start":{"line":197,"column":2},"end":{"line":197,"column":7}},"loc":{"start":{"line":197,"column":7},"end":{"line":221,"column":3}}},"21":{"name":"(anonymous_21)","decl":{"start":{"line":223,"column":2},"end":{"line":223,"column":7}},"loc":{"start":{"line":223,"column":7},"end":{"line":229,"column":3}}},"22":{"name":"(anonymous_22)","decl":{"start":{"line":231,"column":2},"end":{"line":231,"column":11}},"loc":{"start":{"line":231,"column":32},"end":{"line":246,"column":3}}},"23":{"name":"(anonymous_23)","decl":{"start":{"line":248,"column":2},"end":{"line":248,"column":8}},"loc":{"start":{"line":248,"column":33},"end":{"line":257,"column":3}}},"24":{"name":"(anonymous_24)","decl":{"start":{"line":259,"column":2},"end":{"line":259,"column":15}},"loc":{"start":{"line":259,"column":24},"end":{"line":264,"column":3}}}},"branchMap":{"0":{"loc":{"start":{"line":11,"column":26},"end":{"line":11,"column":27}},"type":"default-arg","locations":[{"start":{"line":11,"column":26},"end":{"line":11,"column":27}}]},"1":{"loc":{"start":{"line":11,"column":41},"end":{"line":11,"column":42}},"type":"default-arg","locations":[{"start":{"line":11,"column":41},"end":{"line":11,"column":42}}]},"2":{"loc":{"start":{"line":11,"column":56},"end":{"line":11,"column":57}},"type":"default-arg","locations":[{"start":{"line":11,"column":56},"end":{"line":11,"column":57}}]},"3":{"loc":{"start":{"line":11,"column":72},"end":{"line":11,"column":85}},"type":"default-arg","locations":[{"start":{"line":11,"column":72},"end":{"line":11,"column":85}}]},"4":{"loc":{"start":{"line":11,"column":100},"end":{"line":11,"column":113}},"type":"default-arg","locations":[{"start":{"line":11,"column":100},"end":{"line":11,"column":113}}]},"5":{"loc":{"start":{"line":33,"column":37},"end":{"line":33,"column":38}},"type":"default-arg","locations":[{"start":{"line":33,"column":37},"end":{"line":33,"column":38}}]},"6":{"loc":{"start":{"line":35,"column":4},"end":{"line":37,"column":null}},"type":"if","locations":[{"start":{"line":35,"column":4},"end":{"line":37,"column":null}},{"start":{"line":35,"column":4},"end":{"line":37,"column":null}}]},"7":{"loc":{"start":{"line":36,"column":53},"end":{"line":36,"column":54}},"type":"cond-expr","locations":[{"start":{"line":36,"column":53},"end":{"line":36,"column":54}},{"start":{"line":36,"column":57},"end":{"line":36,"column":61}}]},"8":{"loc":{"start":{"line":36,"column":13},"end":{"line":36,"column":31}},"type":"binary-expr","locations":[{"start":{"line":36,"column":13},"end":{"line":36,"column":31}},{"start":{"line":36,"column":35},"end":{"line":36,"column":50}}]},"9":{"loc":{"start":{"line":46,"column":4},"end":{"line":48,"column":null}},"type":"if","locations":[{"start":{"line":46,"column":4},"end":{"line":48,"column":null}},{"start":{"line":46,"column":4},"end":{"line":48,"column":null}}]},"10":{"loc":{"start":{"line":49,"column":4},"end":{"line":51,"column":null}},"type":"if","locations":[{"start":{"line":49,"column":4},"end":{"line":51,"column":null}},{"start":{"line":49,"column":4},"end":{"line":51,"column":null}}]},"11":{"loc":{"start":{"line":52,"column":4},"end":{"line":86,"column":null}},"type":"if","locations":[{"start":{"line":52,"column":4},"end":{"line":86,"column":null}},{"start":{"line":52,"column":4},"end":{"line":86,"column":null}}]},"12":{"loc":{"start":{"line":54,"column":6},"end":{"line":71,"column":null}},"type":"if","locations":[{"start":{"line":54,"column":6},"end":{"line":71,"column":null}},{"start":{"line":54,"column":6},"end":{"line":71,"column":null}}]},"13":{"loc":{"start":{"line":58,"column":8},"end":{"line":63,"column":null}},"type":"if","locations":[{"start":{"line":58,"column":8},"end":{"line":63,"column":null}},{"start":{"line":58,"column":8},"end":{"line":63,"column":null}}]},"14":{"loc":{"start":{"line":65,"column":8},"end":{"line":70,"column":null}},"type":"if","locations":[{"start":{"line":65,"column":8},"end":{"line":70,"column":null}},{"start":{"line":65,"column":8},"end":{"line":70,"column":null}}]},"15":{"loc":{"start":{"line":72,"column":6},"end":{"line":75,"column":null}},"type":"if","locations":[{"start":{"line":72,"column":6},"end":{"line":75,"column":null}},{"start":{"line":72,"column":6},"end":{"line":75,"column":null}}]},"16":{"loc":{"start":{"line":76,"column":6},"end":{"line":79,"column":null}},"type":"if","locations":[{"start":{"line":76,"column":6},"end":{"line":79,"column":null}},{"start":{"line":76,"column":6},"end":{"line":79,"column":null}}]},"17":{"loc":{"start":{"line":87,"column":4},"end":{"line":89,"column":null}},"type":"if","locations":[{"start":{"line":87,"column":4},"end":{"line":89,"column":null}},{"start":{"line":87,"column":4},"end":{"line":89,"column":null}}]},"18":{"loc":{"start":{"line":93,"column":33},"end":{"line":93,"column":34}},"type":"default-arg","locations":[{"start":{"line":93,"column":33},"end":{"line":93,"column":34}}]},"19":{"loc":{"start":{"line":96,"column":18},"end":{"line":96,"column":31}},"type":"binary-expr","locations":[{"start":{"line":96,"column":18},"end":{"line":96,"column":31}},{"start":{"line":96,"column":35},"end":{"line":96,"column":48}}]},"20":{"loc":{"start":{"line":97,"column":18},"end":{"line":97,"column":31}},"type":"binary-expr","locations":[{"start":{"line":97,"column":18},"end":{"line":97,"column":31}},{"start":{"line":97,"column":35},"end":{"line":97,"column":48}}]},"21":{"loc":{"start":{"line":98,"column":11},"end":{"line":98,"column":16}},"type":"binary-expr","locations":[{"start":{"line":98,"column":11},"end":{"line":98,"column":16}},{"start":{"line":98,"column":20},"end":{"line":98,"column":25}}]},"22":{"loc":{"start":{"line":126,"column":4},"end":{"line":128,"column":null}},"type":"if","locations":[{"start":{"line":126,"column":4},"end":{"line":128,"column":null}},{"start":{"line":126,"column":4},"end":{"line":128,"column":null}}]},"23":{"loc":{"start":{"line":129,"column":4},"end":{"line":131,"column":null}},"type":"if","locations":[{"start":{"line":129,"column":4},"end":{"line":131,"column":null}},{"start":{"line":129,"column":4},"end":{"line":131,"column":null}}]},"24":{"loc":{"start":{"line":136,"column":4},"end":{"line":138,"column":null}},"type":"if","locations":[{"start":{"line":136,"column":4},"end":{"line":138,"column":null}},{"start":{"line":136,"column":4},"end":{"line":138,"column":null}}]},"25":{"loc":{"start":{"line":139,"column":4},"end":{"line":141,"column":null}},"type":"if","locations":[{"start":{"line":139,"column":4},"end":{"line":141,"column":null}},{"start":{"line":139,"column":4},"end":{"line":141,"column":null}}]},"26":{"loc":{"start":{"line":146,"column":4},"end":{"line":148,"column":null}},"type":"if","locations":[{"start":{"line":146,"column":4},"end":{"line":148,"column":null}},{"start":{"line":146,"column":4},"end":{"line":148,"column":null}}]},"27":{"loc":{"start":{"line":146,"column":8},"end":{"line":146,"column":24}},"type":"binary-expr","locations":[{"start":{"line":146,"column":8},"end":{"line":146,"column":24}},{"start":{"line":146,"column":28},"end":{"line":146,"column":41}}]},"28":{"loc":{"start":{"line":149,"column":4},"end":{"line":151,"column":null}},"type":"if","locations":[{"start":{"line":149,"column":4},"end":{"line":151,"column":null}},{"start":{"line":149,"column":4},"end":{"line":151,"column":null}}]},"29":{"loc":{"start":{"line":149,"column":8},"end":{"line":149,"column":24}},"type":"binary-expr","locations":[{"start":{"line":149,"column":8},"end":{"line":149,"column":24}},{"start":{"line":149,"column":28},"end":{"line":149,"column":41}}]},"30":{"loc":{"start":{"line":152,"column":4},"end":{"line":154,"column":null}},"type":"if","locations":[{"start":{"line":152,"column":4},"end":{"line":154,"column":null}},{"start":{"line":152,"column":4},"end":{"line":154,"column":null}}]},"31":{"loc":{"start":{"line":152,"column":8},"end":{"line":152,"column":24}},"type":"binary-expr","locations":[{"start":{"line":152,"column":8},"end":{"line":152,"column":24}},{"start":{"line":152,"column":28},"end":{"line":152,"column":41}}]},"32":{"loc":{"start":{"line":155,"column":4},"end":{"line":157,"column":null}},"type":"if","locations":[{"start":{"line":155,"column":4},"end":{"line":157,"column":null}},{"start":{"line":155,"column":4},"end":{"line":157,"column":null}}]},"33":{"loc":{"start":{"line":155,"column":8},"end":{"line":155,"column":24}},"type":"binary-expr","locations":[{"start":{"line":155,"column":8},"end":{"line":155,"column":24}},{"start":{"line":155,"column":28},"end":{"line":155,"column":41}}]},"34":{"loc":{"start":{"line":158,"column":4},"end":{"line":161,"column":null}},"type":"if","locations":[{"start":{"line":158,"column":4},"end":{"line":161,"column":null}},{"start":{"line":158,"column":4},"end":{"line":161,"column":null}}]},"35":{"loc":{"start":{"line":162,"column":4},"end":{"line":165,"column":null}},"type":"if","locations":[{"start":{"line":162,"column":4},"end":{"line":165,"column":null}},{"start":{"line":162,"column":4},"end":{"line":165,"column":null}}]},"36":{"loc":{"start":{"line":166,"column":4},"end":{"line":169,"column":null}},"type":"if","locations":[{"start":{"line":166,"column":4},"end":{"line":169,"column":null}},{"start":{"line":166,"column":4},"end":{"line":169,"column":null}}]},"37":{"loc":{"start":{"line":170,"column":4},"end":{"line":173,"column":null}},"type":"if","locations":[{"start":{"line":170,"column":4},"end":{"line":173,"column":null}},{"start":{"line":170,"column":4},"end":{"line":173,"column":null}}]},"38":{"loc":{"start":{"line":175,"column":4},"end":{"line":177,"column":null}},"type":"if","locations":[{"start":{"line":175,"column":4},"end":{"line":177,"column":null}},{"start":{"line":175,"column":4},"end":{"line":177,"column":null}}]},"39":{"loc":{"start":{"line":175,"column":8},"end":{"line":175,"column":24}},"type":"binary-expr","locations":[{"start":{"line":175,"column":8},"end":{"line":175,"column":24}},{"start":{"line":175,"column":28},"end":{"line":175,"column":44}}]},"40":{"loc":{"start":{"line":182,"column":11},"end":{"line":182,"column":27}},"type":"binary-expr","locations":[{"start":{"line":182,"column":11},"end":{"line":182,"column":27}},{"start":{"line":182,"column":31},"end":{"line":182,"column":47}}]},"41":{"loc":{"start":{"line":200,"column":4},"end":{"line":214,"column":null}},"type":"if","locations":[{"start":{"line":200,"column":4},"end":{"line":214,"column":null}},{"start":{"line":200,"column":4},"end":{"line":214,"column":null}}]},"42":{"loc":{"start":{"line":201,"column":6},"end":{"line":205,"column":null}},"type":"if","locations":[{"start":{"line":201,"column":6},"end":{"line":205,"column":null}},{"start":{"line":201,"column":6},"end":{"line":205,"column":null}}]},"43":{"loc":{"start":{"line":203,"column":13},"end":{"line":205,"column":null}},"type":"if","locations":[{"start":{"line":203,"column":13},"end":{"line":205,"column":null}},{"start":{"line":203,"column":13},"end":{"line":205,"column":null}}]},"44":{"loc":{"start":{"line":207,"column":11},"end":{"line":214,"column":null}},"type":"if","locations":[{"start":{"line":207,"column":11},"end":{"line":214,"column":null}},{"start":{"line":207,"column":11},"end":{"line":214,"column":null}}]},"45":{"loc":{"start":{"line":208,"column":6},"end":{"line":212,"column":null}},"type":"if","locations":[{"start":{"line":208,"column":6},"end":{"line":212,"column":null}},{"start":{"line":208,"column":6},"end":{"line":212,"column":null}}]},"46":{"loc":{"start":{"line":210,"column":13},"end":{"line":212,"column":null}},"type":"if","locations":[{"start":{"line":210,"column":13},"end":{"line":212,"column":null}},{"start":{"line":210,"column":13},"end":{"line":212,"column":null}}]},"47":{"loc":{"start":{"line":215,"column":4},"end":{"line":219,"column":null}},"type":"if","locations":[{"start":{"line":215,"column":4},"end":{"line":219,"column":null}},{"start":{"line":215,"column":4},"end":{"line":219,"column":null}}]},"48":{"loc":{"start":{"line":217,"column":11},"end":{"line":219,"column":null}},"type":"if","locations":[{"start":{"line":217,"column":11},"end":{"line":219,"column":null}},{"start":{"line":217,"column":11},"end":{"line":219,"column":null}}]},"49":{"loc":{"start":{"line":242,"column":4},"end":{"line":244,"column":null}},"type":"if","locations":[{"start":{"line":242,"column":4},"end":{"line":244,"column":null}},{"start":{"line":242,"column":4},"end":{"line":244,"column":null}}]},"50":{"loc":{"start":{"line":242,"column":8},"end":{"line":242,"column":25}},"type":"binary-expr","locations":[{"start":{"line":242,"column":8},"end":{"line":242,"column":25}},{"start":{"line":242,"column":29},"end":{"line":242,"column":46}}]},"51":{"loc":{"start":{"line":248,"column":27},"end":{"line":248,"column":33}},"type":"default-arg","locations":[{"start":{"line":248,"column":27},"end":{"line":248,"column":33}}]},"52":{"loc":{"start":{"line":251,"column":4},"end":{"line":255,"column":null}},"type":"if","locations":[{"start":{"line":251,"column":4},"end":{"line":255,"column":null}},{"start":{"line":251,"column":4},"end":{"line":255,"column":null}}]},"53":{"loc":{"start":{"line":251,"column":8},"end":{"line":251,"column":15}},"type":"binary-expr","locations":[{"start":{"line":251,"column":8},"end":{"line":251,"column":15}},{"start":{"line":251,"column":19},"end":{"line":251,"column":30}}]},"54":{"loc":{"start":{"line":253,"column":11},"end":{"line":255,"column":null}},"type":"if","locations":[{"start":{"line":253,"column":11},"end":{"line":255,"column":null}},{"start":{"line":253,"column":11},"end":{"line":255,"column":null}}]},"55":{"loc":{"start":{"line":253,"column":15},"end":{"line":253,"column":23}},"type":"binary-expr","locations":[{"start":{"line":253,"column":15},"end":{"line":253,"column":23}},{"start":{"line":253,"column":27},"end":{"line":253,"column":39}}]}},"s":{"0":7,"1":26605,"2":26605,"3":26605,"4":26605,"5":26605,"6":26605,"7":26605,"8":26605,"9":26605,"10":26605,"11":1,"12":200,"13":51,"14":51,"15":51,"16":12790,"17":12790,"18":9864,"19":2926,"20":29,"21":29,"22":29,"23":29,"24":29,"25":22,"26":29,"27":1,"28":29,"29":26,"30":26,"31":3,"32":3,"33":3,"34":1,"35":1,"36":1,"37":1,"38":2,"39":2,"40":2,"41":2,"42":2,"43":23,"44":21,"45":21,"46":2,"47":1,"48":1,"49":1,"50":1,"51":1,"52":1,"53":1,"54":1,"55":3,"56":2,"57":1,"58":12048,"59":12048,"60":12048,"61":12048,"62":12048,"63":12049,"64":12049,"65":12049,"66":12049,"67":1,"68":1,"69":4886,"70":115,"71":4771,"72":198,"73":4573,"74":4396,"75":1,"76":4395,"77":1,"78":4394,"79":12948,"80":833,"81":12115,"82":1988,"83":10127,"84":745,"85":9382,"86":581,"87":8801,"88":8,"89":8,"90":8793,"91":2226,"92":2226,"93":6567,"94":127,"95":127,"96":6440,"97":2182,"98":2182,"99":4258,"100":4258,"101":108,"102":4150,"103":29,"104":51405,"105":52223,"106":1075,"107":48,"108":48,"109":48,"110":5,"111":1,"112":4,"113":3,"114":1,"115":43,"116":17,"117":3,"118":14,"119":11,"120":3,"121":26,"122":2,"123":24,"124":2,"125":22,"126":1,"127":1,"128":47,"129":47,"130":47,"131":47,"132":47,"133":47,"134":47,"135":47,"136":47,"137":47,"138":47,"139":8,"140":39,"141":228,"142":228,"143":0,"144":228,"145":0,"146":228,"147":131,"148":131,"149":131,"150":131,"151":7},"f":{"0":26605,"1":1,"2":200,"3":51,"4":12790,"5":29,"6":12048,"7":12049,"8":12049,"9":12049,"10":12049,"11":1,"12":1,"13":4886,"14":4396,"15":12948,"16":29,"17":51405,"18":52223,"19":1075,"20":48,"21":1,"22":47,"23":228,"24":131},"b":{"0":[0],"1":[0],"2":[0],"3":[697],"4":[698],"5":[12463],"6":[9864,2926],"7":[624,9240],"8":[9864,2034],"9":[22,7],"10":[1,28],"11":[26,3],"12":[3,23],"13":[1,2],"14":[2,0],"15":[21,2],"16":[1,1],"17":[2,1],"18":[107],"19":[12048,8109],"20":[12048,8075],"21":[12048,3412],"22":[115,4771],"23":[198,4573],"24":[1,4395],"25":[1,4394],"26":[833,12115],"27":[12948,1422],"28":[1988,10127],"29":[12115,4959],"30":[745,9382],"31":[10127,2971],"32":[581,8801],"33":[9382,589],"34":[8,8793],"35":[2226,6567],"36":[127,6440],"37":[2182,4258],"38":[108,4150],"39":[4258,108],"40":[29,26],"41":[5,43],"42":[1,4],"43":[3,1],"44":[17,26],"45":[3,14],"46":[11,3],"47":[2,24],"48":[2,22],"49":[8,39],"50":[47,41],"51":[228],"52":[0,228],"53":[228,0],"54":[0,228],"55":[228,0]}}
,"/home/runner/work/DGeoUtils/DGeoUtils/src/DNumbers.ts": {"path":"/home/runner/work/DGeoUtils/DGeoUtils/src/DNumbers.ts","statementMap":{"0":{"start":{"line":1,"column":0},"end":{"line":1,"column":87}},"1":{"start":{"line":3,"column":14},"end":{"line":3,"column":19}},"2":{"start":{"line":7,"column":4},"end":{"line":7,"column":31}},"3":{"start":{"line":11,"column":4},"end":{"line":11,"column":31}},"4":{"start":{"line":15,"column":4},"end":{"line":15,"column":67}},"5":{"start":{"line":19,"column":4},"end":{"line":19,"column":60}},"6":{"start":{"line":23,"column":4},"end":{"line":23,"column":28}},"7":{"start":{"line":27,"column":4},"end":{"line":27,"column":28}},"8":{"start":{"line":5,"column":0},"end":{"line":5,"column":13}}},"fnMap":{"0":{"name":"(anonymous_0)","decl":{"start":{"line":6,"column":2},"end":{"line":6,"column":8}},"loc":{"start":{"line":6,"column":53},"end":{"line":8,"column":3}}},"1":{"name":"(anonymous_1)","decl":{"start":{"line":10,"column":2},"end":{"line":10,"column":8}},"loc":{"start":{"line":10,"column":27},"end":{"line":12,"column":3}}},"2":{"name":"(anonymous_2)","decl":{"start":{"line":14,"column":2},"end":{"line":14,"column":8}},"loc":{"start":{"line":14,"column":26},"end":{"line":16,"column":3}}},"3":{"name":"(anonymous_3)","decl":{"start":{"line":18,"column":2},"end":{"line":18,"column":8}},"loc":{"start":{"line":18,"column":25},"end":{"line":20,"column":3}}},"4":{"name":"(anonymous_4)","decl":{"start":{"line":22,"column":2},"end":{"line":22,"column":8}},"loc":{"start":{"line":22,"column":26},"end":{"line":24,"column":3}}},"5":{"name":"(anonymous_5)","decl":{"start":{"line":26,"column":2},"end":{"line":26,"column":8}},"loc":{"start":{"line":26,"column":26},"end":{"line":28,"column":3}}}},"branchMap":{"0":{"loc":{"start":{"line":6,"column":48},"end":{"line":6,"column":53}},"type":"default-arg","locations":[{"start":{"line":6,"column":48},"end":{"line":6,"column":53}}]}},"s":{"0":7,"1":7,"2":44,"3":14,"4":14,"5":14,"6":297,"7":257,"8":7},"f":{"0":44,"1":14,"2":14,"3":14,"4":297,"5":257},"b":{"0":[42]}}
,"/home/runner/work/DGeoUtils/DGeoUtils/src/DPoint.ts": {"path":"/home/runner/work/DGeoUtils/DGeoUtils/src/DPoint.ts","statementMap":{"0":{"start":{"line":1,"column":0},"end":{"line":1,"column":30}},"1":{"start":{"line":2,"column":0},"end":{"line":2,"column":36}},"2":{"start":{"line":4,"column":13},"end":{"line":4,"column":14}},"3":{"start":{"line":12,"column":13},"end":{"line":12,"column":43}},"4":{"start":{"line":20,"column":13},"end":{"line":20,"column":49}},"5":{"start":{"line":21,"column":13},"end":{"line":21,"column":48}},"6":{"start":{"line":30,"column":24},"end":{"line":30,"column":35}},"7":{"start":{"line":31,"column":25},"end":{"line":31,"column":28}},"8":{"start":{"line":32,"column":29},"end":{"line":32,"column":63}},"9":{"start":{"line":33,"column":29},"end":{"line":33,"column":63}},"10":{"start":{"line":34,"column":13},"end":{"line":34,"column":36}},"11":{"start":{"line":35,"column":13},"end":{"line":35,"column":32}},"12":{"start":{"line":36,"column":13},"end":{"line":36,"column":39}},"13":{"start":{"line":37,"column":13},"end":{"line":37,"column":51}},"14":{"start":{"line":38,"column":13},"end":{"line":38,"column":51}},"15":{"start":{"line":43,"column":2},"end":{"line":43,"column":16}},"16":{"start":{"line":44,"column":2},"end":{"line":44,"column":16}},"17":{"start":{"line":47,"column":2},"end":{"line":47,"column":42}},"18":{"start":{"line":56,"column":4},"end":{"line":56,"column":15}},"19":{"start":{"line":57,"column":4},"end":{"line":57,"column":15}},"20":{"start":{"line":58,"column":4},"end":{"line":58,"column":15}},"21":{"start":{"line":62,"column":4},"end":{"line":62,"column":28}},"22":{"start":{"line":66,"column":23},"end":{"line":66,"column":34}},"23":{"start":{"line":67,"column":4},"end":{"line":69,"column":null}},"24":{"start":{"line":68,"column":6},"end":{"line":68,"column":37}},"25":{"start":{"line":70,"column":22},"end":{"line":70,"column":33}},"26":{"start":{"line":71,"column":4},"end":{"line":71,"column":31}},"27":{"start":{"line":75,"column":4},"end":{"line":75,"column":31}},"28":{"start":{"line":79,"column":19},"end":{"line":79,"column":57}},"29":{"start":{"line":80,"column":17},"end":{"line":80,"column":41}},"30":{"start":{"line":81,"column":16},"end":{"line":81,"column":34}},"31":{"start":{"line":82,"column":22},"end":{"line":82,"column":61}},"32":{"start":{"line":83,"column":4},"end":{"line":83,"column":31}},"33":{"start":{"line":87,"column":4},"end":{"line":87,"column":52}},"34":{"start":{"line":91,"column":14},"end":{"line":91,"column":85}},"35":{"start":{"line":92,"column":14},"end":{"line":94,"column":24}},"36":{"start":{"line":95,"column":4},"end":{"line":95,"column":34}},"37":{"start":{"line":99,"column":14},"end":{"line":99,"column":58}},"38":{"start":{"line":100,"column":14},"end":{"line":100,"column":71}},"39":{"start":{"line":101,"column":14},"end":{"line":101,"column":82}},"40":{"start":{"line":102,"column":4},"end":{"line":102,"column":34}},"41":{"start":{"line":106,"column":4},"end":{"line":108,"column":null}},"42":{"start":{"line":107,"column":6},"end":{"line":107,"column":30}},"43":{"start":{"line":109,"column":4},"end":{"line":109,"column":36}},"44":{"start":{"line":117,"column":4},"end":{"line":119,"column":null}},"45":{"start":{"line":118,"column":6},"end":{"line":118,"column":56}},"46":{"start":{"line":120,"column":14},"end":{"line":120,"column":33}},"47":{"start":{"line":121,"column":14},"end":{"line":121,"column":33}},"48":{"start":{"line":122,"column":14},"end":{"line":122,"column":48}},"49":{"start":{"line":123,"column":4},"end":{"line":125,"column":null}},"50":{"start":{"line":124,"column":6},"end":{"line":124,"column":45}},"51":{"start":{"line":126,"column":4},"end":{"line":128,"column":null}},"52":{"start":{"line":127,"column":6},"end":{"line":127,"column":45}},"53":{"start":{"line":129,"column":4},"end":{"line":129,"column":39}},"54":{"start":{"line":133,"column":15},"end":{"line":133,"column":40}},"55":{"start":{"line":134,"column":15},"end":{"line":134,"column":40}},"56":{"start":{"line":135,"column":4},"end":{"line":137,"column":null}},"57":{"start":{"line":136,"column":6},"end":{"line":136,"column":21}},"58":{"start":{"line":138,"column":4},"end":{"line":138,"column":33}},"59":{"start":{"line":142,"column":4},"end":{"line":144,"column":null}},"60":{"start":{"line":143,"column":6},"end":{"line":143,"column":18}},"61":{"start":{"line":145,"column":4},"end":{"line":147,"column":null}},"62":{"start":{"line":146,"column":6},"end":{"line":146,"column":35}},"63":{"start":{"line":148,"column":4},"end":{"line":150,"column":null}},"64":{"start":{"line":149,"column":6},"end":{"line":149,"column":35}},"65":{"start":{"line":151,"column":4},"end":{"line":151,"column":16}},"66":{"start":{"line":155,"column":4},"end":{"line":155,"column":33}},"67":{"start":{"line":159,"column":4},"end":{"line":159,"column":28}},"68":{"start":{"line":163,"column":4},"end":{"line":163,"column":15}},"69":{"start":{"line":164,"column":4},"end":{"line":164,"column":16}},"70":{"start":{"line":168,"column":19},"end":{"line":168,"column":23}},"71":{"start":{"line":169,"column":4},"end":{"line":169,"column":31}},"72":{"start":{"line":173,"column":15},"end":{"line":173,"column":27}},"73":{"start":{"line":174,"column":15},"end":{"line":174,"column":27}},"74":{"start":{"line":175,"column":4},"end":{"line":175,"column":40}},"75":{"start":{"line":179,"column":4},"end":{"line":179,"column":49}},"76":{"start":{"line":180,"column":4},"end":{"line":180,"column":16}},"77":{"start":{"line":184,"column":4},"end":{"line":184,"column":49}},"78":{"start":{"line":185,"column":4},"end":{"line":185,"column":16}},"79":{"start":{"line":189,"column":14},"end":{"line":189,"column":48}},"80":{"start":{"line":190,"column":4},"end":{"line":190,"column":40}},"81":{"start":{"line":191,"column":4},"end":{"line":191,"column":13}},"82":{"start":{"line":195,"column":4},"end":{"line":195,"column":40}},"83":{"start":{"line":199,"column":4},"end":{"line":199,"column":40}},"84":{"start":{"line":203,"column":4},"end":{"line":203,"column":39}},"85":{"start":{"line":207,"column":4},"end":{"line":207,"column":39}},"86":{"start":{"line":215,"column":4},"end":{"line":215,"column":112}},"87":{"start":{"line":224,"column":4},"end":{"line":226,"column":null}},"88":{"start":{"line":225,"column":6},"end":{"line":225,"column":60}},"89":{"start":{"line":228,"column":4},"end":{"line":228,"column":102}},"90":{"start":{"line":235,"column":4},"end":{"line":235,"column":70}},"91":{"start":{"line":242,"column":4},"end":{"line":242,"column":68}},"92":{"start":{"line":249,"column":4},"end":{"line":249,"column":70}},"93":{"start":{"line":257,"column":4},"end":{"line":261,"column":6}},"94":{"start":{"line":268,"column":4},"end":{"line":268,"column":58}},"95":{"start":{"line":277,"column":4},"end":{"line":279,"column":null}},"96":{"start":{"line":278,"column":6},"end":{"line":278,"column":52}},"97":{"start":{"line":281,"column":4},"end":{"line":281,"column":94}},"98":{"start":{"line":290,"column":4},"end":{"line":292,"column":null}},"99":{"start":{"line":291,"column":6},"end":{"line":291,"column":52}},"100":{"start":{"line":294,"column":4},"end":{"line":294,"column":94}},"101":{"start":{"line":298,"column":14},"end":{"line":298,"column":57}},"102":{"start":{"line":299,"column":14},"end":{"line":299,"column":57}},"103":{"start":{"line":300,"column":4},"end":{"line":300,"column":15}},"104":{"start":{"line":301,"column":4},"end":{"line":301,"column":15}},"105":{"start":{"line":302,"column":4},"end":{"line":302,"column":16}},"106":{"start":{"line":306,"column":13},"end":{"line":306,"column":14}},"107":{"start":{"line":307,"column":13},"end":{"line":307,"column":14}},"108":{"start":{"line":308,"column":4},"end":{"line":314,"column":null}},"109":{"start":{"line":309,"column":6},"end":{"line":309,"column":24}},"110":{"start":{"line":310,"column":6},"end":{"line":310,"column":24}},"111":{"start":{"line":312,"column":6},"end":{"line":312,"column":34}},"112":{"start":{"line":313,"column":6},"end":{"line":313,"column":22}},"113":{"start":{"line":315,"column":4},"end":{"line":315,"column":16}},"114":{"start":{"line":316,"column":4},"end":{"line":316,"column":16}},"115":{"start":{"line":317,"column":4},"end":{"line":317,"column":16}},"116":{"start":{"line":321,"column":4},"end":{"line":321,"column":43}},"117":{"start":{"line":325,"column":4},"end":{"line":325,"column":43}},"118":{"start":{"line":329,"column":4},"end":{"line":329,"column":32}},"119":{"start":{"line":330,"column":4},"end":{"line":330,"column":32}},"120":{"start":{"line":331,"column":4},"end":{"line":331,"column":16}},"121":{"start":{"line":335,"column":4},"end":{"line":335,"column":31}},"122":{"start":{"line":336,"column":4},"end":{"line":336,"column":31}},"123":{"start":{"line":337,"column":4},"end":{"line":337,"column":16}},"124":{"start":{"line":341,"column":4},"end":{"line":341,"column":32}},"125":{"start":{"line":342,"column":4},"end":{"line":342,"column":32}},"126":{"start":{"line":343,"column":4},"end":{"line":343,"column":16}},"127":{"start":{"line":347,"column":4},"end":{"line":347,"column":43}},"128":{"start":{"line":348,"column":4},"end":{"line":348,"column":43}},"129":{"start":{"line":349,"column":4},"end":{"line":349,"column":16}},"130":{"start":{"line":353,"column":4},"end":{"line":353,"column":30}},"131":{"start":{"line":354,"column":4},"end":{"line":354,"column":30}},"132":{"start":{"line":355,"column":4},"end":{"line":355,"column":16}},"133":{"start":{"line":359,"column":13},"end":{"line":359,"column":14}},"134":{"start":{"line":360,"column":13},"end":{"line":360,"column":14}},"135":{"start":{"line":361,"column":4},"end":{"line":367,"column":null}},"136":{"start":{"line":362,"column":6},"end":{"line":362,"column":24}},"137":{"start":{"line":363,"column":6},"end":{"line":363,"column":24}},"138":{"start":{"line":365,"column":6},"end":{"line":365,"column":34}},"139":{"start":{"line":366,"column":6},"end":{"line":366,"column":22}},"140":{"start":{"line":368,"column":4},"end":{"line":368,"column":16}},"141":{"start":{"line":369,"column":4},"end":{"line":369,"column":16}},"142":{"start":{"line":370,"column":4},"end":{"line":370,"column":16}},"143":{"start":{"line":374,"column":13},"end":{"line":374,"column":14}},"144":{"start":{"line":375,"column":13},"end":{"line":375,"column":14}},"145":{"start":{"line":376,"column":4},"end":{"line":382,"column":null}},"146":{"start":{"line":377,"column":6},"end":{"line":377,"column":24}},"147":{"start":{"line":378,"column":6},"end":{"line":378,"column":24}},"148":{"start":{"line":380,"column":6},"end":{"line":380,"column":34}},"149":{"start":{"line":381,"column":6},"end":{"line":381,"column":22}},"150":{"start":{"line":383,"column":4},"end":{"line":383,"column":16}},"151":{"start":{"line":384,"column":4},"end":{"line":384,"column":16}},"152":{"start":{"line":385,"column":4},"end":{"line":385,"column":16}},"153":{"start":{"line":389,"column":4},"end":{"line":389,"column":62}},"154":{"start":{"line":393,"column":18},"end":{"line":393,"column":44}},"155":{"start":{"line":394,"column":18},"end":{"line":394,"column":44}},"156":{"start":{"line":395,"column":18},"end":{"line":395,"column":64}},"157":{"start":{"line":396,"column":4},"end":{"line":396,"column":35}},"158":{"start":{"line":400,"column":4},"end":{"line":400,"column":18}},"159":{"start":{"line":404,"column":4},"end":{"line":404,"column":15}},"160":{"start":{"line":408,"column":4},"end":{"line":408,"column":18}},"161":{"start":{"line":412,"column":4},"end":{"line":412,"column":15}},"162":{"start":{"line":416,"column":4},"end":{"line":416,"column":27}},"163":{"start":{"line":420,"column":4},"end":{"line":420,"column":56}},"164":{"start":{"line":424,"column":4},"end":{"line":424,"column":36}},"165":{"start":{"line":428,"column":4},"end":{"line":428,"column":36}},"166":{"start":{"line":432,"column":18},"end":{"line":432,"column":22}},"167":{"start":{"line":433,"column":4},"end":{"line":433,"column":32}},"168":{"start":{"line":437,"column":16},"end":{"line":437,"column":20}},"169":{"start":{"line":438,"column":4},"end":{"line":438,"column":28}},"170":{"start":{"line":442,"column":16},"end":{"line":442,"column":20}},"171":{"start":{"line":443,"column":4},"end":{"line":443,"column":28}},"172":{"start":{"line":447,"column":4},"end":{"line":447,"column":23}},"173":{"start":{"line":451,"column":4},"end":{"line":451,"column":23}},"174":{"start":{"line":455,"column":4},"end":{"line":458,"column":6}},"175":{"start":{"line":462,"column":4},"end":{"line":462,"column":35}},"176":{"start":{"line":463,"column":4},"end":{"line":463,"column":35}},"177":{"start":{"line":464,"column":4},"end":{"line":464,"column":16}},"178":{"start":{"line":468,"column":4},"end":{"line":468,"column":41}},"179":{"start":{"line":472,"column":14},"end":{"line":472,"column":38}},"180":{"start":{"line":473,"column":14},"end":{"line":473,"column":39}},"181":{"start":{"line":474,"column":14},"end":{"line":474,"column":33}},"182":{"start":{"line":475,"column":17},"end":{"line":475,"column":48}},"183":{"start":{"line":476,"column":4},"end":{"line":482,"column":10}},"184":{"start":{"line":478,"column":18},"end":{"line":478,"column":32}},"185":{"start":{"line":479,"column":18},"end":{"line":480,"column":50}},"186":{"start":{"line":481,"column":8},"end":{"line":481,"column":44}},"187":{"start":{"line":486,"column":14},"end":{"line":486,"column":99}},"188":{"start":{"line":487,"column":14},"end":{"line":488,"column":78}},"189":{"start":{"line":489,"column":4},"end":{"line":489,"column":15}},"190":{"start":{"line":490,"column":4},"end":{"line":490,"column":15}},"191":{"start":{"line":491,"column":4},"end":{"line":491,"column":16}},"192":{"start":{"line":495,"column":16},"end":{"line":495,"column":45}},"193":{"start":{"line":496,"column":16},"end":{"line":497,"column":57}},"194":{"start":{"line":498,"column":4},"end":{"line":498,"column":17}},"195":{"start":{"line":499,"column":4},"end":{"line":499,"column":17}},"196":{"start":{"line":500,"column":4},"end":{"line":500,"column":16}},"197":{"start":{"line":42,"column":0},"end":{"line":42,"column":13}}},"fnMap":{"0":{"name":"(anonymous_0)","decl":{"start":{"line":55,"column":2},"end":{"line":55,"column":14}},"loc":{"start":{"line":55,"column":54},"end":{"line":59,"column":3}}},"1":{"name":"(anonymous_1)","decl":{"start":{"line":61,"column":2},"end":{"line":61,"column":8}},"loc":{"start":{"line":61,"column":13},"end":{"line":63,"column":3}}},"2":{"name":"(anonymous_2)","decl":{"start":{"line":65,"column":2},"end":{"line":65,"column":8}},"loc":{"start":{"line":65,"column":44},"end":{"line":72,"column":3}}},"3":{"name":"(anonymous_3)","decl":{"start":{"line":74,"column":2},"end":{"line":74,"column":8}},"loc":{"start":{"line":74,"column":27},"end":{"line":76,"column":3}}},"4":{"name":"(anonymous_4)","decl":{"start":{"line":78,"column":2},"end":{"line":78,"column":8}},"loc":{"start":{"line":78,"column":33},"end":{"line":84,"column":3}}},"5":{"name":"(anonymous_5)","decl":{"start":{"line":86,"column":2},"end":{"line":86,"column":8}},"loc":{"start":{"line":86,"column":15},"end":{"line":88,"column":3}}},"6":{"name":"(anonymous_6)","decl":{"start":{"line":90,"column":2},"end":{"line":90,"column":19}},"loc":{"start":{"line":90,"column":42},"end":{"line":96,"column":3}}},"7":{"name":"(anonymous_7)","decl":{"start":{"line":98,"column":2},"end":{"line":98,"column":19}},"loc":{"start":{"line":98,"column":42},"end":{"line":103,"column":3}}},"8":{"name":"(anonymous_8)","decl":{"start":{"line":105,"column":2},"end":{"line":105,"column":10}},"loc":{"start":{"line":105,"column":10},"end":{"line":110,"column":3}}},"9":{"name":"(anonymous_9)","decl":{"start":{"line":116,"column":2},"end":{"line":116,"column":10}},"loc":{"start":{"line":116,"column":20},"end":{"line":130,"column":3}}},"10":{"name":"(anonymous_10)","decl":{"start":{"line":132,"column":2},"end":{"line":132,"column":16}},"loc":{"start":{"line":132,"column":39},"end":{"line":139,"column":3}}},"11":{"name":"(anonymous_11)","decl":{"start":{"line":141,"column":2},"end":{"line":141,"column":11}},"loc":{"start":{"line":141,"column":78},"end":{"line":152,"column":3}}},"12":{"name":"(anonymous_12)","decl":{"start":{"line":154,"column":2},"end":{"line":154,"column":10}},"loc":{"start":{"line":154,"column":10},"end":{"line":156,"column":3}}},"13":{"name":"(anonymous_13)","decl":{"start":{"line":158,"column":2},"end":{"line":158,"column":10}},"loc":{"start":{"line":158,"column":10},"end":{"line":160,"column":3}}},"14":{"name":"(anonymous_14)","decl":{"start":{"line":162,"column":2},"end":{"line":162,"column":8}},"loc":{"start":{"line":162,"column":18},"end":{"line":165,"column":3}}},"15":{"name":"(anonymous_15)","decl":{"start":{"line":167,"column":2},"end":{"line":167,"column":7}},"loc":{"start":{"line":167,"column":7},"end":{"line":170,"column":3}}},"16":{"name":"(anonymous_16)","decl":{"start":{"line":172,"column":2},"end":{"line":172,"column":10}},"loc":{"start":{"line":172,"column":20},"end":{"line":176,"column":3}}},"17":{"name":"(anonymous_17)","decl":{"start":{"line":178,"column":2},"end":{"line":178,"column":6}},"loc":{"start":{"line":178,"column":33},"end":{"line":181,"column":3}}},"18":{"name":"(anonymous_18)","decl":{"start":{"line":183,"column":2},"end":{"line":183,"column":6}},"loc":{"start":{"line":183,"column":33},"end":{"line":186,"column":3}}},"19":{"name":"(anonymous_19)","decl":{"start":{"line":188,"column":2},"end":{"line":188,"column":7}},"loc":{"start":{"line":188,"column":7},"end":{"line":192,"column":3}}},"20":{"name":"(anonymous_20)","decl":{"start":{"line":194,"column":2},"end":{"line":194,"column":4}},"loc":{"start":{"line":194,"column":14},"end":{"line":196,"column":3}}},"21":{"name":"(anonymous_21)","decl":{"start":{"line":198,"column":2},"end":{"line":198,"column":4}},"loc":{"start":{"line":198,"column":14},"end":{"line":200,"column":3}}},"22":{"name":"(anonymous_22)","decl":{"start":{"line":202,"column":2},"end":{"line":202,"column":11}},"loc":{"start":{"line":202,"column":21},"end":{"line":204,"column":3}}},"23":{"name":"(anonymous_23)","decl":{"start":{"line":206,"column":2},"end":{"line":206,"column":11}},"loc":{"start":{"line":206,"column":21},"end":{"line":208,"column":3}}},"24":{"name":"(anonymous_24)","decl":{"start":{"line":214,"column":2},"end":{"line":214,"column":8}},"loc":{"start":{"line":214,"column":18},"end":{"line":216,"column":3}}},"25":{"name":"(anonymous_25)","decl":{"start":{"line":223,"column":2},"end":{"line":223,"column":6}},"loc":{"start":{"line":223,"column":41},"end":{"line":229,"column":3}}},"26":{"name":"(anonymous_26)","decl":{"start":{"line":234,"column":2},"end":{"line":234,"column":7}},"loc":{"start":{"line":234,"column":7},"end":{"line":236,"column":3}}},"27":{"name":"(anonymous_27)","decl":{"start":{"line":241,"column":2},"end":{"line":241,"column":6}},"loc":{"start":{"line":241,"column":6},"end":{"line":243,"column":3}}},"28":{"name":"(anonymous_28)","decl":{"start":{"line":248,"column":2},"end":{"line":248,"column":7}},"loc":{"start":{"line":248,"column":7},"end":{"line":250,"column":3}}},"29":{"name":"(anonymous_29)","decl":{"start":{"line":256,"column":2},"end":{"line":256,"column":9}},"loc":{"start":{"line":256,"column":23},"end":{"line":262,"column":3}}},"30":{"name":"(anonymous_30)","decl":{"start":{"line":267,"column":2},"end":{"line":267,"column":5}},"loc":{"start":{"line":267,"column":5},"end":{"line":269,"column":3}}},"31":{"name":"(anonymous_31)","decl":{"start":{"line":276,"column":2},"end":{"line":276,"column":7}},"loc":{"start":{"line":276,"column":42},"end":{"line":282,"column":3}}},"32":{"name":"(anonymous_32)","decl":{"start":{"line":289,"column":2},"end":{"line":289,"column":8}},"loc":{"start":{"line":289,"column":43},"end":{"line":295,"column":3}}},"33":{"name":"(anonymous_33)","decl":{"start":{"line":297,"column":2},"end":{"line":297,"column":15}},"loc":{"start":{"line":297,"column":25},"end":{"line":303,"column":3}}},"34":{"name":"(anonymous_34)","decl":{"start":{"line":305,"column":2},"end":{"line":305,"column":13}},"loc":{"start":{"line":305,"column":63},"end":{"line":318,"column":3}}},"35":{"name":"(anonymous_35)","decl":{"start":{"line":320,"column":2},"end":{"line":320,"column":11}},"loc":{"start":{"line":320,"column":11},"end":{"line":322,"column":3}}},"36":{"name":"(anonymous_36)","decl":{"start":{"line":324,"column":2},"end":{"line":324,"column":11}},"loc":{"start":{"line":324,"column":11},"end":{"line":326,"column":3}}},"37":{"name":"(anonymous_37)","decl":{"start":{"line":328,"column":2},"end":{"line":328,"column":14}},"loc":{"start":{"line":328,"column":14},"end":{"line":332,"column":3}}},"38":{"name":"(anonymous_38)","decl":{"start":{"line":334,"column":2},"end":{"line":334,"column":13}},"loc":{"start":{"line":334,"column":13},"end":{"line":338,"column":3}}},"39":{"name":"(anonymous_39)","decl":{"start":{"line":340,"column":2},"end":{"line":340,"column":14}},"loc":{"start":{"line":340,"column":14},"end":{"line":344,"column":3}}},"40":{"name":"(anonymous_40)","decl":{"start":{"line":346,"column":2},"end":{"line":346,"column":16}},"loc":{"start":{"line":346,"column":30},"end":{"line":350,"column":3}}},"41":{"name":"(anonymous_41)","decl":{"start":{"line":352,"column":2},"end":{"line":352,"column":12}},"loc":{"start":{"line":352,"column":12},"end":{"line":356,"column":3}}},"42":{"name":"(anonymous_42)","decl":{"start":{"line":358,"column":2},"end":{"line":358,"column":14}},"loc":{"start":{"line":358,"column":64},"end":{"line":371,"column":3}}},"43":{"name":"(anonymous_43)","decl":{"start":{"line":373,"column":2},"end":{"line":373,"column":15}},"loc":{"start":{"line":373,"column":65},"end":{"line":386,"column":3}}},"44":{"name":"(anonymous_44)","decl":{"start":{"line":388,"column":2},"end":{"line":388,"column":7}},"loc":{"start":{"line":388,"column":17},"end":{"line":390,"column":3}}},"45":{"name":"(anonymous_45)","decl":{"start":{"line":392,"column":2},"end":{"line":392,"column":6}},"loc":{"start":{"line":392,"column":27},"end":{"line":397,"column":3}}},"46":{"name":"(anonymous_46)","decl":{"start":{"line":399,"column":2},"end":{"line":399,"column":6}},"loc":{"start":{"line":399,"column":7},"end":{"line":401,"column":3}}},"47":{"name":"(anonymous_47)","decl":{"start":{"line":403,"column":2},"end":{"line":403,"column":6}},"loc":{"start":{"line":403,"column":17},"end":{"line":405,"column":3}}},"48":{"name":"(anonymous_48)","decl":{"start":{"line":407,"column":2},"end":{"line":407,"column":6}},"loc":{"start":{"line":407,"column":7},"end":{"line":409,"column":3}}},"49":{"name":"(anonymous_49)","decl":{"start":{"line":411,"column":2},"end":{"line":411,"column":6}},"loc":{"start":{"line":411,"column":17},"end":{"line":413,"column":3}}},"50":{"name":"(anonymous_50)","decl":{"start":{"line":415,"column":2},"end":{"line":415,"column":6}},"loc":{"start":{"line":415,"column":10},"end":{"line":417,"column":3}}},"51":{"name":"(anonymous_51)","decl":{"start":{"line":419,"column":2},"end":{"line":419,"column":6}},"loc":{"start":{"line":419,"column":9},"end":{"line":421,"column":3}}},"52":{"name":"(anonymous_52)","decl":{"start":{"line":423,"column":2},"end":{"line":423,"column":6}},"loc":{"start":{"line":423,"column":9},"end":{"line":425,"column":3}}},"53":{"name":"(anonymous_53)","decl":{"start":{"line":427,"column":2},"end":{"line":427,"column":6}},"loc":{"start":{"line":427,"column":9},"end":{"line":429,"column":3}}},"54":{"name":"(anonymous_54)","decl":{"start":{"line":431,"column":2},"end":{"line":431,"column":6}},"loc":{"start":{"line":431,"column":14},"end":{"line":434,"column":3}}},"55":{"name":"(anonymous_55)","decl":{"start":{"line":436,"column":2},"end":{"line":436,"column":6}},"loc":{"start":{"line":436,"column":12},"end":{"line":439,"column":3}}},"56":{"name":"(anonymous_56)","decl":{"start":{"line":441,"column":2},"end":{"line":441,"column":6}},"loc":{"start":{"line":441,"column":12},"end":{"line":444,"column":3}}},"57":{"name":"(anonymous_57)","decl":{"start":{"line":446,"column":2},"end":{"line":446,"column":6}},"loc":{"start":{"line":446,"column":12},"end":{"line":448,"column":3}}},"58":{"name":"(anonymous_58)","decl":{"start":{"line":450,"column":2},"end":{"line":450,"column":6}},"loc":{"start":{"line":450,"column":12},"end":{"line":452,"column":3}}},"59":{"name":"(anonymous_59)","decl":{"start":{"line":454,"column":2},"end":{"line":454,"column":8}},"loc":{"start":{"line":454,"column":47},"end":{"line":459,"column":3}}},"60":{"name":"(anonymous_60)","decl":{"start":{"line":461,"column":2},"end":{"line":461,"column":15}},"loc":{"start":{"line":461,"column":25},"end":{"line":465,"column":3}}},"61":{"name":"(anonymous_61)","decl":{"start":{"line":467,"column":2},"end":{"line":467,"column":7}},"loc":{"start":{"line":467,"column":7},"end":{"line":469,"column":3}}},"62":{"name":"(anonymous_62)","decl":{"start":{"line":471,"column":2},"end":{"line":471,"column":17}},"loc":{"start":{"line":471,"column":50},"end":{"line":483,"column":3}}},"63":{"name":"(anonymous_63)","decl":{"start":{"line":477,"column":11},"end":{"line":477,"column":12}},"loc":{"start":{"line":477,"column":39},"end":{"line":482,"column":7}}},"64":{"name":"(anonymous_64)","decl":{"start":{"line":485,"column":10},"end":{"line":485,"column":24}},"loc":{"start":{"line":485,"column":24},"end":{"line":492,"column":3}}},"65":{"name":"(anonymous_65)","decl":{"start":{"line":494,"column":10},"end":{"line":494,"column":24}},"loc":{"start":{"line":494,"column":24},"end":{"line":501,"column":3}}}},"branchMap":{"0":{"loc":{"start":{"line":55,"column":26},"end":{"line":55,"column":27}},"type":"default-arg","locations":[{"start":{"line":55,"column":26},"end":{"line":55,"column":27}}]},"1":{"loc":{"start":{"line":55,"column":41},"end":{"line":55,"column":42}},"type":"default-arg","locations":[{"start":{"line":55,"column":41},"end":{"line":55,"column":42}}]},"2":{"loc":{"start":{"line":67,"column":4},"end":{"line":69,"column":null}},"type":"if","locations":[{"start":{"line":67,"column":4},"end":{"line":69,"column":null}},{"start":{"line":67,"column":4},"end":{"line":69,"column":null}}]},"3":{"loc":{"start":{"line":67,"column":8},"end":{"line":67,"column":11}},"type":"binary-expr","locations":[{"start":{"line":67,"column":8},"end":{"line":67,"column":11}},{"start":{"line":67,"column":15},"end":{"line":67,"column":18}}]},"4":{"loc":{"start":{"line":90,"column":35},"end":{"line":90,"column":42}},"type":"default-arg","locations":[{"start":{"line":90,"column":35},"end":{"line":90,"column":42}}]},"5":{"loc":{"start":{"line":98,"column":35},"end":{"line":98,"column":42}},"type":"default-arg","locations":[{"start":{"line":98,"column":35},"end":{"line":98,"column":42}}]},"6":{"loc":{"start":{"line":106,"column":4},"end":{"line":108,"column":null}},"type":"if","locations":[{"start":{"line":106,"column":4},"end":{"line":108,"column":null}},{"start":{"line":106,"column":4},"end":{"line":108,"column":null}}]},"7":{"loc":{"start":{"line":117,"column":4},"end":{"line":119,"column":null}},"type":"if","locations":[{"start":{"line":117,"column":4},"end":{"line":119,"column":null}},{"start":{"line":117,"column":4},"end":{"line":119,"column":null}}]},"8":{"loc":{"start":{"line":123,"column":4},"end":{"line":125,"column":null}},"type":"if","locations":[{"start":{"line":123,"column":4},"end":{"line":125,"column":null}},{"start":{"line":123,"column":4},"end":{"line":125,"column":null}}]},"9":{"loc":{"start":{"line":126,"column":4},"end":{"line":128,"column":null}},"type":"if","locations":[{"start":{"line":126,"column":4},"end":{"line":128,"column":null}},{"start":{"line":126,"column":4},"end":{"line":128,"column":null}}]},"10":{"loc":{"start":{"line":135,"column":4},"end":{"line":137,"column":null}},"type":"if","locations":[{"start":{"line":135,"column":4},"end":{"line":137,"column":null}},{"start":{"line":135,"column":4},"end":{"line":137,"column":null}}]},"11":{"loc":{"start":{"line":141,"column":27},"end":{"line":141,"column":42}},"type":"default-arg","locations":[{"start":{"line":141,"column":27},"end":{"line":141,"column":42}}]},"12":{"loc":{"start":{"line":141,"column":57},"end":{"line":141,"column":78}},"type":"default-arg","locations":[{"start":{"line":141,"column":57},"end":{"line":141,"column":78}}]},"13":{"loc":{"start":{"line":142,"column":4},"end":{"line":144,"column":null}},"type":"if","locations":[{"start":{"line":142,"column":4},"end":{"line":144,"column":null}},{"start":{"line":142,"column":4},"end":{"line":144,"column":null}}]},"14":{"loc":{"start":{"line":142,"column":8},"end":{"line":142,"column":19}},"type":"binary-expr","locations":[{"start":{"line":142,"column":8},"end":{"line":142,"column":19}},{"start":{"line":142,"column":23},"end":{"line":142,"column":78}}]},"15":{"loc":{"start":{"line":145,"column":4},"end":{"line":147,"column":null}},"type":"if","locations":[{"start":{"line":145,"column":4},"end":{"line":147,"column":null}},{"start":{"line":145,"column":4},"end":{"line":147,"column":null}}]},"16":{"loc":{"start":{"line":145,"column":8},"end":{"line":145,"column":32}},"type":"binary-expr","locations":[{"start":{"line":145,"column":8},"end":{"line":145,"column":32}},{"start":{"line":145,"column":36},"end":{"line":145,"column":64}}]},"17":{"loc":{"start":{"line":148,"column":4},"end":{"line":150,"column":null}},"type":"if","locations":[{"start":{"line":148,"column":4},"end":{"line":150,"column":null}},{"start":{"line":148,"column":4},"end":{"line":150,"column":null}}]},"18":{"loc":{"start":{"line":148,"column":8},"end":{"line":148,"column":38}},"type":"binary-expr","locations":[{"start":{"line":148,"column":8},"end":{"line":148,"column":38}},{"start":{"line":148,"column":42},"end":{"line":148,"column":64}}]},"19":{"loc":{"start":{"line":179,"column":37},"end":{"line":179,"column":38}},"type":"cond-expr","locations":[{"start":{"line":179,"column":37},"end":{"line":179,"column":38}},{"start":{"line":179,"column":41},"end":{"line":179,"column":48}}]},"20":{"loc":{"start":{"line":184,"column":37},"end":{"line":184,"column":38}},"type":"cond-expr","locations":[{"start":{"line":184,"column":37},"end":{"line":184,"column":38}},{"start":{"line":184,"column":41},"end":{"line":184,"column":48}}]},"21":{"loc":{"start":{"line":195,"column":11},"end":{"line":195,"column":23}},"type":"binary-expr","locations":[{"start":{"line":195,"column":11},"end":{"line":195,"column":23}},{"start":{"line":195,"column":27},"end":{"line":195,"column":39}}]},"22":{"loc":{"start":{"line":199,"column":11},"end":{"line":199,"column":23}},"type":"binary-expr","locations":[{"start":{"line":199,"column":11},"end":{"line":199,"column":23}},{"start":{"line":199,"column":27},"end":{"line":199,"column":39}}]},"23":{"loc":{"start":{"line":203,"column":11},"end":{"line":203,"column":21}},"type":"binary-expr","locations":[{"start":{"line":203,"column":11},"end":{"line":203,"column":21}},{"start":{"line":203,"column":25},"end":{"line":203,"column":38}}]},"24":{"loc":{"start":{"line":207,"column":11},"end":{"line":207,"column":21}},"type":"binary-expr","locations":[{"start":{"line":207,"column":11},"end":{"line":207,"column":21}},{"start":{"line":207,"column":25},"end":{"line":207,"column":38}}]},"25":{"loc":{"start":{"line":223,"column":28},"end":{"line":223,"column":29}},"type":"default-arg","locations":[{"start":{"line":223,"column":28},"end":{"line":223,"column":29}}]},"26":{"loc":{"start":{"line":224,"column":4},"end":{"line":226,"column":null}},"type":"if","locations":[{"start":{"line":224,"column":4},"end":{"line":226,"column":null}},{"start":{"line":224,"column":4},"end":{"line":226,"column":null}}]},"27":{"loc":{"start":{"line":224,"column":8},"end":{"line":224,"column":27}},"type":"binary-expr","locations":[{"start":{"line":224,"column":8},"end":{"line":224,"column":27}},{"start":{"line":224,"column":31},"end":{"line":224,"column":33}}]},"28":{"loc":{"start":{"line":228,"column":74},"end":{"line":228,"column":75}},"type":"cond-expr","locations":[{"start":{"line":228,"column":74},"end":{"line":228,"column":75}},{"start":{"line":228,"column":79},"end":{"line":228,"column":91}}]},"29":{"loc":{"start":{"line":256,"column":22},"end":{"line":256,"column":23}},"type":"default-arg","locations":[{"start":{"line":256,"column":22},"end":{"line":256,"column":23}}]},"30":{"loc":{"start":{"line":276,"column":29},"end":{"line":276,"column":30}},"type":"default-arg","locations":[{"start":{"line":276,"column":29},"end":{"line":276,"column":30}}]},"31":{"loc":{"start":{"line":277,"column":4},"end":{"line":279,"column":null}},"type":"if","locations":[{"start":{"line":277,"column":4},"end":{"line":279,"column":null}},{"start":{"line":277,"column":4},"end":{"line":279,"column":null}}]},"32":{"loc":{"start":{"line":277,"column":8},"end":{"line":277,"column":27}},"type":"binary-expr","locations":[{"start":{"line":277,"column":8},"end":{"line":277,"column":27}},{"start":{"line":277,"column":31},"end":{"line":277,"column":33}}]},"33":{"loc":{"start":{"line":281,"column":74},"end":{"line":281,"column":75}},"type":"cond-expr","locations":[{"start":{"line":281,"column":74},"end":{"line":281,"column":75}},{"start":{"line":281,"column":79},"end":{"line":281,"column":91}}]},"34":{"loc":{"start":{"line":289,"column":30},"end":{"line":289,"column":31}},"type":"default-arg","locations":[{"start":{"line":289,"column":30},"end":{"line":289,"column":31}}]},"35":{"loc":{"start":{"line":290,"column":4},"end":{"line":292,"column":null}},"type":"if","locations":[{"start":{"line":290,"column":4},"end":{"line":292,"column":null}},{"start":{"line":290,"column":4},"end":{"line":292,"column":null}}]},"36":{"loc":{"start":{"line":290,"column":8},"end":{"line":290,"column":27}},"type":"binary-expr","locations":[{"start":{"line":290,"column":8},"end":{"line":290,"column":27}},{"start":{"line":290,"column":31},"end":{"line":290,"column":33}}]},"37":{"loc":{"start":{"line":294,"column":74},"end":{"line":294,"column":75}},"type":"cond-expr","locations":[{"start":{"line":294,"column":74},"end":{"line":294,"column":75}},{"start":{"line":294,"column":79},"end":{"line":294,"column":91}}]},"38":{"loc":{"start":{"line":305,"column":35},"end":{"line":305,"column":36}},"type":"default-arg","locations":[{"start":{"line":305,"column":35},"end":{"line":305,"column":36}}]},"39":{"loc":{"start":{"line":305,"column":51},"end":{"line":305,"column":63}},"type":"default-arg","locations":[{"start":{"line":305,"column":51},"end":{"line":305,"column":63}}]},"40":{"loc":{"start":{"line":308,"column":4},"end":{"line":314,"column":null}},"type":"if","locations":[{"start":{"line":308,"column":4},"end":{"line":314,"column":null}},{"start":{"line":308,"column":4},"end":{"line":314,"column":null}}]},"41":{"loc":{"start":{"line":346,"column":29},"end":{"line":346,"column":30}},"type":"default-arg","locations":[{"start":{"line":346,"column":29},"end":{"line":346,"column":30}}]},"42":{"loc":{"start":{"line":358,"column":36},"end":{"line":358,"column":37}},"type":"default-arg","locations":[{"start":{"line":358,"column":36},"end":{"line":358,"column":37}}]},"43":{"loc":{"start":{"line":358,"column":52},"end":{"line":358,"column":64}},"type":"default-arg","locations":[{"start":{"line":358,"column":52},"end":{"line":358,"column":64}}]},"44":{"loc":{"start":{"line":361,"column":4},"end":{"line":367,"column":null}},"type":"if","locations":[{"start":{"line":361,"column":4},"end":{"line":367,"column":null}},{"start":{"line":361,"column":4},"end":{"line":367,"column":null}}]},"45":{"loc":{"start":{"line":373,"column":37},"end":{"line":373,"column":38}},"type":"default-arg","locations":[{"start":{"line":373,"column":37},"end":{"line":373,"column":38}}]},"46":{"loc":{"start":{"line":373,"column":53},"end":{"line":373,"column":65}},"type":"default-arg","locations":[{"start":{"line":373,"column":53},"end":{"line":373,"column":65}}]},"47":{"loc":{"start":{"line":376,"column":4},"end":{"line":382,"column":null}},"type":"if","locations":[{"start":{"line":376,"column":4},"end":{"line":382,"column":null}},{"start":{"line":376,"column":4},"end":{"line":382,"column":null}}]},"48":{"loc":{"start":{"line":389,"column":11},"end":{"line":389,"column":25}},"type":"binary-expr","locations":[{"start":{"line":389,"column":11},"end":{"line":389,"column":25}},{"start":{"line":389,"column":29},"end":{"line":389,"column":43}},{"start":{"line":389,"column":47},"end":{"line":389,"column":61}}]},"49":{"loc":{"start":{"line":392,"column":22},"end":{"line":392,"column":27}},"type":"default-arg","locations":[{"start":{"line":392,"column":22},"end":{"line":392,"column":27}}]},"50":{"loc":{"start":{"line":395,"column":18},"end":{"line":395,"column":32}},"type":"binary-expr","locations":[{"start":{"line":395,"column":18},"end":{"line":395,"column":32}},{"start":{"line":395,"column":36},"end":{"line":395,"column":64}}]},"51":{"loc":{"start":{"line":396,"column":11},"end":{"line":396,"column":16}},"type":"binary-expr","locations":[{"start":{"line":396,"column":11},"end":{"line":396,"column":16}},{"start":{"line":396,"column":20},"end":{"line":396,"column":25}},{"start":{"line":396,"column":29},"end":{"line":396,"column":34}}]},"52":{"loc":{"start":{"line":454,"column":24},"end":{"line":454,"column":27}},"type":"default-arg","locations":[{"start":{"line":454,"column":24},"end":{"line":454,"column":27}}]},"53":{"loc":{"start":{"line":454,"column":44},"end":{"line":454,"column":47}},"type":"default-arg","locations":[{"start":{"line":454,"column":44},"end":{"line":454,"column":47}}]},"54":{"loc":{"start":{"line":471,"column":47},"end":{"line":471,"column":50}},"type":"default-arg","locations":[{"start":{"line":471,"column":47},"end":{"line":471,"column":50}}]}},"s":{"0":7,"1":7,"2":7,"3":7,"4":7,"5":7,"6":7,"7":7,"8":7,"9":7,"10":7,"11":7,"12":7,"13":7,"14":7,"15":111523,"16":111523,"17":111523,"18":111523,"19":111523,"20":111523,"21":54822,"22":1119,"23":1119,"24":3,"25":1116,"26":1116,"27":1,"28":13,"29":13,"30":13,"31":13,"32":13,"33":2,"34":3,"35":3,"36":3,"37":3,"38":3,"39":3,"40":3,"41":7,"42":6,"43":1,"44":25907,"45":2,"46":25905,"47":25905,"48":25905,"49":25905,"50":9905,"51":16000,"52":3238,"53":12762,"54":20,"55":20,"56":20,"57":9,"58":11,"59":13,"60":1,"61":12,"62":7,"63":5,"64":4,"65":1,"66":25621,"67":15,"68":7,"69":7,"70":1,"71":1,"72":341,"73":341,"74":341,"75":7,"76":7,"77":7,"78":7,"79":30116,"80":30116,"81":30116,"82":6,"83":6,"84":3,"85":3,"86":4,"87":4,"88":1,"89":3,"90":3,"91":3,"92":3,"93":4,"94":4,"95":4,"96":1,"97":3,"98":4,"99":1,"100":3,"101":13,"102":13,"103":13,"104":13,"105":13,"106":1888,"107":1888,"108":1888,"109":1860,"110":1860,"111":28,"112":28,"113":1888,"114":1888,"115":1888,"116":3,"117":361,"118":8,"119":8,"120":8,"121":8,"122":8,"123":8,"124":8,"125":8,"126":8,"127":9,"128":9,"129":9,"130":4,"131":4,"132":4,"133":383,"134":383,"135":383,"136":1,"137":1,"138":382,"139":382,"140":383,"141":383,"142":383,"143":11,"144":11,"145":11,"146":1,"147":1,"148":10,"149":10,"150":11,"151":11,"152":11,"153":32497,"154":1116,"155":1116,"156":1116,"157":1116,"158":332,"159":1,"160":1182,"161":1,"162":1,"163":6,"164":3,"165":3,"166":3,"167":3,"168":6,"169":6,"170":6,"171":6,"172":3,"173":3,"174":3,"175":81,"176":81,"177":81,"178":10,"179":1,"180":1,"181":1,"182":1,"183":1,"184":360,"185":360,"186":360,"187":4,"188":4,"189":4,"190":4
[...]
line":233,"column":4}},"86":{"start":{"line":200,"column":32},"end":{"line":205,"column":6}},"87":{"start":{"line":207,"column":4},"end":{"line":207,"column":32}},"88":{"start":{"line":208,"column":22},"end":{"line":209,"column":107}},"89":{"start":{"line":209,"column":46},"end":{"line":209,"column":106}},"90":{"start":{"line":210,"column":34},"end":{"line":210,"column":48}},"91":{"start":{"line":211,"column":4},"end":{"line":214,"column":null}},"92":{"start":{"line":211,"column":17},"end":{"line":211,"column":18}},"93":{"start":{"line":212,"column":6},"end":{"line":212,"column":42}},"94":{"start":{"line":213,"column":6},"end":{"line":213,"column":51}},"95":{"start":{"line":215,"column":4},"end":{"line":218,"column":null}},"96":{"start":{"line":215,"column":17},"end":{"line":215,"column":18}},"97":{"start":{"line":216,"column":6},"end":{"line":216,"column":42}},"98":{"start":{"line":217,"column":6},"end":{"line":217,"column":51}},"99":{"start":{"line":219,"column":4},"end":{"line":229,"column":null}},"100":{"start":{"line":220,"column":20},"end":{"line":220,"column":37}},"101":{"start":{"line":221,"column":6},"end":{"line":228,"column":null}},"102":{"start":{"line":222,"column":25},"end":{"line":222,"column":61}},"103":{"start":{"line":223,"column":22},"end":{"line":223,"column":77}},"104":{"start":{"line":224,"column":8},"end":{"line":227,"column":null}},"105":{"start":{"line":225,"column":10},"end":{"line":225,"column":66}},"106":{"start":{"line":226,"column":10},"end":{"line":226,"column":37}},"107":{"start":{"line":231,"column":14},"end":{"line":231,"column":43}},"108":{"start":{"line":232,"column":4},"end":{"line":232,"column":49}},"109":{"start":{"line":41,"column":4},"end":{"line":41,"column":21}},"110":{"start":{"line":42,"column":4},"end":{"line":42,"column":52}},"111":{"start":{"line":46,"column":19},"end":{"line":46,"column":53}},"112":{"start":{"line":47,"column":18},"end":{"line":47,"column":73}},"113":{"start":{"line":47,"column":46},"end":{"line":47,"column":72}},"114":{"start":{"line":48,"column":24},"end":{"line":48,"column":57}},"115":{"start":{"line":49,"column":24},"end":{"line":49,"column":103}},"116":{"start":{"line":49,"column":68},"end":{"line":49,"column":102}},"117":{"start":{"line":50,"column":23},"end":{"line":51,"column":107}},"118":{"start":{"line":50,"column":81},"end":{"line":51,"column":106}},"119":{"start":{"line":50,"column":111},"end":{"line":51,"column":41}},"120":{"start":{"line":51,"column":67},"end":{"line":51,"column":105}},"121":{"start":{"line":53,"column":4},"end":{"line":59,"column":7}},"122":{"start":{"line":54,"column":18},"end":{"line":54,"column":30}},"123":{"start":{"line":55,"column":6},"end":{"line":57,"column":null}},"124":{"start":{"line":56,"column":8},"end":{"line":56,"column":39}},"125":{"start":{"line":58,"column":6},"end":{"line":58,"column":17}},"126":{"start":{"line":63,"column":4},"end":{"line":66,"column":6}},"127":{"start":{"line":65,"column":21},"end":{"line":65,"column":108}},"128":{"start":{"line":97,"column":14},"end":{"line":97,"column":23}},"129":{"start":{"line":98,"column":14},"end":{"line":98,"column":19}},"130":{"start":{"line":99,"column":4},"end":{"line":111,"column":null}},"131":{"start":{"line":99,"column":17},"end":{"line":99,"column":18}},"132":{"start":{"line":100,"column":6},"end":{"line":110,"column":null}},"133":{"start":{"line":100,"column":19},"end":{"line":100,"column":20}},"134":{"start":{"line":101,"column":8},"end":{"line":106,"column":null}},"135":{"start":{"line":102,"column":10},"end":{"line":102,"column":21}},"136":{"start":{"line":103,"column":10},"end":{"line":103,"column":21}},"137":{"start":{"line":104,"column":10},"end":{"line":104,"column":21}},"138":{"start":{"line":105,"column":10},"end":{"line":105,"column":19}},"139":{"start":{"line":107,"column":8},"end":{"line":109,"column":null}},"140":{"start":{"line":108,"column":10},"end":{"line":108,"column":34}},"141":{"start":{"line":112,"column":4},"end":{"line":112,"column":16}},"142":{"start":{"line":116,"column":14},"end":{"line":116,"column":15}},"143":{"start":{"line":117,"column":14},"end":{"line":117,"column":23}},"144":{"start":{"line":118,"column":4},"end":{"line":124,"column":null}},"145":{"start":{"line":118,"column":17},"end":{"line":118,"column":18}},"146":{"start":{"line":119,"column":6},"end":{"line":123,"column":null}},"147":{"start":{"line":119,"column":19},"end":{"line":119,"column":20}},"148":{"start":{"line":120,"column":8},"end":{"line":122,"column":null}},"149":{"start":{"line":121,"column":10},"end":{"line":121,"column":16}},"150":{"start":{"line":125,"column":4},"end":{"line":125,"column":15}},"151":{"start":{"line":235,"column":82},"end":{"line":235,"column":101}},"152":{"start":{"line":236,"column":4},"end":{"line":236,"column":111}},"153":{"start":{"line":236,"column":50},"end":{"line":236,"column":109}},"154":{"start":{"line":236,"column":89},"end":{"line":236,"column":108}},"155":{"start":{"line":36,"column":0},"end":{"line":36,"column":13}}},"fnMap":{"0":{"name":"(anonymous_0)","decl":{"start":{"line":5,"column":20},"end":{"line":5,"column":21}},"loc":{"start":{"line":5,"column":31},"end":{"line":8,"column":35}}},"1":{"name":"(anonymous_1)","decl":{"start":{"line":8,"column":7},"end":{"line":8,"column":8}},"loc":{"start":{"line":8,"column":33},"end":{"line":8,"column":34}}},"2":{"name":"(anonymous_2)","decl":{"start":{"line":10,"column":0},"end":{"line":10,"column":12}},"loc":{"start":{"line":10,"column":29},"end":{"line":13,"column":1}}},"3":{"name":"(anonymous_3)","decl":{"start":{"line":17,"column":22},"end":{"line":17,"column":null}},"loc":{"start":{"line":21,"column":23},"end":{"line":26,"column":1}}},"4":{"name":"(anonymous_4)","decl":{"start":{"line":28,"column":22},"end":{"line":28,"column":23}},"loc":{"start":{"line":28,"column":98},"end":{"line":34,"column":1}}},"5":{"name":"(anonymous_5)","decl":{"start":{"line":40,"column":2},"end":{"line":40,"column":14}},"loc":{"start":{"line":40,"column":63},"end":{"line":43,"column":3}}},"6":{"name":"(anonymous_6)","decl":{"start":{"line":69,"column":29},"end":{"line":69,"column":30}},"loc":{"start":{"line":69,"column":70},"end":{"line":94,"column":3}}},"7":{"name":"(anonymous_7)","decl":{"start":{"line":74,"column":57},"end":{"line":74,"column":60}},"loc":{"start":{"line":74,"column":63},"end":{"line":74,"column":82}}},"8":{"name":"(anonymous_8)","decl":{"start":{"line":128,"column":34},"end":{"line":128,"column":35}},"loc":{"start":{"line":128,"column":66},"end":{"line":151,"column":3}}},"9":{"name":"(anonymous_9)","decl":{"start":{"line":150,"column":25},"end":{"line":150,"column":26}},"loc":{"start":{"line":150,"column":42},"end":{"line":150,"column":54}}},"10":{"name":"(anonymous_10)","decl":{"start":{"line":153,"column":23},"end":{"line":153,"column":24}},"loc":{"start":{"line":153,"column":70},"end":{"line":197,"column":3}}},"11":{"name":"(anonymous_11)","decl":{"start":{"line":165,"column":17},"end":{"line":165,"column":18}},"loc":{"start":{"line":165,"column":32},"end":{"line":165,"column":89}}},"12":{"name":"(anonymous_12)","decl":{"start":{"line":166,"column":18},"end":{"line":166,"column":19}},"loc":{"start":{"line":166,"column":33},"end":{"line":166,"column":90}}},"13":{"name":"(anonymous_13)","decl":{"start":{"line":199,"column":29},"end":{"line":199,"column":30}},"loc":{"start":{"line":199,"column":70},"end":{"line":233,"column":3}}},"14":{"name":"(anonymous_14)","decl":{"start":{"line":209,"column":31},"end":{"line":209,"column":32}},"loc":{"start":{"line":209,"column":46},"end":{"line":209,"column":106}}},"15":{"name":"(anonymous_15)","decl":{"start":{"line":45,"column":2},"end":{"line":45,"column":17}},"loc":{"start":{"line":45,"column":17},"end":{"line":60,"column":3}}},"16":{"name":"(anonymous_16)","decl":{"start":{"line":47,"column":29},"end":{"line":47,"column":30}},"loc":{"start":{"line":47,"column":46},"end":{"line":47,"column":72}}},"17":{"name":"(anonymous_17)","decl":{"start":{"line":49,"column":40},"end":{"line":49,"column":41}},"loc":{"start":{"line":49,"column":68},"end":{"line":49,"column":102}}},"18":{"name":"(anonymous_18)","decl":{"start":{"line":50,"column":39},"end":{"line":50,"column":40}},"loc":{"start":{"line":50,"column":81},"end":{"line":51,"column":106}}},"19":{"name":"(anonymous_19)","decl":{"start":{"line":50,"column":94},"end":{"line":50,"column":95}},"loc":{"start":{"line":50,"column":111},"end":{"line":51,"column":41}}},"20":{"name":"(anonymous_20)","decl":{"start":{"line":51,"column":50},"end":{"line":51,"column":51}},"loc":{"start":{"line":51,"column":67},"end":{"line":51,"column":105}}},"21":{"name":"(anonymous_21)","decl":{"start":{"line":53,"column":22},"end":{"line":53,"column":23}},"loc":{"start":{"line":53,"column":53},"end":{"line":59,"column":5}}},"22":{"name":"(anonymous_22)","decl":{"start":{"line":62,"column":10},"end":{"line":62,"column":23}},"loc":{"start":{"line":62,"column":39},"end":{"line":67,"column":3}}},"23":{"name":"(anonymous_23)","decl":{"start":{"line":65,"column":6},"end":{"line":65,"column":7}},"loc":{"start":{"line":65,"column":21},"end":{"line":65,"column":108}}},"24":{"name":"(anonymous_24)","decl":{"start":{"line":96,"column":10},"end":{"line":96,"column":20}},"loc":{"start":{"line":96,"column":51},"end":{"line":113,"column":3}}},"25":{"name":"(anonymous_25)","decl":{"start":{"line":115,"column":10},"end":{"line":115,"column":28}},"loc":{"start":{"line":115,"column":44},"end":{"line":126,"column":3}}},"26":{"name":"(anonymous_26)","decl":{"start":{"line":235,"column":2},"end":{"line":235,"column":8}},"loc":{"start":{"line":235,"column":101},"end":{"line":237,"column":3}}},"27":{"name":"(anonymous_27)","decl":{"start":{"line":235,"column":76},"end":{"line":235,"column":79}},"loc":{"start":{"line":235,"column":82},"end":{"line":235,"column":101}}},"28":{"name":"(anonymous_28)","decl":{"start":{"line":236,"column":35},"end":{"line":236,"column":36}},"loc":{"start":{"line":236,"column":50},"end":{"line":236,"column":109}}},"29":{"name":"(anonymous_29)","decl":{"start":{"line":236,"column":74},"end":{"line":236,"column":75}},"loc":{"start":{"line":236,"column":89},"end":{"line":236,"column":108}}}},"branchMap":{"0":{"loc":{"start":{"line":5,"column":25},"end":{"line":5,"column":26}},"type":"default-arg","locations":[{"start":{"line":5,"column":25},"end":{"line":5,"column":26}}]},"1":{"loc":{"start":{"line":10,"column":12},"end":{"line":10,"column":29}},"type":"binary-expr","locations":[{"start":{"line":10,"column":12},"end":{"line":10,"column":29}},{"start":{"line":10,"column":12},"end":{"line":10,"column":null}}]},"2":{"loc":{"start":{"line":20,"column":36},"end":{"line":20,"column":55}},"type":"default-arg","locations":[{"start":{"line":20,"column":36},"end":{"line":20,"column":55}}]},"3":{"loc":{"start":{"line":22,"column":2},"end":{"line":24,"column":null}},"type":"if","locations":[{"start":{"line":22,"column":2},"end":{"line":24,"column":null}},{"start":{"line":22,"column":2},"end":{"line":24,"column":null}}]},"4":{"loc":{"start":{"line":22,"column":6},"end":{"line":22,"column":26}},"type":"binary-expr","locations":[{"start":{"line":22,"column":6},"end":{"line":22,"column":26}},{"start":{"line":22,"column":30},"end":{"line":22,"column":55}}]},"5":{"loc":{"start":{"line":29,"column":2},"end":{"line":31,"column":null}},"type":"if","locations":[{"start":{"line":29,"column":2},"end":{"line":31,"column":null}},{"start":{"line":29,"column":2},"end":{"line":31,"column":null}}]},"6":{"loc":{"start":{"line":29,"column":6},"end":{"line":29,"column":26}},"type":"binary-expr","locations":[{"start":{"line":29,"column":6},"end":{"line":29,"column":26}},{"start":{"line":29,"column":30},"end":{"line":29,"column":55}}]},"7":{"loc":{"start":{"line":71,"column":4},"end":{"line":92,"column":null}},"type":"if","locations":[{"start":{"line":71,"column":4},"end":{"line":92,"column":null}},{"start":{"line":71,"column":4},"end":{"line":92,"column":null}}]},"8":{"loc":{"start":{"line":71,"column":8},"end":{"line":71,"column":9}},"type":"binary-expr","locations":[{"start":{"line":71,"column":8},"end":{"line":71,"column":9}},{"start":{"line":71,"column":13},"end":{"line":71,"column":56}}]},"9":{"loc":{"start":{"line":81,"column":12},"end":{"line":87,"column":null}},"type":"if","locations":[{"start":{"line":81,"column":12},"end":{"line":87,"column":null}},{"start":{"line":81,"column":12},"end":{"line":87,"column":null}}]},"10":{"loc":{"start":{"line":82,"column":14},"end":{"line":82,"column":83}},"type":"binary-expr","locations":[{"start":{"line":82,"column":14},"end":{"line":82,"column":83}},{"start":{"line":83,"column":14},"end":{"line":83,"column":78}}]},"11":{"loc":{"start":{"line":130,"column":4},"end":{"line":132,"column":null}},"type":"if","locations":[{"start":{"line":130,"column":4},"end":{"line":132,"column":null}},{"start":{"line":130,"column":4},"end":{"line":132,"column":null}}]},"12":{"loc":{"start":{"line":141,"column":13},"end":{"line":141,"column":17}},"type":"binary-expr","locations":[{"start":{"line":141,"column":13},"end":{"line":141,"column":17}},{"start":{"line":141,"column":21},"end":{"line":141,"column":34}}]},"13":{"loc":{"start":{"line":168,"column":4},"end":{"line":171,"column":null}},"type":"if","locations":[{"start":{"line":168,"column":4},"end":{"line":171,"column":null}},{"start":{"line":168,"column":4},"end":{"line":171,"column":null}}]},"14":{"loc":{"start":{"line":178,"column":11},"end":{"line":178,"column":31}},"type":"binary-expr","locations":[{"start":{"line":178,"column":11},"end":{"line":178,"column":31}},{"start":{"line":178,"column":35},"end":{"line":178,"column":52}}]},"15":{"loc":{"start":{"line":183,"column":8},"end":{"line":185,"column":null}},"type":"if","locations":[{"start":{"line":183,"column":8},"end":{"line":185,"column":null}},{"start":{"line":183,"column":8},"end":{"line":185,"column":null}}]},"16":{"loc":{"start":{"line":183,"column":12},"end":{"line":183,"column":45}},"type":"binary-expr","locations":[{"start":{"line":183,"column":12},"end":{"line":183,"column":45}},{"start":{"line":183,"column":49},"end":{"line":183,"column":91}}]},"17":{"loc":{"start":{"line":188,"column":6},"end":{"line":191,"column":null}},"type":"if","locations":[{"start":{"line":188,"column":6},"end":{"line":191,"column":null}},{"start":{"line":188,"column":6},"end":{"line":191,"column":null}}]},"18":{"loc":{"start":{"line":209,"column":65},"end":{"line":209,"column":84}},"type":"cond-expr","locations":[{"start":{"line":209,"column":65},"end":{"line":209,"column":84}},{"start":{"line":209,"column":87},"end":{"line":209,"column":106}}]},"19":{"loc":{"start":{"line":224,"column":8},"end":{"line":227,"column":null}},"type":"if","locations":[{"start":{"line":224,"column":8},"end":{"line":227,"column":null}},{"start":{"line":224,"column":8},"end":{"line":227,"column":null}}]},"20":{"loc":{"start":{"line":232,"column":40},"end":{"line":232,"column":41}},"type":"cond-expr","locations":[{"start":{"line":232,"column":40},"end":{"line":232,"column":41}},{"start":{"line":232,"column":44},"end":{"line":232,"column":48}}]},"21":{"loc":{"start":{"line":49,"column":68},"end":{"line":49,"column":69}},"type":"binary-expr","locations":[{"start":{"line":49,"column":68},"end":{"line":49,"column":69}},{"start":{"line":49,"column":73},"end":{"line":49,"column":102}}]},"22":{"loc":{"start":{"line":50,"column":81},"end":{"line":50,"column":83}},"type":"binary-expr","locations":[{"start":{"line":50,"column":81},"end":{"line":50,"column":83}},{"start":{"line":50,"column":87},"end":{"line":51,"column":106}}]},"23":{"loc":{"start":{"line":55,"column":6},"end":{"line":57,"column":null}},"type":"if","locations":[{"start":{"line":55,"column":6},"end":{"line":57,"column":null}},{"start":{"line":55,"column":6},"end":{"line":57,"column":null}}]},"24":{"loc":{"start":{"line":55,"column":10},"end":{"line":55,"column":28}},"type":"binary-expr","locations":[{"start":{"line":55,"column":10},"end":{"line":55,"column":28}},{"start":{"line":55,"column":32},"end":{"line":55,"column":58}}]},"25":{"loc":{"start":{"line":65,"column":67},"end":{"line":65,"column":86}},"type":"cond-expr","locations":[{"start":{"line":65,"column":67},"end":{"line":65,"column":86}},{"start":{"line":65,"column":89},"end":{"line":65,"column":108}}]},"26":{"loc":{"start":{"line":101,"column":8},"end":{"line":106,"column":null}},"type":"if","locations":[{"start":{"line":101,"column":8},"end":{"line":106,"column":null}},{"start":{"line":101,"column":8},"end":{"line":106,"column":null}}]},"27":{"loc":{"start":{"line":101,"column":12},"end":{"line":101,"column":16}},"type":"binary-expr","locations":[{"start":{"line":101,"column":12},"end":{"line":101,"column":16}},{"start":{"line":101,"column":20},"end":{"line":101,"column":24}}]},"28":{"loc":{"start":{"line":107,"column":8},"end":{"line":109,"column":null}},"type":"if","locations":[{"start":{"line":107,"column":8},"end":{"line":109,"column":null}},{"start":{"line":107,"column":8},"end":{"line":109,"column":null}}]},"29":{"loc":{"start":{"line":120,"column":8},"end":{"line":122,"column":null}},"type":"if","locations":[{"start":{"line":120,"column":8},"end":{"line":122,"column":null}},{"start":{"line":120,"column":8},"end":{"line":122,"column":null}}]},"30":{"loc":{"start":{"line":235,"column":76},"end":{"line":235,"column":101}},"type":"default-arg","locations":[{"start":{"line":235,"column":76},"end":{"line":235,"column":101}}]}},"s":{"0":7,"1":7,"2":7,"3":7,"4":143,"5":1430,"6":7,"7":7,"8":7,"9":7,"10":3856,"11":480,"12":3376,"13":7,"14":300,"15":0,"16":300,"17":300,"18":2,"19":5,"20":5,"21":5,"22":5,"23":5,"24":500,"25":5,"26":5,"27":58,"28":58,"29":58,"30":174,"31":174,"32":522,"33":522,"34":53,"35":53,"36":58,"37":5,"38":2,"39":4,"40":4,"41":0,"42":4,"43":4,"44":4,"45":4,"46":4,"47":4,"48":4,"49":1,"50":1,"51":14,"52":1,"53":1,"54":1,"55":1,"56":1,"57":4,"58":5,"59":2,"60":3,"61":3,"62":266,"63":3,"64":119,"65":3,"66":0,"67":0,"68":3,"69":3,"70":3,"71":3,"72":3,"73":49,"74":168,"75":168,"76":168,"77":49,"78":119,"79":49,"80":22,"81":22,"82":49,"83":49,"84":3,"85":2,"86":3,"87":3,"88":3,"89":300,"90":3,"91":3,"92":3,"93":30,"94":30,"95":3,"96":3,"97":30,"98":30,"99":3,"100":362,"101":362,"102":1448,"103":1448,"104":1448,"105":242,"106":242,"107":3,"108":3,"109":2,"110":2,"111":2,"112":2,"113":3,"114":2,"115":2,"116":3,"117":2,"118":3,"119":0,"120":0,"121":2,"122":3,"123":3,"124":0,"125":3,"126":3,"127":300,"128":19,"129":19,"130":19,"131":19,"132":35,"133":35,"134":194,"135":14,"136":14,"137":14,"138":14,"139":180,"140":19,"141":0,"142":8,"143":8,"144":8,"145":8,"146":80,"147":80,"148":800,"149":87,"150":8,"151":0,"152":13,"153":130,"154":1300,"155":7},"f":{"0":143,"1":1430,"2":7,"3":3856,"4":300,"5":2,"6":5,"7":500,"8":4,"9":5,"10":3,"11":266,"12":119,"13":3,"14":300,"15":2,"16":3,"17":3,"18":3,"19":0,"20":0,"21":3,"22":3,"23":300,"24":19,"25":8,"26":13,"27":0,"28":130,"29":1300},"b":{"0":[0],"1":[7,7],"2":[1621],"3":[480,3376],"4":[3856,3604],"5":[0,300],"6":[300,300],"7":[5,0],"8":[5,5],"9":[53,469],"10":[522,265],"11":[0,4],"12":[15,15],"13":[0,3],"14":[52,6],"15":[49,119],"16":[168,49],"17":[22,27],"18":[56,244],"19":[242,1206],"20":[2,1],"21":[3,2],"22":[3,2],"23":[0,3],"24":[3,2],"25":[2,298],"26":[14,180],"27":[194,163],"28":[19,161],"29":[87,713],"30":[0]}}
,"/home/runner/work/DGeoUtils/DGeoUtils/src/index.ts": {"path":"/home/runner/work/DGeoUtils/DGeoUtils/src/index.ts","statementMap":{"0":{"start":{"line":1,"column":0},"end":{"line":1,"column":26}},"1":{"start":{"line":2,"column":0},"end":{"line":2,"column":24}},"2":{"start":{"line":3,"column":0},"end":{"line":3,"column":27}},"3":{"start":{"line":4,"column":0},"end":{"line":4,"column":25}},"4":{"start":{"line":5,"column":0},"end":{"line":5,"column":27}},"5":{"start":{"line":6,"column":0},"end":{"line":6,"column":29}},"6":{"start":{"line":7,"column":0},"end":{"line":7,"column":30}}},"fnMap":{},"branchMap":{},"s":{"0":7,"1":7,"2":7,"3":7,"4":7,"5":7,"6":7},"f":{},"b":{}}
}
