{"total": {"lines":{"total":1106,"covered":1079,"skipped":0,"pct":97.56},"statements":{"total":1193,"covered":1157,"skipped":0,"pct":96.98},"functions":{"total":293,"covered":282,"skipped":0,"pct":96.25},"branches":{"total":529,"covered":483,"skipped":0,"pct":91.3}}
,"/home/runner/work/DGeoUtils/DGeoUtils/src/DCircle.ts": {"lines":{"total":54,"covered":54,"skipped":0,"pct":100},"functions":{"total":9,"covered":9,"skipped":0,"pct":100},"statements":{"total":56,"covered":56,"skipped":0,"pct":100},"branches":{"total":18,"covered":18,"skipped":0,"pct":100}}
,"/home/runner/work/DGeoUtils/DGeoUtils/src/DLine.ts": {"lines":{"total":152,"covered":150,"skipped":0,"pct":98.68},"functions":{"total":25,"covered":25,"skipped":0,"pct":100},"statements":{"total":152,"covered":150,"skipped":0,"pct":98.68},"branches":{"total":104,"covered":96,"skipped":0,"pct":92.31}}
,"/home/runner/work/DGeoUtils/DGeoUtils/src/DNumbers.ts": {"lines":{"total":9,"covered":9,"skipped":0,"pct":100},"functions":{"total":6,"covered":6,"skipped":0,"pct":100},"statements":{"total":9,"covered":9,"skipped":0,"pct":100},"branches":{"total":1,"covered":1,"skipped":0,"pct":100}}
,"/home/runner/work/DGeoUtils/DGeoUtils/src/DPoint.ts": {"lines":{"total":198,"covered":198,"skipped":0,"pct":100},"functions":{"total":66,"covered":66,"skipped":0,"pct":100},"statements":{"total":198,"covered":198,"skipped":0,"pct":100},"branches":{"total":91,"covered":90,"skipped":0,"pct":98.9}}
,"/home/runner/work/DGeoUtils/DGeoUtils/src/DPolygon.ts": {"lines":{"total":536,"covered":519,"skipped":0,"pct":96.83},"functions":{"total":154,"covered":146,"skipped":0,"pct":94.81},"statements":{"total":602,"covered":577,"skipped":0,"pct":95.85},"branches":{"total":244,"covered":215,"skipped":0,"pct":88.11}}
,"/home/runner/work/DGeoUtils/DGeoUtils/src/FastSearch.ts": {"lines":{"total":13,"covered":13,"skipped":0,"pct":100},"functions":{"total":3,"covered":3,"skipped":0,"pct":100},"statements":{"total":13,"covered":13,"skipped":0,"pct":100},"branches":{"total":12,"covered":11,"skipped":0,"pct":91.67}}
,"/home/runner/work/DGeoUtils/DGeoUtils/src/TraceMatrix.ts": {"lines":{"total":137,"covered":129,"skipped":0,"pct":94.16},"functions":{"total":30,"covered":27,"skipped":0,"pct":90},"statements":{"total":156,"covered":147,"skipped":0,"pct":94.23},"branches":{"total":59,"covered":52,"skipped":0,"pct":88.14}}
,"/home/runner/work/DGeoUtils/DGeoUtils/src/index.ts": {"lines":{"total":7,"covered":7,"skipped":0,"pct":100},"functions":{"total":0,"covered":0,"skipped":0,"pct":100},"statements":{"total":7,"covered":7,"skipped":0,"pct":100},"branches":{"total":0,"covered":0,"skipped":0,"pct":100}}
}
