TN:
SF:src/DCircle.ts
FN:10,(anonymous_0)
FN:15,(anonymous_1)
FN:19,(anonymous_2)
FN:23,(anonymous_3)
FN:31,(anonymous_4)
FN:73,(anonymous_5)
FN:77,(anonymous_6)
FN:89,(anonymous_7)
FN:100,(anonymous_8)
FNF:9
FNH:9
FNDA:51,(anonymous_0)
FNDA:5,(anonymous_1)
FNDA:1,(anonymous_2)
FNDA:1,(anonymous_3)
FNDA:6,(anonymous_4)
FNDA:6,(anonymous_5)
FNDA:1,(anonymous_6)
FNDA:4,(anonymous_7)
FNDA:256,(anonymous_8)
DA:1,7
DA:2,7
DA:3,7
DA:4,7
DA:6,7
DA:7,51
DA:8,51
DA:11,51
DA:12,51
DA:16,5
DA:20,1
DA:24,1
DA:32,6
DA:33,1
DA:38,5
DA:42,5
DA:44,5
DA:46,5
DA:47,5
DA:48,5
DA:50,5
DA:51,5
DA:52,5
DA:53,5
DA:55,5
DA:56,5
DA:58,5
DA:59,5
DA:60,5
DA:61,5
DA:63,5
DA:64,5
DA:65,4
DA:67,5
DA:68,3
DA:70,5
DA:74,6
DA:78,1
DA:79,1
DA:80,1
DA:81,64
DA:82,64
DA:83,64
DA:84,64
DA:86,1
DA:90,4
DA:93,4
DA:94,4
DA:95,256
DA:97,4
DA:101,256
DA:102,256
DA:103,256
DA:104,256
DA:107,256
DA:112,256
LF:56
LH:56
BRDA:32,0,0,1
BRDA:32,0,1,5
BRDA:64,1,0,4
BRDA:64,1,1,1
BRDA:64,2,0,5
BRDA:64,2,1,4
BRDA:67,3,0,3
BRDA:67,3,1,2
BRDA:67,4,0,5
BRDA:67,4,1,4
BRDA:67,4,2,4
BRDA:67,5,0,4
BRDA:67,5,1,2
BRDA:74,6,0,6
BRDA:74,6,1,1
BRDA:77,7,0,1
BRDA:89,8,0,4
BRDA:100,9,0,256
BRF:18
BRH:18
end_of_record
TN:
SF:src/DLine.ts
FN:12,(anonymous_0)
FN:20,(anonymous_1)
FN:24,(anonymous_2)
FN:35,(anonymous_3)
FN:54,(anonymous_4)
FN:62,(anonymous_5)
FN:119,(anonymous_6)
FN:127,(anonymous_7)
FN:131,(anonymous_8)
FN:135,(anonymous_9)
FN:139,(anonymous_10)
FN:143,(anonymous_11)
FN:147,(anonymous_12)
FN:155,(anonymous_13)
FN:169,(anonymous_14)
FN:184,(anonymous_15)
FN:223,(anonymous_16)
FN:227,(anonymous_17)
FN:231,(anonymous_18)
FN:238,(anonymous_19)
FN:245,(anonymous_20)
FN:276,(anonymous_21)
FN:289,(anonymous_22)
FN:311,(anonymous_23)
FN:326,(anonymous_24)
FNF:25
FNH:25
FNDA:34425,(anonymous_0)
FNDA:1,(anonymous_1)
FNDA:204,(anonymous_2)
FNDA:53,(anonymous_3)
FNDA:16696,(anonymous_4)
FNDA:29,(anonymous_5)
FNDA:12048,(anonymous_6)
FNDA:12049,(anonymous_7)
FNDA:12049,(anonymous_8)
FNDA:12049,(anonymous_9)
FNDA:12049,(anonymous_10)
FNDA:1,(anonymous_11)
FNDA:3,(anonymous_12)
FNDA:4886,(anonymous_13)
FNDA:4396,(anonymous_14)
FNDA:16856,(anonymous_15)
FNDA:29,(anonymous_16)
FNDA:59221,(anonymous_17)
FNDA:52229,(anonymous_18)
FNDA:1075,(anonymous_19)
FNDA:48,(anonymous_20)
FNDA:1,(anonymous_21)
FNDA:47,(anonymous_22)
FNDA:228,(anonymous_23)
FNDA:131,(anonymous_24)
DA:1,7
DA:3,7
DA:5,7
DA:6,34425
DA:7,34425
DA:8,34425
DA:9,34425
DA:10,34425
DA:13,34425
DA:14,34425
DA:15,34425
DA:16,34425
DA:17,34425
DA:21,1
DA:25,204
DA:32,204
DA:36,53
DA:43,53
DA:44,53
DA:45,53
DA:55,16696
DA:56,16696
DA:57,9864
DA:59,6832
DA:63,29
DA:64,29
DA:65,29
DA:66,29
DA:67,29
DA:68,22
DA:70,29
DA:71,1
DA:73,29
DA:74,26
DA:75,26
DA:76,3
DA:77,3
DA:79,3
DA:80,1
DA:81,1
DA:82,1
DA:83,1
DA:86,2
DA:87,2
DA:88,2
DA:89,2
DA:90,2
DA:93,23
DA:94,21
DA:95,21
DA:97,2
DA:98,1
DA:99,1
DA:101,1
DA:102,1
DA:103,1
DA:104,1
DA:105,1
DA:106,1
DA:108,3
DA:109,2
DA:111,1
DA:120,12048
DA:121,12048
DA:122,12048
DA:123,12048
DA:124,12048
DA:128,12049
DA:132,12049
DA:136,12049
DA:140,12049
DA:144,1
DA:148,3
DA:156,4886
DA:157,115
DA:159,4771
DA:160,198
DA:162,4573
DA:170,4396
DA:171,1
DA:173,4395
DA:174,1
DA:176,4394
DA:185,16856
DA:186,4739
DA:188,12117
DA:189,1988
DA:191,10129
DA:192,747
DA:194,9382
DA:195,581
DA:197,8801
DA:198,8
DA:199,8
DA:201,8793
DA:202,2226
DA:203,2226
DA:205,6567
DA:206,127
DA:207,127
DA:209,6440
DA:210,2182
DA:211,2182
DA:213,4258
DA:214,4258
DA:215,108
DA:217,4150
DA:224,29
DA:228,59221
DA:232,52229
DA:239,1075
DA:246,48
DA:251,48
DA:252,48
DA:253,48
DA:254,5
DA:255,1
DA:256,4
DA:257,3
DA:259,1
DA:260,43
DA:261,17
DA:262,3
DA:263,14
DA:264,11
DA:266,3
DA:268,26
DA:269,2
DA:270,24
DA:271,1
DA:273,23
DA:280,1
DA:281,1
DA:290,47
DA:291,47
DA:292,47
DA:293,47
DA:294,47
DA:295,47
DA:296,47
DA:297,47
DA:298,47
DA:299,47
DA:300,47
DA:301,8
DA:303,39
DA:313,228
DA:314,228
DA:315,0
DA:316,228
DA:317,0
DA:319,228
DA:327,131
DA:328,131
DA:329,131
DA:330,131
LF:156
LH:154
BRDA:12,0,0,0
BRDA:12,1,0,0
BRDA:12,2,0,0
BRDA:12,3,0,701
BRDA:12,4,0,702
BRDA:54,5,0,16369
BRDA:56,6,0,9864
BRDA:56,6,1,6832
BRDA:57,7,0,624
BRDA:57,7,1,9240
BRDA:57,8,0,9864
BRDA:57,8,1,2034
BRDA:67,9,0,22
BRDA:67,9,1,7
BRDA:70,10,0,1
BRDA:70,10,1,28
BRDA:73,11,0,26
BRDA:73,11,1,3
BRDA:75,12,0,3
BRDA:75,12,1,23
BRDA:79,13,0,1
BRDA:79,13,1,2
BRDA:86,14,0,2
BRDA:86,14,1,0
BRDA:93,15,0,21
BRDA:93,15,1,2
BRDA:97,16,0,1
BRDA:97,16,1,1
BRDA:108,17,0,2
BRDA:108,17,1,1
BRDA:119,18,0,107
BRDA:122,19,0,12048
BRDA:122,19,1,8109
BRDA:123,20,0,12048
BRDA:123,20,1,8075
BRDA:124,21,0,12048
BRDA:124,21,1,3412
BRDA:156,22,0,115
BRDA:156,22,1,4771
BRDA:159,23,0,198
BRDA:159,23,1,4573
BRDA:170,24,0,1
BRDA:170,24,1,4395
BRDA:173,25,0,1
BRDA:173,25,1,4394
BRDA:185,26,0,4739
BRDA:185,26,1,12117
BRDA:185,27,0,16856
BRDA:185,27,1,5328
BRDA:188,28,0,1988
BRDA:188,28,1,10129
BRDA:188,29,0,12117
BRDA:188,29,1,4961
BRDA:191,30,0,747
BRDA:191,30,1,9382
BRDA:191,31,0,10129
BRDA:191,31,1,2973
BRDA:194,32,0,581
BRDA:194,32,1,8801
BRDA:194,33,0,9382
BRDA:194,33,1,589
BRDA:197,34,0,8
BRDA:197,34,1,8793
BRDA:201,35,0,2226
BRDA:201,35,1,6567
BRDA:205,36,0,127
BRDA:205,36,1,6440
BRDA:209,37,0,2182
BRDA:209,37,1,4258
BRDA:214,38,0,108
BRDA:214,38,1,4150
BRDA:214,39,0,4258
BRDA:214,39,1,108
BRDA:224,40,0,29
BRDA:224,40,1,26
BRDA:253,41,0,5
BRDA:253,41,1,43
BRDA:254,42,0,1
BRDA:254,42,1,4
BRDA:256,43,0,3
BRDA:256,43,1,1
BRDA:260,44,0,17
BRDA:260,44,1,26
BRDA:261,45,0,3
BRDA:261,45,1,14
BRDA:263,46,0,11
BRDA:263,46,1,3
BRDA:268,47,0,2
BRDA:268,47,1,24
BRDA:270,48,0,1
BRDA:270,48,1,23
BRDA:300,49,0,8
BRDA:300,49,1,39
BRDA:300,50,0,47
BRDA:300,50,1,41
BRDA:311,51,0,228
BRDA:314,52,0,0
BRDA:314,52,1,228
BRDA:314,53,0,228
BRDA:314,53,1,0
BRDA:316,54,0,0
BRDA:316,54,1,228
BRDA:316,55,0,228
BRDA:316,55,1,0
BRF:104
BRH:96
end_of_record
TN:
SF:src/DNumbers.ts
FN:6,(anonymous_0)
FN:10,(anonymous_1)
FN:14,(anonymous_2)
FN:18,(anonymous_3)
FN:22,(anonymous_4)
FN:26,(anonymous_5)
FNF:6
FNH:6
FNDA:44,(anonymous_0)
FNDA:14,(anonymous_1)
FNDA:14,(anonymous_2)
FNDA:14,(anonymous_3)
FNDA:553,(anonymous_4)
FNDA:513,(anonymous_5)
DA:1,7
DA:3,7
DA:5,7
DA:7,44
DA:11,14
DA:15,14
DA:19,14
DA:23,553
DA:27,513
LF:9
LH:9
BRDA:6,0,0,42
BRF:1
BRH:1
end_of_record
TN:
SF:src/DPoint.ts
FN:57,(anonymous_0)
FN:63,(anonymous_1)
FN:67,(anonymous_2)
FN:76,(anonymous_3)
FN:80,(anonymous_4)
FN:88,(anonymous_5)
FN:92,(anonymous_6)
FN:100,(anonymous_7)
FN:107,(anonymous_8)
FN:118,(anonymous_9)
FN:134,(anonymous_10)
FN:143,(anonymous_11)
FN:156,(anonymous_12)
FN:160,(anonymous_13)
FN:164,(anonymous_14)
FN:169,(anonymous_15)
FN:174,(anonymous_16)
FN:180,(anonymous_17)
FN:185,(anonymous_18)
FN:190,(anonymous_19)
FN:196,(anonymous_20)
FN:200,(anonymous_21)
FN:204,(anonymous_22)
FN:208,(anonymous_23)
FN:216,(anonymous_24)
FN:225,(anonymous_25)
FN:236,(anonymous_26)
FN:243,(anonymous_27)
FN:250,(anonymous_28)
FN:258,(anonymous_29)
FN:269,(anonymous_30)
FN:278,(anonymous_31)
FN:291,(anonymous_32)
FN:299,(anonymous_33)
FN:307,(anonymous_34)
FN:322,(anonymous_35)
FN:326,(anonymous_36)
FN:330,(anonymous_37)
FN:336,(anonymous_38)
FN:342,(anonymous_39)
FN:348,(anonymous_40)
FN:354,(anonymous_41)
FN:360,(anonymous_42)
FN:375,(anonymous_43)
FN:390,(anonymous_44)
FN:394,(anonymous_45)
FN:404,(anonymous_46)
FN:415,(anonymous_47)
FN:422,(anonymous_48)
FN:426,(anonymous_49)
FN:430,(anonymous_50)
FN:434,(anonymous_51)
FN:438,(anonymous_52)
FN:442,(anonymous_53)
FN:446,(anonymous_54)
FN:450,(anonymous_55)
FN:454,(anonymous_56)
FN:459,(anonymous_57)
FN:464,(anonymous_58)
FN:469,(anonymous_59)
FN:473,(anonymous_60)
FN:477,(anonymous_61)
FN:484,(anonymous_62)
FN:490,(anonymous_63)
FN:494,(anonymous_64)
FN:500,(anonymous_65)
FN:508,(anonymous_66)
FN:517,(anonymous_67)
FNF:68
FNH:68
FNDA:127474,(anonymous_0)
FNDA:70472,(anonymous_1)
FNDA:1119,(anonymous_2)
FNDA:1,(anonymous_3)
FNDA:13,(anonymous_4)
FNDA:2,(anonymous_5)
FNDA:3,(anonymous_6)
FNDA:3,(anonymous_7)
FNDA:7,(anonymous_8)
FNDA:33723,(anonymous_9)
FNDA:20,(anonymous_10)
FNDA:13,(anonymous_11)
FNDA:25621,(anonymous_12)
FNDA:15,(anonymous_13)
FNDA:7,(anonymous_14)
FNDA:1,(anonymous_15)
FNDA:343,(anonymous_16)
FNDA:7,(anonymous_17)
FNDA:7,(anonymous_18)
FNDA:30246,(anonymous_19)
FNDA:6,(anonymous_20)
FNDA:6,(anonymous_21)
FNDA:3,(anonymous_22)
FNDA:3,(anonymous_23)
FNDA:4,(anonymous_24)
FNDA:4,(anonymous_25)
FNDA:3,(anonymous_26)
FNDA:3,(anonymous_27)
FNDA:3,(anonymous_28)
FNDA:4,(anonymous_29)
FNDA:4,(anonymous_30)
FNDA:4,(anonymous_31)
FNDA:4,(anonymous_32)
FNDA:13,(anonymous_33)
FNDA:1888,(anonymous_34)
FNDA:3,(anonymous_35)
FNDA:361,(anonymous_36)
FNDA:8,(anonymous_37)
FNDA:8,(anonymous_38)
FNDA:8,(anonymous_39)
FNDA:9,(anonymous_40)
FNDA:4,(anonymous_41)
FNDA:383,(anonymous_42)
FNDA:11,(anonymous_43)
FNDA:40315,(anonymous_44)
FNDA:1116,(anonymous_45)
FNDA:880,(anonymous_46)
FNDA:872,(anonymous_47)
FNDA:332,(anonymous_48)
FNDA:1,(anonymous_49)
FNDA:1182,(anonymous_50)
FNDA:1,(anonymous_51)
FNDA:1,(anonymous_52)
FNDA:6,(anonymous_53)
FNDA:3,(anonymous_54)
FNDA:3,(anonymous_55)
FNDA:3,(anonymous_56)
FNDA:6,(anonymous_57)
FNDA:6,(anonymous_58)
FNDA:3,(anonymous_59)
FNDA:3,(anonymous_60)
FNDA:3,(anonymous_61)
FNDA:81,(anonymous_62)
FNDA:10,(anonymous_63)
FNDA:1,(anonymous_64)
FNDA:360,(anonymous_65)
FNDA:4,(anonymous_66)
FNDA:7,(anonymous_67)
DA:1,7
DA:2,7
DA:4,7
DA:12,7
DA:13,7
DA:21,7
DA:22,7
DA:23,7
DA:32,7
DA:33,7
DA:34,7
DA:35,7
DA:36,7
DA:37,7
DA:38,7
DA:39,7
DA:40,7
DA:44,7
DA:45,127474
DA:46,127474
DA:49,127474
DA:58,127474
DA:59,127474
DA:60,127474
DA:64,70472
DA:68,1119
DA:69,1119
DA:70,3
DA:72,1116
DA:73,1116
DA:77,1
DA:81,13
DA:82,13
DA:83,13
DA:84,13
DA:85,13
DA:89,2
DA:93,3
DA:94,3
DA:97,3
DA:101,3
DA:102,3
DA:103,3
DA:104,3
DA:108,7
DA:109,6
DA:111,1
DA:119,33723
DA:120,2
DA:122,33721
DA:123,33721
DA:124,33721
DA:125,33721
DA:126,9905
DA:128,23816
DA:129,3242
DA:131,20574
DA:135,20
DA:136,20
DA:137,20
DA:138,9
DA:140,11
DA:144,13
DA:145,1
DA:147,12
DA:148,7
DA:150,5
DA:151,4
DA:153,1
DA:157,25621
DA:161,15
DA:165,7
DA:166,7
DA:170,1
DA:171,1
DA:175,343
DA:176,343
DA:177,343
DA:181,7
DA:182,7
DA:186,7
DA:187,7
DA:191,30246
DA:192,30246
DA:193,30246
DA:197,6
DA:201,6
DA:205,3
DA:209,3
DA:217,4
DA:226,4
DA:227,1
DA:230,3
DA:237,3
DA:244,3
DA:251,3
DA:259,4
DA:270,4
DA:279,4
DA:280,1
DA:283,3
DA:292,4
DA:293,1
DA:296,3
DA:300,13
DA:301,13
DA:302,13
DA:303,13
DA:304,13
DA:308,1888
DA:309,1888
DA:310,1888
DA:311,1860
DA:312,1860
DA:314,28
DA:315,28
DA:317,1888
DA:318,1888
DA:319,1888
DA:323,3
DA:327,361
DA:331,8
DA:332,8
DA:333,8
DA:337,8
DA:338,8
DA:339,8
DA:343,8
DA:344,8
DA:345,8
DA:349,9
DA:350,9
DA:351,9
DA:355,4
DA:356,4
DA:357,4
DA:361,383
DA:362,383
DA:363,383
DA:364,1
DA:365,1
DA:367,382
DA:368,382
DA:370,383
DA:371,383
DA:372,383
DA:376,11
DA:377,11
DA:378,11
DA:379,1
DA:380,1
DA:382,10
DA:383,10
DA:385,11
DA:386,11
DA:387,11
DA:391,40315
DA:395,1116
DA:396,1116
DA:397,1116
DA:398,1116
DA:405,880
DA:406,5
DA:408,880
DA:416,872
DA:417,4
DA:419,872
DA:423,332
DA:427,1
DA:431,1182
DA:435,1
DA:439,1
DA:443,6
DA:447,3
DA:451,3
DA:455,3
DA:456,3
DA:460,6
DA:461,6
DA:465,6
DA:466,6
DA:470,3
DA:474,3
DA:478,3
DA:485,81
DA:486,81
DA:487,81
DA:491,10
DA:495,1
DA:496,1
DA:497,1
DA:498,1
DA:499,1
DA:501,360
DA:502,360
DA:504,360
DA:509,4
DA:510,4
DA:512,4
DA:513,4
DA:514,4
DA:518,7
DA:519,7
DA:521,7
DA:522,7
DA:523,7
LF:206
LH:206
BRDA:57,0,0,4
BRDA:57,1,0,4397
BRDA:69,2,0,3
BRDA:69,2,1,1116
BRDA:69,3,0,1119
BRDA:69,3,1,3
BRDA:92,4,0,1
BRDA:100,5,0,1
BRDA:108,6,0,6
BRDA:108,6,1,1
BRDA:119,7,0,2
BRDA:119,7,1,33721
BRDA:125,8,0,9905
BRDA:125,8,1,23816
BRDA:128,9,0,3242
BRDA:128,9,1,20574
BRDA:137,10,0,9
BRDA:137,10,1,11
BRDA:143,11,0,1
BRDA:143,12,0,1
BRDA:144,13,0,1
BRDA:144,13,1,12
BRDA:144,14,0,13
BRDA:144,14,1,1
BRDA:147,15,0,7
BRDA:147,15,1,5
BRDA:147,16,0,12
BRDA:147,16,1,7
BRDA:150,17,0,4
BRDA:150,17,1,1
BRDA:150,18,0,5
BRDA:150,18,1,4
BRDA:181,19,0,6
BRDA:181,19,1,1
BRDA:186,20,0,6
BRDA:186,20,1,1
BRDA:197,21,0,6
BRDA:197,21,1,2
BRDA:201,22,0,6
BRDA:201,22,1,2
BRDA:205,23,0,3
BRDA:205,23,1,2
BRDA:209,24,0,3
BRDA:209,24,1,2
BRDA:225,25,0,1
BRDA:226,26,0,1
BRDA:226,26,1,3
BRDA:226,27,0,4
BRDA:226,27,1,1
BRDA:230,28,0,1
BRDA:230,28,1,2
BRDA:258,29,0,3
BRDA:278,30,0,1
BRDA:279,31,0,1
BRDA:279,31,1,3
BRDA:279,32,0,4
BRDA:279,32,1,1
BRDA:283,33,0,1
BRDA:283,33,1,2
BRDA:291,34,0,1
BRDA:292,35,0,1
BRDA:292,35,1,3
BRDA:292,36,0,4
BRDA:292,36,1,1
BRDA:296,37,0,1
BRDA:296,37,1,2
BRDA:307,38,0,1
BRDA:307,39,0,1862
BRDA:310,40,0,1860
BRDA:310,40,1,28
BRDA:348,41,0,3
BRDA:360,42,0,1
BRDA:360,43,0,377
BRDA:363,44,0,1
BRDA:363,44,1,382
BRDA:375,45,0,1
BRDA:375,46,0,5
BRDA:378,47,0,1
BRDA:378,47,1,10
BRDA:391,48,0,40315
BRDA:391,48,1,6929
BRDA:391,48,2,2973
BRDA:394,49,0,1110
BRDA:397,50,0,1116
BRDA:397,50,1,0
BRDA:398,51,0,1116
BRDA:398,51,1,449
BRDA:398,51,2,448
BRDA:405,52,0,5
BRDA:405,52,1,875
BRDA:416,53,0,4
BRDA:416,53,1,868
BRDA:419,54,0,872
BRDA:419,54,1,18
BRDA:477,55,0,1
BRDA:477,56,0,2
BRDA:494,57,0,1
BRF:97
BRH:96
end_of_record
TN:
SF:src/DPolygon.ts
FN:26,(anonymous_0)
FN:34,(anonymous_1)
FN:43,(anonymous_2)
FN:67,(anonymous_3)
FN:78,(anonymous_4)
FN:86,(anonymous_5)
FN:87,(anonymous_6)
FN:97,(anonymous_7)
FN:109,(anonymous_8)
FN:113,(anonymous_9)
FN:117,(anonymous_10)
FN:121,(anonymous_11)
FN:122,(anonymous_12)
FN:125,(anonymous_13)
FN:126,(anonymous_14)
FN:129,(anonymous_15)
FN:130,(anonymous_16)
FN:133,(anonymous_17)
FN:134,(anonymous_18)
FN:140,(anonymous_19)
FN:147,(anonymous_20)
FN:154,(anonymous_21)
FN:161,(anonymous_22)
FN:168,(anonymous_23)
FN:175,(anonymous_24)
FN:189,(anonymous_25)
FN:197,(anonymous_26)
FN:205,(anonymous_27)
FN:213,(anonymous_28)
FN:220,(anonymous_29)
FN:227,(anonymous_30)
FN:238,(anonymous_31)
FN:246,(anonymous_32)
FN:252,(anonymous_33)
FN:261,(anonymous_34)
FN:276,(anonymous_35)
FN:283,(anonymous_36)
FN:290,(anonymous_37)
FN:297,(anonymous_38)
FN:304,(anonymous_39)
FN:355,(anonymous_40)
FN:398,(anonymous_41)
FN:412,(anonymous_42)
FN:422,(anonymous_43)
FN:432,(anonymous_44)
FN:450,(anonymous_45)
FN:454,(anonymous_46)
FN:457,(anonymous_47)
FN:459,(anonymous_48)
FN:466,(anonymous_49)
FN:467,(anonymous_50)
FN:468,(anonymous_51)
FN:476,(anonymous_52)
FN:481,(anonymous_53)
FN:482,(anonymous_54)
FN:483,(anonymous_55)
FN:487,(anonymous_56)
FN:488,(anonymous_57)
FN:489,(anonymous_58)
FN:493,(anonymous_59)
FN:494,(anonymous_60)
FN:495,(anonymous_61)
FN:499,(anonymous_62)
FN:500,(anonymous_63)
FN:501,(anonymous_64)
FN:505,(anonymous_65)
FN:506,(anonymous_66)
FN:507,(anonymous_67)
FN:511,(anonymous_68)
FN:512,(anonymous_69)
FN:513,(anonymous_70)
FN:517,(anonymous_71)
FN:518,(anonymous_72)
FN:519,(anonymous_73)
FN:523,(anonymous_74)
FN:525,(anonymous_75)
FN:529,(anonymous_76)
FN:540,(anonymous_77)
FN:544,(anonymous_78)
FN:548,(anonymous_79)
FN:552,(anonymous_80)
FN:556,(anonymous_81)
FN:558,(anonymous_82)
FN:562,(anonymous_83)
FN:564,(anonymous_84)
FN:565,(anonymous_85)
FN:569,(anonymous_86)
FN:570,(anonymous_87)
FN:571,(anonymous_88)
FN:575,(anonymous_89)
FN:576,(anonymous_90)
FN:582,(anonymous_91)
FN:593,(anonymous_92)
FN:605,(anonymous_93)
FN:606,(anonymous_94)
FN:607,(anonymous_95)
FN:611,(anonymous_96)
FN:613,(anonymous_97)
FN:621,(anonymous_98)
FN:622,(anonymous_99)
FN:625,(anonymous_100)
FN:626,(anonymous_101)
FN:627,(anonymous_102)
FN:636,(anonymous_103)
FN:646,(anonymous_104)
FN:646,(anonymous_105)
FN:656,(anonymous_106)
FN:660,(anonymous_107)
FN:675,(anonymous_108)
FN:676,(anonymous_109)
FN:684,(anonymous_110)
FN:688,(anonymous_111)
FN:692,(anonymous_112)
FN:700,(anonymous_113)
FN:705,(anonymous_114)
FN:706,(anonymous_115)
FN:714,(anonymous_116)
FN:718,(anonymous_117)
FN:758,(anonymous_118)
FN:773,(anonymous_119)
FN:792,(anonymous_120)
FN:803,(anonymous_121)
FN:807,(anonymous_122)
FN:827,(anonymous_123)
FN:837,(anonymous_124)
FN:854,(anonymous_125)
FN:855,(anonymous_126)
FN:862,(anonymous_127)
FN:863,(anonymous_128)
FN:870,(anonymous_129)
FN:886,(anonymous_130)
FN:899,(anonymous_131)
FN:912,(anonymous_132)
FN:928,(anonymous_133)
FN:932,(anonymous_134)
FN:944,(anonymous_135)
FN:959,(anonymous_136)
FN:963,(anonymous_137)
FN:967,(anonymous_138)
FN:970,(anonymous_139)
FN:978,(anonymous_140)
FN:992,(anonymous_141)
FN:997,(anonymous_142)
FN:1002,(anonymous_143)
FN:1023,(anonymous_144)
FN:1032,(anonymous_145)
FN:1074,(anonymous_146)
FN:1089,(anonymous_147)
FN:1095,(anonymous_148)
FN:1119,(anonymous_149)
FN:1131,(anonymous_150)
FN:1131,(anonymous_151)
FN:1140,(anonymous_152)
FN:1154,(anonymous_153)
FNF:154
FNH:146
FNDA:6107,(anonymous_0)
FNDA:1,(anonymous_1)
FNDA:1,(anonymous_2)
FNDA:1,(anonymous_3)
FNDA:167,(anonymous_4)
FNDA:205,(anonymous_5)
FNDA:1103,(anonymous_6)
FNDA:3,(anonymous_7)
FNDA:5,(anonymous_8)
FNDA:2,(anonymous_9)
FNDA:6105,(anonymous_10)
FNDA:1064,(anonymous_11)
FNDA:3050,(anonymous_12)
FNDA:1141,(anonymous_13)
FNDA:3581,(anonymous_14)
FNDA:984,(anonymous_15)
FNDA:2699,(anonymous_16)
FNDA:1025,(anonymous_17)
FNDA:3054,(anonymous_18)
FNDA:2,(anonymous_19)
FNDA:5,(anonymous_20)
FNDA:5,(anonymous_21)
FNDA:1,(anonymous_22)
FNDA:1,(anonymous_23)
FNDA:9,(anonymous_24)
FNDA:3,(anonymous_25)
FNDA:24,(anonymous_26)
FNDA:1,(anonymous_27)
FNDA:31300,(anonymous_28)
FNDA:4,(anonymous_29)
FNDA:9,(anonymous_30)
FNDA:15,(anonymous_31)
FNDA:1,(anonymous_32)
FNDA:311,(anonymous_33)
FNDA:1083,(anonymous_34)
FNDA:3,(anonymous_35)
FNDA:4506,(anonymous_36)
FNDA:11,(anonymous_37)
FNDA:3070,(anonymous_38)
FNDA:3,(anonymous_39)
FNDA:4,(anonymous_40)
FNDA:7,(anonymous_41)
FNDA:1,(anonymous_42)
FNDA:205,(anonymous_43)
FNDA:1,(anonymous_44)
FNDA:1,(anonymous_45)
FNDA:225,(anonymous_46)
FNDA:6,(anonymous_47)
FNDA:1299,(anonymous_48)
FNDA:2,(anonymous_49)
FNDA:9,(anonymous_50)
FNDA:1,(anonymous_51)
FNDA:1,(anonymous_52)
FNDA:4,(anonymous_53)
FNDA:17,(anonymous_54)
FNDA:0,(anonymous_55)
FNDA:1,(anonymous_56)
FNDA:5,(anonymous_57)
FNDA:0,(anonymous_58)
FNDA:1,(anonymous_59)
FNDA:5,(anonymous_60)
FNDA:0,(anonymous_61)
FNDA:1,(anonymous_62)
FNDA:5,(anonymous_63)
FNDA:0,(anonymous_64)
FNDA:1,(anonymous_65)
FNDA:5,(anonymous_66)
FNDA:0,(anonymous_67)
FNDA:1,(anonymous_68)
FNDA:5,(anonymous_69)
FNDA:0,(anonymous_70)
FNDA:1,(anonymous_71)
FNDA:5,(anonymous_72)
FNDA:0,(anonymous_73)
FNDA:4,(anonymous_74)
FNDA:1,(anonymous_75)
FNDA:75318,(anonymous_76)
FNDA:2150,(anonymous_77)
FNDA:4141,(anonymous_78)
FNDA:2548,(anonymous_79)
FNDA:1,(anonymous_80)
FNDA:2317,(anonymous_81)
FNDA:170,(anonymous_82)
FNDA:3,(anonymous_83)
FNDA:14,(anonymous_84)
FNDA:1,(anonymous_85)
FNDA:2,(anonymous_86)
FNDA:6,(anonymous_87)
FNDA:0,(anonymous_88)
FNDA:5207,(anonymous_89)
FNDA:25615,(anonymous_90)
FNDA:710,(anonymous_91)
FNDA:2354,(anonymous_92)
FNDA:2,(anonymous_93)
FNDA:6,(anonymous_94)
FNDA:1,(anonymous_95)
FNDA:1,(anonymous_96)
FNDA:2,(anonymous_97)
FNDA:352,(anonymous_98)
FNDA:1366,(anonymous_99)
FNDA:5447,(anonymous_100)
FNDA:28087,(anonymous_101)
FNDA:399,(anonymous_102)
FNDA:579,(anonymous_103)
FNDA:19,(anonymous_104)
FNDA:47,(anonymous_105)
FNDA:592,(anonymous_106)
FNDA:2544,(anonymous_107)
FNDA:4,(anonymous_108)
FNDA:7,(anonymous_109)
FNDA:5,(anonymous_110)
FNDA:375,(anonymous_111)
FNDA:123,(anonymous_112)
FNDA:2,(anonymous_113)
FNDA:8,(anonymous_114)
FNDA:6,(anonymous_115)
FNDA:1102,(anonymous_116)
FNDA:3,(anonymous_117)
FNDA:1,(anonymous_118)
FNDA:144,(anonymous_119)
FNDA:25,(anonymous_120)
FNDA:38,(anonymous_121)
FNDA:408,(anonymous_122)
FNDA:2,(anonymous_123)
FNDA:1,(anonymous_124)
FNDA:4,(anonymous_125)
FNDA:7,(anonymous_126)
FNDA:1,(anonymous_127)
FNDA:5,(anonymous_128)
FNDA:3,(anonymous_129)
FNDA:42,(anonymous_130)
FNDA:4,(anonymous_131)
FNDA:305,(anonymous_132)
FNDA:1,(anonymous_133)
FNDA:1,(anonymous_134)
FNDA:76,(anonymous_135)
FNDA:13,(anonymous_136)
FNDA:13,(anonymous_137)
FNDA:5,(anonymous_138)
FNDA:16,(anonymous_139)
FNDA:3,(anonymous_140)
FNDA:1102,(anonymous_141)
FNDA:986,(anonymous_142)
FNDA:35,(anonymous_143)
FNDA:3,(anonymous_144)
FNDA:8,(anonymous_145)
FNDA:102,(anonymous_146)
FNDA:102,(anonymous_147)
FNDA:971,(anonymous_148)
FNDA:4,(anonymous_149)
FNDA:173,(anonymous_150)
FNDA:170,(anonymous_151)
FNDA:55,(anonymous_152)
FNDA:116,(anonymous_153)
DA:2,7
DA:3,7
DA:4,7
DA:5,7
DA:6,7
DA:14,7
DA:15,7
DA:16,7
DA:17,7
DA:19,7
DA:21,6107
DA:22,6107
DA:23,6107
DA:24,6107
DA:27,6107
DA:35,1
DA:36,1
DA:44,1
DA:45,1
DA:46,1
DA:47,1
DA:48,12
DA:49,7
DA:51,12
DA:52,8
DA:53,8
DA:54,4
DA:55,4
DA:56,4
DA:60,1
DA:68,1
DA:69,1
DA:70,0
DA:72,1
DA:73,1
DA:75,0
DA:79,167
DA:80,167
DA:81,167
DA:82,163
DA:83,163
DA:84,163
DA:86,205
DA:87,1103
DA:88,163
DA:89,32
DA:91,163
DA:93,167
DA:94,1
DA:95,1
DA:96,1
DA:97,3
DA:99,167
DA:100,3
DA:103,167
DA:104,1
DA:106,166
DA:110,5
DA:114,2
DA:118,6105
DA:122,3050
DA:126,3581
DA:130,2699
DA:134,3054
DA:141,2
DA:148,5
DA:155,5
DA:162,1
DA:169,1
DA:176,9
DA:177,9
DA:190,3
DA:191,3
DA:198,24
DA:199,24
DA:206,1
DA:207,1
DA:214,31300
DA:221,4
DA:228,9
DA:229,9
DA:230,38
DA:232,9
DA:239,15
DA:240,15
DA:241,15
DA:242,59
DA:243,59
DA:244,59
DA:246,15
DA:253,311
DA:254,311
DA:255,2083
DA:256,16361
DA:257,16361
DA:258,16361
DA:259,16361
DA:261,1083
DA:263,118
DA:264,118
DA:265,118
DA:266,118
DA:270,311
DA:277,3
DA:284,4506
DA:291,11
DA:298,3070
DA:305,3
DA:306,3
DA:307,3
DA:308,3
DA:309,9
DA:310,9
DA:311,9
DA:312,9
DA:313,9
DA:314,9
DA:315,9
DA:316,27
DA:317,27
DA:318,27
DA:319,15
DA:320,15
DA:322,27
DA:323,54
DA:324,54
DA:325,54
DA:326,18
DA:327,18
DA:328,18
DA:332,9
DA:333,0
DA:335,9
DA:336,9
DA:337,9
DA:338,9
DA:344,9
DA:345,3
DA:346,3
DA:349,3
DA:356,4
DA:357,4
DA:358,4
DA:359,4
DA:361,4
DA:362,4
DA:363,8
DA:364,8
DA:365,8
DA:366,8
DA:367,8
DA:368,4
DA:370,4
DA:373,4
DA:374,4
DA:375,4
DA:376,4
DA:377,4
DA:378,4
DA:379,8
DA:380,8
DA:381,8
DA:382,8
DA:383,8
DA:384,0
DA:387,4
DA:389,4
DA:390,4
DA:392,4
DA:399,7
DA:400,7
DA:401,7
DA:402,28
DA:403,28
DA:404,28
DA:406,7
DA:413,1
DA:414,0
DA:416,1
DA:423,205
DA:424,205
DA:425,205
DA:433,1
DA:434,1
DA:435,4
DA:436,4
DA:437,4
DA:438,4
DA:439,4
DA:440,4
DA:443,1
DA:451,1
DA:455,225
DA:456,225
DA:457,6
DA:459,1299
DA:467,9
DA:468,2
DA:469,2
DA:477,1
DA:478,1
DA:482,17
DA:483,4
DA:484,4
DA:488,5
DA:489,1
DA:490,1
DA:494,5
DA:495,1
DA:496,1
DA:500,5
DA:501,1
DA:502,1
DA:506,5
DA:507,1
DA:508,1
DA:512,5
DA:513,1
DA:514,1
DA:518,5
DA:519,1
DA:520,1
DA:524,4
DA:525,4
DA:526,4
DA:530,75318
DA:531,2
DA:532,2
DA:533,1
DA:535,2
DA:537,75316
DA:541,2150
DA:545,4141
DA:549,2548
DA:553,1
DA:557,2317
DA:558,2317
DA:559,2317
DA:563,3
DA:564,14
DA:565,1
DA:570,6
DA:571,2
DA:572,2
DA:576,25615
DA:583,710
DA:584,710
DA:585,242
DA:587,710
DA:594,2354
DA:595,2354
DA:596,1786
DA:598,2354
DA:606,6
DA:607,2
DA:608,2
DA:612,1
DA:613,2
DA:614,1
DA:622,1366
DA:626,28087
DA:627,5447
DA:628,5447
DA:629,5447
DA:637,579
DA:638,1
DA:640,578
DA:641,36
DA:643,542
DA:646,47
DA:657,592
DA:658,592
DA:659,592
DA:660,592
DA:661,2544
DA:662,2544
DA:663,2544
DA:676,7
DA:685,5
DA:689,375
DA:693,123
DA:701,2
DA:702,2
DA:703,2
DA:704,2
DA:705,8
DA:706,6
DA:707,2
DA:715,1102
DA:726,3
DA:727,1
DA:729,2
DA:730,2
DA:731,1
DA:733,2
DA:734,2
DA:736,2
DA:737,2
DA:739,2
DA:740,1
DA:742,2
DA:743,2
DA:744,1
DA:745,1
DA:746,1
DA:747,1
DA:749,2
DA:750,1
DA:751,1
DA:753,2
DA:754,2
DA:759,1
DA:760,1
DA:761,1
DA:762,1
DA:763,1
DA:764,1
DA:774,144
DA:775,144
DA:776,118
DA:778,26
DA:779,26
DA:780,5
DA:782,21
DA:783,21
DA:784,21
DA:785,21
DA:786,298
DA:787,298
DA:788,298
DA:789,53
DA:792,25
DA:793,21
DA:794,8
DA:796,13
DA:804,38
DA:805,38
DA:806,37
DA:807,408
DA:808,37
DA:809,3
DA:811,34
DA:812,475
DA:813,475
DA:814,475
DA:815,475
DA:816,475
DA:817,4
DA:821,31
DA:828,2
DA:829,2
DA:830,2
DA:831,2
DA:838,1
DA:839,6
DA:840,6
DA:841,6
DA:842,1
DA:843,1
DA:846,1
DA:855,7
DA:863,5
DA:871,3
DA:872,3
DA:873,3
DA:874,3
DA:875,31
DA:876,31
DA:877,31
DA:878,0
DA:879,0
DA:880,0
DA:882,31
DA:883,21
DA:884,21
DA:885,21
DA:886,42
DA:887,21
DA:888,21
DA:889,21
DA:890,21
DA:892,10
DA:893,10
DA:896,3
DA:900,4
DA:901,4
DA:902,61
DA:903,15
DA:905,61
DA:906,60
DA:908,61
DA:913,305
DA:914,193
DA:916,112
DA:917,55
DA:919,57
DA:920,0
DA:922,57
DA:930,1
DA:932,1
DA:933,1
DA:934,1
DA:935,10
DA:936,10
DA:937,5
DA:940,1
DA:945,76
DA:946,76
DA:947,76
DA:948,0
DA:950,76
DA:951,20
DA:953,56
DA:955,0
DA:960,13
DA:964,13
DA:968,5
DA:969,5
DA:970,16
DA:971,5
DA:972,16
DA:973,73
DA:974,15
DA:976,58
DA:977,58
DA:978,3
DA:979,2
DA:980,0
DA:982,2
DA:987,5
DA:989,5
DA:993,1102
DA:994,1102
DA:998,986
DA:999,986
DA:1003,35
DA:1004,35
DA:1005,35
DA:1006,35
DA:1007,35
DA:1008,48
DA:1009,48
DA:1010,27
DA:1011,27
DA:1014,35
DA:1015,15
DA:1016,15
DA:1017,15
DA:1018,15
DA:1020,20
DA:1024,3
DA:1025,3
DA:1026,3
DA:1027,12
DA:1028,12
DA:1033,8
DA:1034,8
DA:1035,0
DA:1037,8
DA:1038,8
DA:1039,0
DA:1041,8
DA:1042,8
DA:1043,8
DA:1044,130
DA:1045,130
DA:1046,130
DA:1047,130
DA:1048,130
DA:1050,130
DA:1051,49
DA:1053,81
DA:1058,8
DA:1059,8
DA:1061,8
DA:1063,8
DA:1064,2
DA:1065,6
DA:1066,6
DA:1068,0
DA:1071,8
DA:1075,102
DA:1076,102
DA:1077,102
DA:1078,102
DA:1079,102
DA:1080,13
DA:1081,89
DA:1082,76
DA:1083,13
DA:1084,13
DA:1086,0
DA:1090,102
DA:1091,102
DA:1092,102
DA:1093,102
DA:1094,101
DA:1096,971
DA:1097,971
DA:1098,971
DA:1099,971
DA:1100,347
DA:1101,247
DA:1102,247
DA:1103,74
DA:1107,624
DA:1109,971
DA:1113,101
DA:1114,62
DA:1115,131
DA:1116,325
DA:1117,2
DA:1118,2
DA:1119,4
DA:1120,2
DA:1122,323
DA:1123,0
DA:1126,131
DA:1127,2
DA:1131,173
DA:1132,101
DA:1133,156
DA:1134,286
DA:1135,35
DA:1137,251
DA:1138,130
DA:1139,14
DA:1140,55
DA:1144,156
DA:1145,40
DA:1148,101
DA:1149,3
DA:1151,98
DA:1152,40
DA:1154,116
DA:1157,1
LF:536
LH:519
BRDA:26,0,0,207
BRDA:48,1,0,7
BRDA:48,1,1,5
BRDA:51,2,0,8
BRDA:51,2,1,4
BRDA:53,3,0,4
BRDA:53,3,1,4
BRDA:69,4,0,0
BRDA:69,4,1,1
BRDA:69,5,0,1
BRDA:69,5,1,1
BRDA:69,5,2,1
BRDA:72,6,0,1
BRDA:72,6,1,0
BRDA:81,7,0,163
BRDA:81,7,1,4
BRDA:88,8,0,32
BRDA:88,8,1,131
BRDA:88,9,0,163
BRDA:88,9,1,163
BRDA:93,10,0,1
BRDA:93,10,1,166
BRDA:99,11,0,3
BRDA:99,11,1,164
BRDA:103,12,0,1
BRDA:103,12,1,166
BRDA:259,13,0,118
BRDA:259,13,1,16243
BRDA:260,14,0,16361
BRDA:260,14,1,537
BRDA:318,15,0,15
BRDA:318,15,1,12
BRDA:325,16,0,18
BRDA:325,16,1,36
BRDA:332,17,0,0
BRDA:332,17,1,9
BRDA:332,18,0,9
BRDA:332,18,1,9
BRDA:332,18,2,9
BRDA:344,19,0,3
BRDA:344,19,1,6
BRDA:358,20,0,4
BRDA:358,20,1,0
BRDA:367,21,0,4
BRDA:367,21,1,4
BRDA:367,22,0,8
BRDA:367,22,1,4
BRDA:367,22,2,4
BRDA:367,22,3,4
BRDA:388,23,0,4
BRDA:388,23,1,0
BRDA:383,24,0,0
BRDA:383,24,1,8
BRDA:383,25,0,8
BRDA:383,25,1,8
BRDA:383,25,2,8
BRDA:383,25,3,8
BRDA:389,26,0,4
BRDA:389,26,1,0
BRDA:413,27,0,0
BRDA:413,27,1,1
BRDA:439,28,0,4
BRDA:439,28,1,0
BRDA:456,29,0,5
BRDA:456,29,1,220
BRDA:456,30,0,225
BRDA:456,30,1,225
BRDA:481,31,0,0
BRDA:487,32,0,0
BRDA:493,33,0,0
BRDA:517,34,0,1
BRDA:529,35,0,75316
BRDA:530,36,0,2
BRDA:530,36,1,75316
BRDA:569,37,0,1
BRDA:569,38,0,1
BRDA:584,39,0,242
BRDA:584,39,1,468
BRDA:584,40,0,710
BRDA:584,40,1,710
BRDA:595,41,0,1786
BRDA:595,41,1,568
BRDA:595,42,0,2354
BRDA:595,42,1,2349
BRDA:595,42,2,2349
BRDA:637,43,0,1
BRDA:637,43,1,578
BRDA:640,44,0,36
BRDA:640,44,1,542
BRDA:640,45,0,578
BRDA:640,45,1,543
BRDA:644,46,0,542
BRDA:644,46,1,333
BRDA:646,47,0,19
BRDA:646,47,1,19
BRDA:664,48,0,2544
BRDA:664,48,1,2458
BRDA:664,48,2,2135
BRDA:684,49,0,4
BRDA:707,50,0,2
BRDA:707,50,1,1
BRDA:715,51,0,1102
BRDA:715,51,1,986
BRDA:723,52,0,1
BRDA:724,53,0,3
BRDA:726,54,0,1
BRDA:726,54,1,2
BRDA:730,55,0,1
BRDA:730,55,1,1
BRDA:733,56,0,2
BRDA:733,56,1,0
BRDA:736,57,0,2
BRDA:736,57,1,0
BRDA:739,58,0,1
BRDA:739,58,1,1
BRDA:743,59,0,1
BRDA:743,59,1,1
BRDA:749,60,0,1
BRDA:749,60,1,1
BRDA:753,61,0,2
BRDA:753,61,1,0
BRDA:773,62,0,11
BRDA:773,63,0,144
BRDA:775,64,0,118
BRDA:775,64,1,26
BRDA:779,65,0,5
BRDA:779,65,1,21
BRDA:788,66,0,53
BRDA:788,66,1,245
BRDA:793,67,0,8
BRDA:793,67,1,13
BRDA:805,68,0,37
BRDA:805,68,1,1
BRDA:808,69,0,3
BRDA:808,69,1,34
BRDA:815,70,0,475
BRDA:815,70,1,15
BRDA:816,71,0,4
BRDA:816,71,1,471
BRDA:841,72,0,1
BRDA:841,72,1,5
BRDA:877,73,0,0
BRDA:877,73,1,31
BRDA:882,74,0,21
BRDA:882,74,1,10
BRDA:892,75,0,10
BRDA:892,75,1,0
BRDA:902,76,0,15
BRDA:902,76,1,46
BRDA:905,77,0,60
BRDA:905,77,1,1
BRDA:908,78,0,61
BRDA:908,78,1,61
BRDA:913,79,0,193
BRDA:913,79,1,112
BRDA:916,80,0,55
BRDA:916,80,1,57
BRDA:919,81,0,0
BRDA:919,81,1,57
BRDA:919,82,0,57
BRDA:919,82,1,57
BRDA:922,83,0,57
BRDA:922,83,1,57
BRDA:936,84,0,5
BRDA:936,84,1,5
BRDA:947,85,0,0
BRDA:947,85,1,76
BRDA:950,86,0,20
BRDA:950,86,1,56
BRDA:969,87,0,5
BRDA:969,87,1,0
BRDA:970,88,0,5
BRDA:970,88,1,0
BRDA:970,89,0,5
BRDA:970,89,1,5
BRDA:973,90,0,15
BRDA:973,90,1,58
BRDA:977,91,0,2
BRDA:977,91,1,56
BRDA:978,92,0,3
BRDA:978,92,1,2
BRDA:979,93,0,0
BRDA:979,93,1,2
BRDA:994,94,0,1102
BRDA:994,94,1,1048
BRDA:999,95,0,986
BRDA:999,95,1,968
BRDA:1009,96,0,27
BRDA:1009,96,1,21
BRDA:1014,97,0,15
BRDA:1014,97,1,20
BRDA:1023,98,0,1
BRDA:1032,99,0,0
BRDA:1034,100,0,0
BRDA:1034,100,1,8
BRDA:1038,101,0,0
BRDA:1038,101,1,8
BRDA:1050,102,0,49
BRDA:1050,102,1,81
BRDA:1063,103,0,2
BRDA:1063,103,1,6
BRDA:1065,104,0,6
BRDA:1065,104,1,0
BRDA:1079,105,0,13
BRDA:1079,105,1,89
BRDA:1081,106,0,76
BRDA:1081,106,1,13
BRDA:1083,107,0,13
BRDA:1083,107,1,0
BRDA:1091,108,0,102
BRDA:1091,108,1,0
BRDA:1093,109,0,101
BRDA:1093,109,1,1
BRDA:1099,110,0,347
BRDA:1099,110,1,624
BRDA:1100,111,0,247
BRDA:1100,111,1,100
BRDA:1102,112,0,74
BRDA:1102,112,1,173
BRDA:1113,113,0,62
BRDA:1113,113,1,39
BRDA:1113,114,0,101
BRDA:1113,114,1,76
BRDA:1113,114,2,76
BRDA:1116,115,0,2
BRDA:1116,115,1,323
BRDA:1116,116,0,325
BRDA:1116,116,1,133
BRDA:1122,117,0,0
BRDA:1122,117,1,323
BRDA:1126,118,0,2
BRDA:1126,118,1,129
BRDA:1134,119,0,35
BRDA:1134,119,1,251
BRDA:1137,120,0,130
BRDA:1137,120,1,121
BRDA:1138,121,0,14
BRDA:1138,121,1,116
BRDA:1144,122,0,40
BRDA:1144,122,1,116
BRDA:1148,123,0,3
BRDA:1148,123,1,98
BRDA:1151,124,0,40
BRDA:1151,124,1,58
BRF:244
BRH:215
end_of_record
TN:
SF:src/FastSearch.ts
FN:3,(anonymous_0)
FN:6,(anonymous_1)
FN:18,(anonymous_2)
FNF:3
FNH:3
FNDA:5,(anonymous_0)
FNDA:6,(anonymous_1)
FNDA:19,(anonymous_2)
DA:3,7
DA:4,5
DA:7,6
DA:8,59
DA:9,14
DA:11,59
DA:12,59
DA:14,59
DA:19,19
DA:20,2
DA:22,17
DA:23,2
DA:25,15
LF:13
LH:13
BRDA:8,0,0,14
BRDA:8,0,1,45
BRDA:11,1,0,59
BRDA:11,1,1,0
BRDA:14,2,0,59
BRDA:14,2,1,59
BRDA:19,3,0,2
BRDA:19,3,1,17
BRDA:22,4,0,2
BRDA:22,4,1,15
BRDA:25,5,0,15
BRDA:25,5,1,15
BRF:12
BRH:11
end_of_record
TN:
SF:src/TraceMatrix.ts
FN:5,(anonymous_0)
FN:8,(anonymous_1)
FN:10,(anonymous_2)
FN:17,(anonymous_3)
FN:28,(anonymous_4)
FN:40,(anonymous_5)
FN:69,(anonymous_6)
FN:74,(anonymous_7)
FN:128,(anonymous_8)
FN:150,(anonymous_9)
FN:153,(anonymous_10)
FN:165,(anonymous_11)
FN:166,(anonymous_12)
FN:199,(anonymous_13)
FN:209,(anonymous_14)
FN:45,(anonymous_15)
FN:47,(anonymous_16)
FN:49,(anonymous_17)
FN:50,(anonymous_18)
FN:50,(anonymous_19)
FN:51,(anonymous_20)
FN:53,(anonymous_21)
FN:62,(anonymous_22)
FN:65,(anonymous_23)
FN:96,(anonymous_24)
FN:115,(anonymous_25)
FN:235,(anonymous_26)
FN:235,(anonymous_27)
FN:236,(anonymous_28)
FN:236,(anonymous_29)
FNF:30
FNH:27
FNDA:143,(anonymous_0)
FNDA:1430,(anonymous_1)
FNDA:7,(anonymous_2)
FNDA:3856,(anonymous_3)
FNDA:300,(anonymous_4)
FNDA:2,(anonymous_5)
FNDA:5,(anonymous_6)
FNDA:500,(anonymous_7)
FNDA:4,(anonymous_8)
FNDA:5,(anonymous_9)
FNDA:3,(anonymous_10)
FNDA:266,(anonymous_11)
FNDA:119,(anonymous_12)
FNDA:3,(anonymous_13)
FNDA:300,(anonymous_14)
FNDA:2,(anonymous_15)
FNDA:3,(anonymous_16)
FNDA:3,(anonymous_17)
FNDA:3,(anonymous_18)
FNDA:0,(anonymous_19)
FNDA:0,(anonymous_20)
FNDA:3,(anonymous_21)
FNDA:3,(anonymous_22)
FNDA:300,(anonymous_23)
FNDA:19,(anonymous_24)
FNDA:8,(anonymous_25)
FNDA:13,(anonymous_26)
FNDA:0,(anonymous_27)
FNDA:130,(anonymous_28)
FNDA:1300,(anonymous_29)
DA:1,7
DA:2,7
DA:3,7
DA:5,143
DA:8,1430
DA:10,7
DA:11,7
DA:12,7
DA:17,7
DA:22,3856
DA:23,480
DA:25,3376
DA:28,7
DA:29,300
DA:30,0
DA:32,300
DA:33,300
DA:36,7
DA:41,2
DA:42,2
DA:46,2
DA:47,3
DA:48,2
DA:49,3
DA:50,3
DA:51,0
DA:53,2
DA:54,3
DA:55,3
DA:56,0
DA:58,3
DA:63,3
DA:65,300
DA:69,2
DA:70,5
DA:71,5
DA:72,5
DA:73,5
DA:74,500
DA:75,5
DA:76,5
DA:77,58
DA:78,58
DA:79,174
DA:80,522
DA:81,522
DA:85,53
DA:86,53
DA:90,58
DA:93,5
DA:97,19
DA:98,19
DA:99,19
DA:100,35
DA:101,194
DA:102,14
DA:103,14
DA:104,14
DA:105,14
DA:107,180
DA:108,19
DA:112,0
DA:116,8
DA:117,8
DA:118,8
DA:119,80
DA:120,800
DA:121,87
DA:125,8
DA:128,2
DA:129,4
DA:130,4
DA:131,0
DA:133,4
DA:134,4
DA:135,4
DA:136,4
DA:137,4
DA:138,4
DA:139,4
DA:140,1
DA:141,1
DA:142,14
DA:144,1
DA:145,1
DA:146,1
DA:147,1
DA:148,1
DA:150,5
DA:153,2
DA:154,3
DA:165,266
DA:166,119
DA:168,3
DA:169,0
DA:170,0
DA:172,3
DA:173,3
DA:174,3
DA:176,3
DA:178,3
DA:180,49
DA:181,168
DA:182,168
DA:183,168
DA:184,49
DA:186,119
DA:188,49
DA:189,22
DA:190,22
DA:192,49
DA:193,49
DA:196,3
DA:199,2
DA:200,3
DA:207,3
DA:208,3
DA:209,300
DA:210,3
DA:211,3
DA:212,30
DA:213,30
DA:215,3
DA:216,30
DA:217,30
DA:219,3
DA:220,362
DA:221,362
DA:222,1448
DA:223,1448
DA:224,1448
DA:225,242
DA:226,242
DA:231,3
DA:232,3
DA:235,0
DA:236,1300
LF:137
LH:129
BRDA:5,0,0,0
BRDA:10,1,0,7
BRDA:10,1,1,7
BRDA:20,2,0,1621
BRDA:22,3,0,480
BRDA:22,3,1,3376
BRDA:22,4,0,3856
BRDA:22,4,1,3604
BRDA:29,5,0,0
BRDA:29,5,1,300
BRDA:29,6,0,300
BRDA:29,6,1,300
BRDA:71,7,0,5
BRDA:71,7,1,0
BRDA:71,8,0,5
BRDA:71,8,1,5
BRDA:81,9,0,53
BRDA:81,9,1,469
BRDA:82,10,0,522
BRDA:82,10,1,265
BRDA:130,11,0,0
BRDA:130,11,1,4
BRDA:141,12,0,15
BRDA:141,12,1,15
BRDA:168,13,0,0
BRDA:168,13,1,3
BRDA:178,14,0,52
BRDA:178,14,1,6
BRDA:183,15,0,49
BRDA:183,15,1,119
BRDA:183,16,0,168
BRDA:183,16,1,49
BRDA:188,17,0,22
BRDA:188,17,1,27
BRDA:209,18,0,56
BRDA:209,18,1,244
BRDA:224,19,0,242
BRDA:224,19,1,1206
BRDA:232,20,0,2
BRDA:232,20,1,1
BRDA:49,21,0,3
BRDA:49,21,1,2
BRDA:50,22,0,3
BRDA:50,22,1,2
BRDA:55,23,0,0
BRDA:55,23,1,3
BRDA:55,24,0,3
BRDA:55,24,1,2
BRDA:65,25,0,2
BRDA:65,25,1,298
BRDA:101,26,0,14
BRDA:101,26,1,180
BRDA:101,27,0,194
BRDA:101,27,1,163
BRDA:107,28,0,19
BRDA:107,28,1,161
BRDA:120,29,0,87
BRDA:120,29,1,713
BRDA:235,30,0,0
BRF:59
BRH:52
end_of_record
TN:
SF:src/index.ts
FNF:0
FNH:0
DA:1,7
DA:2,7
DA:3,7
DA:4,7
DA:5,7
DA:6,7
DA:7,7
DA:8,7
LF:8
LH:8
BRF:0
BRH:0
end_of_record
TN:
SF:src/utils.ts
FN:5,(anonymous_0)
FN:23,(anonymous_1)
FN:27,(anonymous_2)
FN:34,(anonymous_3)
FN:38,(anonymous_4)
FN:45,(anonymous_5)
FN:47,(anonymous_6)
FNF:7
FNH:7
FNDA:853,(anonymous_0)
FNDA:871,(anonymous_1)
FNDA:4,(anonymous_2)
FNDA:871,(anonymous_3)
FNDA:867,(anonymous_4)
FNDA:309,(anonymous_5)
FNDA:871,(anonymous_6)
DA:1,7
DA:5,7
DA:6,853
DA:8,18
DA:23,7
DA:27,871
DA:28,4
DA:29,1
DA:31,4
DA:34,7
DA:38,871
DA:39,867
DA:40,852
DA:42,867
DA:45,309
DA:48,871
LF:16
LH:16
BRDA:6,0,0,18
BRDA:6,0,1,835
BRDA:28,1,0,1
BRDA:28,1,1,3
BRDA:39,2,0,852
BRDA:39,2,1,15
BRF:6
BRH:6
end_of_record
