{"total": {"lines":{"total":1324,"covered":1305,"skipped":0,"pct":98.56},"statements":{"total":1440,"covered":1420,"skipped":0,"pct":98.61},"functions":{"total":356,"covered":353,"skipped":0,"pct":99.16},"branches":{"total":575,"covered":544,"skipped":0,"pct":94.61}}
,"/home/runner/work/DGeoUtils/DGeoUtils/src/DCircle.ts": {"lines":{"total":53,"covered":53,"skipped":0,"pct":100},"functions":{"total":9,"covered":9,"skipped":0,"pct":100},"statements":{"total":56,"covered":56,"skipped":0,"pct":100},"branches":{"total":20,"covered":20,"skipped":0,"pct":100}}
,"/home/runner/work/DGeoUtils/DGeoUtils/src/DLine.ts": {"lines":{"total":141,"covered":138,"skipped":0,"pct":97.87},"functions":{"total":26,"covered":26,"skipped":0,"pct":100},"statements":{"total":141,"covered":138,"skipped":0,"pct":97.87},"branches":{"total":98,"covered":92,"skipped":0,"pct":93.88}}
,"/home/runner/work/DGeoUtils/DGeoUtils/src/DNumbers.ts": {"lines":{"total":9,"covered":9,"skipped":0,"pct":100},"functions":{"total":6,"covered":6,"skipped":0,"pct":100},"statements":{"total":9,"covered":9,"skipped":0,"pct":100},"branches":{"total":1,"covered":1,"skipped":0,"pct":100}}
,"/home/runner/work/DGeoUtils/DGeoUtils/src/DPoint.ts": {"lines":{"total":207,"covered":207,"skipped":0,"pct":100},"functions":{"total":62,"covered":62,"skipped":0,"pct":100},"statements":{"total":209,"covered":209,"skipped":0,"pct":100},"branches":{"total":83,"covered":82,"skipped":0,"pct":98.8}}
,"/home/runner/work/DGeoUtils/DGeoUtils/src/DPolygon.ts": {"lines":{"total":564,"covered":556,"skipped":0,"pct":98.58},"functions":{"total":142,"covered":142,"skipped":0,"pct":100},"statements":{"total":621,"covered":613,"skipped":0,"pct":98.71},"branches":{"total":253,"covered":236,"skipped":0,"pct":93.28}}
,"/home/runner/work/DGeoUtils/DGeoUtils/src/DPolygonLoop.ts": {"lines":{"total":155,"covered":155,"skipped":0,"pct":100},"functions":{"total":64,"covered":64,"skipped":0,"pct":100},"statements":{"total":185,"covered":185,"skipped":0,"pct":100},"branches":{"total":34,"covered":34,"skipped":0,"pct":100}}
,"/home/runner/work/DGeoUtils/DGeoUtils/src/FastSearch.ts": {"lines":{"total":13,"covered":13,"skipped":0,"pct":100},"functions":{"total":3,"covered":3,"skipped":0,"pct":100},"statements":{"total":13,"covered":13,"skipped":0,"pct":100},"branches":{"total":12,"covered":12,"skipped":0,"pct":100}}
,"/home/runner/work/DGeoUtils/DGeoUtils/src/TraceMatrix.ts": {"lines":{"total":137,"covered":129,"skipped":0,"pct":94.16},"functions":{"total":28,"covered":25,"skipped":0,"pct":89.29},"statements":{"total":154,"covered":145,"skipped":0,"pct":94.16},"branches":{"total":58,"covered":52,"skipped":0,"pct":89.66}}
,"/home/runner/work/DGeoUtils/DGeoUtils/src/index.ts": {"lines":{"total":9,"covered":9,"skipped":0,"pct":100},"functions":{"total":0,"covered":0,"skipped":0,"pct":100},"statements":{"total":9,"covered":9,"skipped":0,"pct":100},"branches":{"total":0,"covered":0,"skipped":0,"pct":100}}
,"/home/runner/work/DGeoUtils/DGeoUtils/src/utils.ts": {"lines":{"total":36,"covered":36,"skipped":0,"pct":100},"functions":{"total":16,"covered":16,"skipped":0,"pct":100},"statements":{"total":43,"covered":43,"skipped":0,"pct":100},"branches":{"total":16,"covered":15,"skipped":0,"pct":93.75}}
}
