{"total": {"lines":{"total":1687,"covered":1660,"skipped":0,"pct":98.39},"statements":{"total":1837,"covered":1809,"skipped":0,"pct":98.47},"functions":{"total":455,"covered":450,"skipped":0,"pct":98.9},"branches":{"total":610,"covered":584,"skipped":0,"pct":95.73},"branchesTrue":{"total":0,"covered":0,"skipped":0,"pct":"Unknown"}}
,"/home/runner/work/DGeoUtils/DGeoUtils/src/DCircle.ts": {"lines":{"total":57,"covered":57,"skipped":0,"pct":100},"functions":{"total":9,"covered":9,"skipped":0,"pct":100},"statements":{"total":58,"covered":58,"skipped":0,"pct":100},"branches":{"total":21,"covered":21,"skipped":0,"pct":100}}
,"/home/runner/work/DGeoUtils/DGeoUtils/src/DLine.ts": {"lines":{"total":144,"covered":142,"skipped":0,"pct":98.61},"functions":{"total":30,"covered":30,"skipped":0,"pct":100},"statements":{"total":146,"covered":144,"skipped":0,"pct":98.63},"branches":{"total":78,"covered":75,"skipped":0,"pct":96.15}}
,"/home/runner/work/DGeoUtils/DGeoUtils/src/DNumbers.ts": {"lines":{"total":9,"covered":9,"skipped":0,"pct":100},"functions":{"total":6,"covered":6,"skipped":0,"pct":100},"statements":{"total":9,"covered":9,"skipped":0,"pct":100},"branches":{"total":1,"covered":1,"skipped":0,"pct":100}}
,"/home/runner/work/DGeoUtils/DGeoUtils/src/DPlane.ts": {"lines":{"total":64,"covered":64,"skipped":0,"pct":100},"functions":{"total":13,"covered":13,"skipped":0,"pct":100},"statements":{"total":67,"covered":67,"skipped":0,"pct":100},"branches":{"total":28,"covered":28,"skipped":0,"pct":100}}
,"/home/runner/work/DGeoUtils/DGeoUtils/src/DPoint.ts": {"lines":{"total":296,"covered":294,"skipped":0,"pct":99.32},"functions":{"total":84,"covered":83,"skipped":0,"pct":98.8},"statements":{"total":300,"covered":298,"skipped":0,"pct":99.33},"branches":{"total":123,"covered":120,"skipped":0,"pct":97.56}}
,"/home/runner/work/DGeoUtils/DGeoUtils/src/DPolygon.ts": {"lines":{"total":662,"covered":649,"skipped":0,"pct":98.03},"functions":{"total":170,"covered":169,"skipped":0,"pct":99.41},"statements":{"total":720,"covered":707,"skipped":0,"pct":98.19},"branches":{"total":230,"covered":219,"skipped":0,"pct":95.21}}
,"/home/runner/work/DGeoUtils/DGeoUtils/src/DPolygonLoop.ts": {"lines":{"total":179,"covered":179,"skipped":0,"pct":100},"functions":{"total":76,"covered":76,"skipped":0,"pct":100},"statements":{"total":213,"covered":213,"skipped":0,"pct":100},"branches":{"total":46,"covered":46,"skipped":0,"pct":100}}
,"/home/runner/work/DGeoUtils/DGeoUtils/src/FastSearch.ts": {"lines":{"total":13,"covered":13,"skipped":0,"pct":100},"functions":{"total":3,"covered":3,"skipped":0,"pct":100},"statements":{"total":13,"covered":13,"skipped":0,"pct":100},"branches":{"total":8,"covered":8,"skipped":0,"pct":100}}
,"/home/runner/work/DGeoUtils/DGeoUtils/src/TraceMatrix.ts": {"lines":{"total":137,"covered":129,"skipped":0,"pct":94.16},"functions":{"total":28,"covered":25,"skipped":0,"pct":89.28},"statements":{"total":154,"covered":145,"skipped":0,"pct":94.15},"branches":{"total":45,"covered":40,"skipped":0,"pct":88.88}}
,"/home/runner/work/DGeoUtils/DGeoUtils/src/index.ts": {"lines":{"total":18,"covered":18,"skipped":0,"pct":100},"functions":{"total":8,"covered":8,"skipped":0,"pct":100},"statements":{"total":18,"covered":18,"skipped":0,"pct":100},"branches":{"total":0,"covered":0,"skipped":0,"pct":100}}
,"/home/runner/work/DGeoUtils/DGeoUtils/src/utils.ts": {"lines":{"total":108,"covered":106,"skipped":0,"pct":98.14},"functions":{"total":28,"covered":28,"skipped":0,"pct":100},"statements":{"total":139,"covered":137,"skipped":0,"pct":98.56},"branches":{"total":30,"covered":26,"skipped":0,"pct":86.66}}
}
