TN:
SF:src/DCircle.ts
FN:14,(anonymous_0)
FN:16,(anonymous_1)
FN:20,(anonymous_2)
FN:24,(anonymous_3)
FN:34,(anonymous_4)
FN:76,(anonymous_5)
FN:86,(anonymous_6)
FN:110,(anonymous_7)
FN:121,(anonymous_8)
FNF:9
FNH:9
FNDA:52,(anonymous_0)
FNDA:5,(anonymous_1)
FNDA:1,(anonymous_2)
FNDA:1,(anonymous_3)
FNDA:6,(anonymous_4)
FNDA:6,(anonymous_5)
FNDA:1,(anonymous_6)
FNDA:4,(anonymous_7)
FNDA:256,(anonymous_8)
DA:1,9
DA:2,9
DA:3,9
DA:4,9
DA:7,9
DA:14,52
DA:17,5
DA:21,1
DA:25,1
DA:35,6
DA:36,1
DA:41,5
DA:45,5
DA:47,5
DA:49,5
DA:50,5
DA:51,5
DA:53,5
DA:54,5
DA:55,5
DA:56,5
DA:58,5
DA:59,5
DA:61,5
DA:62,5
DA:63,5
DA:64,5
DA:66,5
DA:67,5
DA:68,4
DA:70,5
DA:71,3
DA:73,5
DA:77,6
DA:87,1
DA:88,1
DA:89,1
DA:90,64
DA:91,64
DA:92,64
DA:93,64
DA:95,1
DA:111,4
DA:114,4
DA:115,4
DA:116,256
DA:118,4
DA:122,256
DA:123,256
DA:124,256
DA:125,256
DA:128,256
DA:133,256
LF:53
LH:53
BRDA:14,0,0,1
BRDA:14,1,0,1
BRDA:35,2,0,1
BRDA:35,2,1,5
BRDA:67,3,0,4
BRDA:67,3,1,1
BRDA:67,4,0,5
BRDA:67,4,1,4
BRDA:70,5,0,3
BRDA:70,5,1,2
BRDA:70,6,0,5
BRDA:70,6,1,4
BRDA:70,6,2,4
BRDA:70,7,0,4
BRDA:70,7,1,2
BRDA:77,8,0,6
BRDA:77,8,1,1
BRDA:86,9,0,1
BRDA:110,10,0,4
BRDA:121,11,0,256
BRF:20
BRH:20
end_of_record
TN:
SF:src/DLine.ts
FN:25,(anonymous_1)
FN:29,(anonymous_2)
FN:40,(anonymous_3)
FN:60,(anonymous_4)
FN:71,(anonymous_5)
FN:128,(anonymous_6)
FN:141,(anonymous_7)
FN:146,(anonymous_8)
FN:160,(anonymous_9)
FN:164,(anonymous_10)
FN:168,(anonymous_11)
FN:172,(anonymous_12)
FN:176,(anonymous_13)
FN:180,(anonymous_14)
FN:188,(anonymous_15)
FN:202,(anonymous_16)
FN:217,(anonymous_17)
FN:256,(anonymous_18)
FN:260,(anonymous_19)
FN:264,(anonymous_20)
FN:271,(anonymous_21)
FN:278,(anonymous_22)
FN:292,(anonymous_23)
FN:305,(anonymous_24)
FN:327,(anonymous_25)
FN:342,(anonymous_26)
FNF:26
FNH:26
FNDA:1,(anonymous_1)
FNDA:243,(anonymous_2)
FNDA:53,(anonymous_3)
FNDA:257943,(anonymous_4)
FNDA:29,(anonymous_5)
FNDA:239599,(anonymous_6)
FNDA:5312,(anonymous_7)
FNDA:323,(anonymous_8)
FNDA:239600,(anonymous_9)
FNDA:239600,(anonymous_10)
FNDA:239600,(anonymous_11)
FNDA:239600,(anonymous_12)
FNDA:1,(anonymous_13)
FNDA:3,(anonymous_14)
FNDA:36556,(anonymous_15)
FNDA:144937,(anonymous_16)
FNDA:258136,(anonymous_17)
FNDA:29,(anonymous_18)
FNDA:1041846,(anonymous_19)
FNDA:1010559,(anonymous_20)
FNDA:6403,(anonymous_21)
FNDA:69,(anonymous_22)
FNDA:1,(anonymous_23)
FNDA:47,(anonymous_24)
FNDA:3105,(anonymous_25)
FNDA:3056,(anonymous_26)
DA:1,9
DA:3,9
DA:6,9
DA:17,524391
DA:18,524391
DA:19,524391
DA:20,524391
DA:21,524391
DA:26,1
DA:30,243
DA:37,243
DA:41,53
DA:48,53
DA:49,53
DA:50,53
DA:61,257943
DA:62,257943
DA:63,211145
DA:64,4736
DA:66,206409
DA:68,46798
DA:72,29
DA:73,29
DA:74,29
DA:75,29
DA:76,29
DA:77,22
DA:79,29
DA:80,1
DA:82,29
DA:83,26
DA:84,26
DA:85,3
DA:86,3
DA:88,3
DA:89,1
DA:90,1
DA:91,1
DA:92,1
DA:95,2
DA:96,2
DA:97,2
DA:98,2
DA:99,2
DA:102,23
DA:103,21
DA:104,21
DA:106,2
DA:107,1
DA:108,1
DA:110,1
DA:111,1
DA:112,1
DA:113,1
DA:114,1
DA:115,1
DA:117,3
DA:118,2
DA:120,1
DA:129,239599
DA:130,239599
DA:131,239599
DA:132,239599
DA:133,239599
DA:142,5312
DA:143,5312
DA:147,323
DA:161,239600
DA:165,239600
DA:169,239600
DA:173,239600
DA:177,1
DA:181,3
DA:189,36556
DA:190,2847
DA:192,33709
DA:193,2964
DA:195,30745
DA:203,144937
DA:204,1
DA:206,144936
DA:207,1
DA:209,144935
DA:218,258136
DA:219,23271
DA:221,234865
DA:222,22979
DA:224,211886
DA:225,18747
DA:227,193139
DA:228,19250
DA:230,173889
DA:231,12876
DA:232,12876
DA:234,161013
DA:235,16644
DA:236,16644
DA:238,144369
DA:239,10749
DA:240,10749
DA:242,133620
DA:243,12311
DA:244,12311
DA:246,121309
DA:247,121309
DA:248,551
DA:250,120758
DA:257,29
DA:261,1041846
DA:265,1010559
DA:272,6403
DA:279,69
DA:284,69
DA:285,69
DA:286,69
DA:287,0
DA:289,69
DA:296,1
DA:297,1
DA:306,47
DA:307,47
DA:308,47
DA:309,47
DA:310,47
DA:311,47
DA:312,47
DA:313,47
DA:314,47
DA:315,47
DA:316,47
DA:317,8
DA:319,39
DA:328,3105
DA:329,3105
DA:330,3105
DA:331,0
DA:332,3105
DA:333,0
DA:335,3105
DA:343,3056
DA:344,3056
LF:141
LH:138
BRDA:20,0,0,9467
BRDA:21,1,0,9468
BRDA:60,2,0,248547
BRDA:60,3,0,253070
BRDA:62,4,0,211145
BRDA:62,4,1,46798
BRDA:63,5,0,4736
BRDA:63,5,1,206409
BRDA:64,6,0,111
BRDA:64,6,1,4625
BRDA:64,7,0,4736
BRDA:64,7,1,572
BRDA:66,8,0,4333
BRDA:66,8,1,202076
BRDA:66,9,0,206409
BRDA:66,9,1,27618
BRDA:76,10,0,22
BRDA:76,10,1,7
BRDA:79,11,0,1
BRDA:79,11,1,28
BRDA:82,12,0,26
BRDA:82,12,1,3
BRDA:84,13,0,3
BRDA:84,13,1,23
BRDA:88,14,0,1
BRDA:88,14,1,2
BRDA:95,15,0,2
BRDA:95,15,1,0
BRDA:102,16,0,21
BRDA:102,16,1,2
BRDA:106,17,0,1
BRDA:106,17,1,1
BRDA:117,18,0,2
BRDA:117,18,1,1
BRDA:128,19,0,217
BRDA:131,20,0,239599
BRDA:131,20,1,148325
BRDA:132,21,0,239599
BRDA:132,21,1,145640
BRDA:133,22,0,239599
BRDA:133,22,1,68197
BRDA:141,23,0,3
BRDA:143,24,0,5312
BRDA:143,24,1,2150
BRDA:143,24,2,1417
BRDA:189,25,0,2847
BRDA:189,25,1,33709
BRDA:192,26,0,2964
BRDA:192,26,1,30745
BRDA:203,27,0,1
BRDA:203,27,1,144936
BRDA:206,28,0,1
BRDA:206,28,1,144935
BRDA:218,29,0,23271
BRDA:218,29,1,234865
BRDA:218,30,0,258136
BRDA:218,30,1,55397
BRDA:221,31,0,22979
BRDA:221,31,1,211886
BRDA:221,32,0,234865
BRDA:221,32,1,58370
BRDA:224,33,0,18747
BRDA:224,33,1,193139
BRDA:224,34,0,211886
BRDA:224,34,1,35391
BRDA:227,35,0,19250
BRDA:227,35,1,173889
BRDA:227,36,0,193139
BRDA:227,36,1,32126
BRDA:230,37,0,12876
BRDA:230,37,1,161013
BRDA:234,38,0,16644
BRDA:234,38,1,144369
BRDA:238,39,0,10749
BRDA:238,39,1,133620
BRDA:242,40,0,12311
BRDA:242,40,1,121309
BRDA:247,41,0,551
BRDA:247,41,1,120758
BRDA:247,42,0,121309
BRDA:247,42,1,551
BRDA:257,43,0,29
BRDA:257,43,1,26
BRDA:286,44,0,0
BRDA:286,44,1,69
BRDA:316,45,0,8
BRDA:316,45,1,39
BRDA:316,46,0,47
BRDA:316,46,1,41
BRDA:327,47,0,3105
BRDA:330,48,0,0
BRDA:330,48,1,3105
BRDA:330,49,0,3105
BRDA:330,49,1,0
BRDA:332,50,0,0
BRDA:332,50,1,3105
BRDA:332,51,0,3105
BRDA:332,51,1,0
BRF:98
BRH:92
end_of_record
TN:
SF:src/DNumbers.ts
FN:6,(anonymous_0)
FN:10,(anonymous_1)
FN:14,(anonymous_2)
FN:18,(anonymous_3)
FN:22,(anonymous_4)
FN:26,(anonymous_5)
FNF:6
FNH:6
FNDA:68,(anonymous_0)
FNDA:22,(anonymous_1)
FNDA:22,(anonymous_2)
FNDA:22,(anonymous_3)
FNDA:577,(anonymous_4)
FNDA:513,(anonymous_5)
DA:1,9
DA:3,9
DA:5,9
DA:7,68
DA:11,22
DA:15,22
DA:19,22
DA:23,577
DA:27,513
LF:9
LH:9
BRDA:6,0,0,66
BRF:1
BRH:1
end_of_record
TN:
SF:src/DPoint.ts
FN:63,(anonymous_0)
FN:65,(anonymous_1)
FN:69,(anonymous_2)
FN:78,(anonymous_3)
FN:86,(anonymous_4)
FN:97,(anonymous_5)
FN:115,(anonymous_6)
FN:125,(anonymous_7)
FN:136,(anonymous_8)
FN:157,(anonymous_9)
FN:173,(anonymous_10)
FN:177,(anonymous_11)
FN:181,(anonymous_12)
FN:186,(anonymous_13)
FN:191,(anonymous_14)
FN:213,(anonymous_15)
FN:229,(anonymous_16)
FN:246,(anonymous_17)
FN:251,(anonymous_18)
FN:257,(anonymous_19)
FN:261,(anonymous_20)
FN:265,(anonymous_21)
FN:269,(anonymous_22)
FN:277,(anonymous_23)
FN:303,(anonymous_24)
FN:318,(anonymous_25)
FN:330,(anonymous_26)
FN:342,(anonymous_27)
FN:349,(anonymous_28)
FN:356,(anonymous_29)
FN:363,(anonymous_30)
FN:370,(anonymous_31)
FN:376,(anonymous_32)
FN:382,(anonymous_33)
FN:391,(anonymous_34)
FN:397,(anonymous_35)
FN:421,(anonymous_36)
FN:454,(anonymous_37)
FN:469,(anonymous_38)
FN:477,(anonymous_39)
FN:498,(anonymous_40)
FN:510,(anonymous_41)
FN:520,(anonymous_42)
FN:531,(anonymous_43)
FN:538,(anonymous_44)
FN:542,(anonymous_45)
FN:546,(anonymous_46)
FN:550,(anonymous_47)
FN:554,(anonymous_48)
FN:561,(anonymous_49)
FN:568,(anonymous_50)
FN:572,(anonymous_51)
FN:576,(anonymous_52)
FN:581,(anonymous_53)
FN:586,(anonymous_54)
FN:591,(anonymous_55)
FN:595,(anonymous_56)
FN:599,(anonymous_57)
FN:606,(anonymous_58)
FN:612,(anonymous_59)
FN:626,(anonymous_60)
FN:637,(anonymous_61)
FNF:62
FNH:62
FNDA:467189,(anonymous_0)
FNDA:19432,(anonymous_1)
FNDA:1266,(anonymous_2)
FNDA:12,(anonymous_3)
FNDA:2,(anonymous_4)
FNDA:6,(anonymous_5)
FNDA:7,(anonymous_6)
FNDA:138,(anonymous_7)
FNDA:514924,(anonymous_8)
FNDA:30,(anonymous_9)
FNDA:19740,(anonymous_10)
FNDA:15,(anonymous_11)
FNDA:64,(anonymous_12)
FNDA:4,(anonymous_13)
FNDA:376,(anonymous_14)
FNDA:13,(anonymous_15)
FNDA:8,(anonymous_16)
FNDA:13,(anonymous_17)
FNDA:45558,(anonymous_18)
FNDA:11,(anonymous_19)
FNDA:6,(anonymous_20)
FNDA:8,(anonymous_21)
FNDA:3,(anonymous_22)
FNDA:12,(anonymous_23)
FNDA:2916,(anonymous_24)
FNDA:8,(anonymous_25)
FNDA:7,(anonymous_26)
FNDA:7,(anonymous_27)
FNDA:366,(anonymous_28)
FNDA:2,(anonymous_29)
FNDA:2,(anonymous_30)
FNDA:18,(anonymous_31)
FNDA:5,(anonymous_32)
FNDA:5,(anonymous_33)
FNDA:20,(anonymous_34)
FNDA:329,(anonymous_35)
FNDA:1279,(anonymous_36)
FNDA:332,(anonymous_37)
FNDA:553653,(anonymous_38)
FNDA:8181,(anonymous_39)
FNDA:19,(anonymous_40)
FNDA:31385,(anonymous_41)
FNDA:15690,(anonymous_42)
FNDA:15687,(anonymous_43)
FNDA:336,(anonymous_44)
FNDA:1,(anonymous_45)
FNDA:1186,(anonymous_46)
FNDA:1,(anonymous_47)
FNDA:1,(anonymous_48)
FNDA:8,(anonymous_49)
FNDA:3,(anonymous_50)
FNDA:3,(anonymous_51)
FNDA:5,(anonymous_52)
FNDA:10,(anonymous_53)
FNDA:10,(anonymous_54)
FNDA:5,(anonymous_55)
FNDA:5,(anonymous_56)
FNDA:3,(anonymous_57)
FNDA:408,(anonymous_58)
FNDA:729,(anonymous_59)
FNDA:1,(anonymous_60)
FNDA:360,(anonymous_61)
DA:1,9
DA:2,9
DA:3,9
DA:5,9
DA:7,9
DA:9,9
DA:11,9
DA:12,9
DA:21,9
DA:22,9
DA:23,9
DA:24,9
DA:25,9
DA:26,9
DA:27,9
DA:28,9
DA:29,9
DA:33,9
DA:35,467189
DA:63,467189
DA:66,19432
DA:70,1266
DA:71,1266
DA:72,3
DA:74,1263
DA:75,1263
DA:79,12
DA:80,12
DA:81,12
DA:82,12
DA:83,12
DA:87,2
DA:98,6
DA:101,6
DA:102,6
DA:105,6
DA:116,7
DA:119,7
DA:120,7
DA:121,7
DA:122,7
DA:126,138
DA:127,56
DA:129,82
DA:137,514924
DA:142,514924
DA:143,3
DA:145,514921
DA:146,514921
DA:147,514921
DA:148,514921
DA:149,111625
DA:151,403296
DA:152,99850
DA:154,303446
DA:158,30
DA:165,30
DA:166,30
DA:167,30
DA:168,16
DA:170,14
DA:174,19740
DA:178,15
DA:182,64
DA:183,64
DA:187,4
DA:188,4
DA:192,376
DA:197,376
DA:198,376
DA:199,376
DA:214,13
DA:215,13
DA:230,8
DA:231,8
DA:247,13
DA:248,13
DA:252,45558
DA:253,45558
DA:254,45558
DA:258,11
DA:262,6
DA:266,8
DA:270,3
DA:278,12
DA:279,12
DA:280,12
DA:281,12
DA:282,12
DA:304,2916
DA:305,2916
DA:306,2916
DA:307,2863
DA:308,2863
DA:310,53
DA:311,53
DA:313,2916
DA:314,2916
DA:315,2916
DA:319,8
DA:322,8
DA:323,8
DA:325,8
DA:326,8
DA:327,8
DA:331,7
DA:334,7
DA:335,7
DA:337,7
DA:338,7
DA:339,7
DA:343,7
DA:346,7
DA:350,366
DA:353,366
DA:357,2
DA:360,2
DA:364,2
DA:367,2
DA:371,18
DA:372,18
DA:373,18
DA:377,5
DA:378,5
DA:379,5
DA:383,5
DA:384,5
DA:385,5
DA:392,20
DA:393,20
DA:394,20
DA:398,329
DA:399,329
DA:400,329
DA:422,1279
DA:423,1279
DA:424,1279
DA:425,1
DA:426,1
DA:428,1278
DA:429,1278
DA:431,1279
DA:432,1279
DA:433,1279
DA:455,332
DA:456,332
DA:457,332
DA:458,3
DA:459,3
DA:461,329
DA:462,329
DA:464,332
DA:465,332
DA:466,332
DA:470,553653
DA:478,8181
DA:479,4369
DA:481,3812
DA:482,3812
DA:483,3812
DA:484,3812
DA:499,19
DA:500,19
DA:501,11
DA:503,19
DA:504,19
DA:511,31385
DA:512,3
DA:514,31385
DA:521,15690
DA:522,3
DA:524,15690
DA:532,15687
DA:533,3
DA:535,15687
DA:539,336
DA:543,1
DA:547,1186
DA:551,1
DA:555,1
DA:558,1
DA:562,8
DA:565,8
DA:569,3
DA:573,3
DA:577,5
DA:578,5
DA:582,10
DA:583,10
DA:587,10
DA:588,10
DA:592,5
DA:596,5
DA:600,3
DA:607,408
DA:608,408
DA:609,408
DA:613,729
DA:627,1
DA:632,1
DA:633,1
DA:634,1
DA:635,1
DA:636,1
DA:638,360
DA:639,360
DA:641,360
LF:207
LH:207
BRDA:63,0,0,19436
BRDA:63,1,0,164370
BRDA:71,2,0,3
BRDA:71,2,1,1263
BRDA:71,3,0,1266
BRDA:71,3,1,3
BRDA:97,4,0,1
BRDA:115,5,0,4
BRDA:126,6,0,56
BRDA:126,6,1,82
BRDA:142,7,0,3
BRDA:142,7,1,514921
BRDA:148,8,0,111625
BRDA:148,8,1,403296
BRDA:151,9,0,99850
BRDA:151,9,1,303446
BRDA:167,10,0,16
BRDA:167,10,1,14
BRDA:214,11,0,9
BRDA:214,11,1,4
BRDA:230,12,0,4
BRDA:230,12,1,4
BRDA:247,13,0,9
BRDA:247,13,1,4
BRDA:258,14,0,11
BRDA:258,14,1,7
BRDA:262,15,0,6
BRDA:262,15,1,2
BRDA:266,16,0,8
BRDA:266,16,1,3
BRDA:270,17,0,3
BRDA:270,17,1,2
BRDA:303,18,0,2862
BRDA:306,19,0,2863
BRDA:306,19,1,53
BRDA:391,20,0,3
BRDA:421,21,0,1104
BRDA:424,22,0,1
BRDA:424,22,1,1278
BRDA:454,23,0,331
BRDA:457,24,0,3
BRDA:457,24,1,329
BRDA:470,25,0,553653
BRDA:470,25,1,114093
BRDA:470,25,2,8084
BRDA:477,26,0,4610
BRDA:478,27,0,4369
BRDA:478,27,1,3812
BRDA:483,28,0,3812
BRDA:483,28,1,3812
BRDA:483,29,0,3812
BRDA:483,29,1,3812
BRDA:484,30,0,3812
BRDA:484,30,1,1148
BRDA:484,30,2,206
BRDA:500,31,0,11
BRDA:500,31,1,8
BRDA:511,32,0,3
BRDA:511,32,1,31382
BRDA:521,33,0,3
BRDA:521,33,1,15687
BRDA:524,34,0,15690
BRDA:524,34,1,15689
BRDA:532,35,0,3
BRDA:532,35,1,15684
BRDA:535,36,0,15687
BRDA:535,36,1,15682
BRDA:535,36,2,32
BRDA:599,37,0,1
BRDA:599,38,0,2
BRDA:626,39,0,1
BRF:71
BRH:71
end_of_record
TN:
SF:src/DPolygon.ts
FN:32,(anonymous_0)
FN:69,(anonymous_1)
FN:70,(anonymous_2)
FN:82,(anonymous_3)
FN:91,(anonymous_4)
FN:115,(anonymous_5)
FN:126,(anonymous_6)
FN:134,(anonymous_7)
FN:135,(anonymous_8)
FN:145,(anonymous_9)
FN:154,(anonymous_10)
FN:158,(anonymous_11)
FN:162,(anonymous_12)
FN:166,(anonymous_13)
FN:170,(anonymous_14)
FN:171,(anonymous_15)
FN:174,(anonymous_16)
FN:175,(anonymous_17)
FN:178,(anonymous_18)
FN:179,(anonymous_19)
FN:182,(anonymous_20)
FN:183,(anonymous_21)
FN:189,(anonymous_22)
FN:196,(anonymous_23)
FN:203,(anonymous_24)
FN:210,(anonymous_25)
FN:217,(anonymous_26)
FN:224,(anonymous_27)
FN:238,(anonymous_28)
FN:246,(anonymous_29)
FN:254,(anonymous_30)
FN:262,(anonymous_31)
FN:269,(anonymous_32)
FN:276,(anonymous_33)
FN:287,(anonymous_34)
FN:295,(anonymous_35)
FN:301,(anonymous_36)
FN:310,(anonymous_37)
FN:325,(anonymous_38)
FN:332,(anonymous_39)
FN:339,(anonymous_40)
FN:346,(anonymous_41)
FN:353,(anonymous_42)
FN:404,(anonymous_43)
FN:447,(anonymous_44)
FN:461,(anonymous_45)
FN:471,(anonymous_46)
FN:482,(anonymous_47)
FN:500,(anonymous_48)
FN:512,(anonymous_49)
FN:516,(anonymous_50)
FN:519,(anonymous_51)
FN:522,(anonymous_52)
FN:530,(anonymous_53)
FN:537,(anonymous_54)
FN:539,(anonymous_55)
FN:543,(anonymous_56)
FN:548,(anonymous_57)
FN:552,(anonymous_58)
FN:556,(anonymous_59)
FN:560,(anonymous_60)
FN:564,(anonymous_61)
FN:566,(anonymous_62)
FN:570,(anonymous_63)
FN:572,(anonymous_64)
FN:573,(anonymous_65)
FN:577,(anonymous_66)
FN:578,(anonymous_67)
FN:584,(anonymous_68)
FN:595,(anonymous_69)
FN:603,(anonymous_70)
FN:605,(anonymous_71)
FN:613,(anonymous_72)
FN:614,(anonymous_73)
FN:617,(anonymous_74)
FN:618,(anonymous_75)
FN:619,(anonymous_76)
FN:628,(anonymous_77)
FN:638,(anonymous_78)
FN:638,(anonymous_79)
FN:648,(anonymous_80)
FN:663,(anonymous_81)
FN:664,(anonymous_82)
FN:672,(anonymous_83)
FN:676,(anonymous_84)
FN:680,(anonymous_85)
FN:688,(anonymous_86)
FN:693,(anonymous_87)
FN:694,(anonymous_88)
FN:702,(anonymous_89)
FN:706,(anonymous_90)
FN:746,(anonymous_91)
FN:761,(anonymous_92)
FN:780,(anonymous_93)
FN:791,(anonymous_94)
FN:795,(anonymous_95)
FN:815,(anonymous_96)
FN:825,(anonymous_97)
FN:854,(anonymous_98)
FN:855,(anonymous_99)
FN:862,(anonymous_100)
FN:863,(anonymous_101)
FN:870,(anonymous_102)
FN:886,(anonymous_103)
FN:899,(anonymous_104)
FN:912,(anonymous_105)
FN:928,(anonymous_106)
FN:932,(anonymous_107)
FN:944,(anonymous_108)
FN:959,(anonymous_109)
FN:963,(anonymous_110)
FN:967,(anonymous_111)
FN:970,(anonymous_112)
FN:978,(anonymous_113)
FN:993,(anonymous_114)
FN:994,(anonymous_115)
FN:997,(anonymous_116)
FN:1000,(anonymous_117)
FN:1005,(anonymous_118)
FN:1052,(anonymous_119)
FN:1053,(anonymous_120)
FN:1056,(anonymous_121)
FN:1059,(anonymous_122)
FN:1064,(anonymous_123)
FN:1084,(anonymous_124)
FN:1087,(anonymous_125)
FN:1088,(anonymous_126)
FN:1115,(anonymous_127)
FN:1119,(anonymous_128)
FN:1128,(anonymous_129)
FN:1135,(anonymous_130)
FN:1138,(anonymous_131)
FN:1143,(anonymous_132)
FN:1148,(anonymous_133)
FN:1169,(anonymous_134)
FN:1178,(anonymous_135)
FN:1220,(anonymous_136)
FN:1235,(anonymous_137)
FN:1241,(anonymous_138)
FN:1265,(anonymous_139)
FN:1277,(anonymous_140)
FN:1277,(anonymous_141)
FN:1286,(anonymous_142)
FN:1300,(anonymous_143)
FNF:144
FNH:144
FNDA:5504,(anonymous_0)
FNDA:1,(anonymous_1)
FNDA:20,(anonymous_2)
FNDA:1,(anonymous_3)
FNDA:1,(anonymous_4)
FNDA:3,(anonymous_5)
FNDA:171,(anonymous_6)
FNDA:220,(anonymous_7)
FNDA:1250,(anonymous_8)
FNDA:3,(anonymous_9)
FNDA:5,(anonymous_10)
FNDA:71,(anonymous_11)
FNDA:2,(anonymous_12)
FNDA:1050583,(anonymous_13)
FNDA:48214,(anonymous_14)
FNDA:110532,(anonymous_15)
FNDA:48596,(anonymous_16)
FNDA:115299,(anonymous_17)
FNDA:32406,(anonymous_18)
FNDA:78285,(anonymous_19)
FNDA:48367,(anonymous_20)
FNDA:114100,(anonymous_21)
FNDA:2,(anonymous_22)
FNDA:5,(anonymous_23)
FNDA:5,(anonymous_24)
FNDA:1,(anonymous_25)
FNDA:1,(anonymous_26)
FNDA:9,(anonymous_27)
FNDA:3,(anonymous_28)
FNDA:312,(anonymous_29)
FNDA:1,(anonymous_30)
FNDA:1421064,(anonymous_31)
FNDA:5,(anonymous_32)
FNDA:10,(anonymous_33)
FNDA:19,(anonymous_34)
FNDA:1,(anonymous_35)
FNDA:1246,(anonymous_36)
FNDA:4583,(anonymous_37)
FNDA:3,(anonymous_38)
FNDA:13226,(anonymous_39)
FNDA:16,(anonymous_40)
FNDA:5865,(anonymous_41)
FNDA:4,(anonymous_42)
FNDA:6,(anonymous_43)
FNDA:29,(anonymous_44)
FNDA:21,(anonymous_45)
FNDA:213,(anonymous_46)
FNDA:322,(anonymous_47)
FNDA:1,(anonymous_48)
FNDA:235,(anonymous_49)
FNDA:9,(anonymous_50)
FNDA:2201,(anonymous_51)
FNDA:15,(anonymous_52)
FNDA:1,(anonymous_53)
FNDA:85,(anonymous_54)
FNDA:12,(anonymous_55)
FNDA:1045356,(anonymous_56)
FNDA:1685,(anonymous_57)
FNDA:5953,(anonymous_58)
FNDA:1483,(anonymous_59)
FNDA:1,(anonymous_60)
FNDA:1443,(anonymous_61)
FNDA:82,(anonymous_62)
FNDA:3,(anonymous_63)
FNDA:14,(anonymous_64)
FNDA:1,(anonymous_65)
FNDA:3684,(anonymous_66)
FNDA:19734,(anonymous_67)
FNDA:4512,(anonymous_68)
FNDA:1332,(anonymous_69)
FNDA:1,(anonymous_70)
FNDA:2,(anonymous_71)
FNDA:905,(anonymous_72)
FNDA:8202,(anonymous_73)
FNDA:4674,(anonymous_74)
FNDA:38461,(anonymous_75)
FNDA:245,(anonymous_76)
FNDA:585,(anonymous_77)
FNDA:19,(anonymous_78)
FNDA:47,(anonymous_79)
FNDA:596,(anonymous_80)
FNDA:5,(anonymous_81)
FNDA:8,(anonymous_82)
FNDA:5,(anonymous_83)
FNDA:382,(anonymous_84)
FNDA:262,(anonymous_85)
FNDA:2,(anonymous_86)
FNDA:8,(anonymous_87)
FNDA:6,(anonymous_88)
FNDA:48269,(anonymous_89)
FNDA:3,(anonymous_90)
FNDA:1,(anonymous_91)
FNDA:468,(anonymous_92)
FNDA:576,(anonymous_93)
FNDA:505,(anonymous_94)
FNDA:7619,(anonymous_95)
FNDA:1304,(anonymous_96)
FNDA:1,(anonymous_97)
FNDA:4,(anonymous_98)
FNDA:7,(anonymous_99)
FNDA:50,(anonymous_100)
FNDA:136,(anonymous_101)
FNDA:4,(anonymous_102)
FNDA:42,(anonymous_103)
FNDA:4,(anonymous_104)
FNDA:306,(anonymous_105)
FNDA:1,(anonymous_106)
FNDA:1,(anonymous_107)
FNDA:77,(anonymous_108)
FNDA:13,(anonymous_109)
FNDA:13,(anonymous_110)
FNDA:5,(anonymous_111)
FNDA:16,(anonymous_112)
FNDA:3,(anonymous_113)
FNDA:6,(anonymous_114)
FNDA:190,(anonymous_115)
FNDA:2,(anonymous_116)
FNDA:2,(anonymous_117)
FNDA:78,(anonymous_118)
FNDA:5,(anonymous_119)
FNDA:131,(anonymous_120)
FNDA:1,(anonymous_121)
FNDA:1,(anonymous_122)
FNDA:59,(anonymous_123)
FNDA:60,(anonymous_124)
FNDA:3,(anonymous_125)
FNDA:12,(anonymous_126)
FNDA:15,(anonymous_127)
FNDA:5849,(anonymous_128)
FNDA:6,(anonymous_129)
FNDA:908,(anonymous_130)
FNDA:48269,(anonymous_131)
FNDA:48040,(anonymous_132)
FNDA:35,(anonymous_133)
FNDA:3,(anonymous_134)
FNDA:176,(anonymous_135)
FNDA:103,(anonymous_136)
FNDA:103,(anonymous_137)
FNDA:981,(anonymous_138)
FNDA:6,(anonymous_139)
FNDA:174,(anonymous_140)
FNDA:171,(anonymous_141)
FNDA:55,(anonymous_142)
FNDA:116,(anonymous_143)
DA:2,9
DA:3,9
DA:4,9
DA:5,9
DA:6,9
DA:8,9
DA:18,9
DA:20,9
DA:21,9
DA:22,9
DA:23,9
DA:25,9
DA:27,5504
DA:28,5504
DA:29,5504
DA:32,5504
DA:37,9
DA:42,9
DA:47,9
DA:70,20
DA:83,1
DA:84,1
DA:92,1
DA:93,1
DA:94,1
DA:95,1
DA:96,12
DA:97,7
DA:99,12
DA:100,8
DA:101,8
DA:102,4
DA:103,4
DA:104,4
DA:108,1
DA:116,3
DA:117,3
DA:118,1
DA:120,2
DA:121,1
DA:123,1
DA:127,171
DA:128,171
DA:129,171
DA:130,168
DA:131,168
DA:132,168
DA:134,220
DA:135,1250
DA:136,168
DA:137,39
DA:139,168
DA:141,171
DA:142,1
DA:143,1
DA:144,1
DA:145,3
DA:147,171
DA:148,2
DA:151,171
DA:155,5
DA:159,71
DA:163,2
DA:167,1050583
DA:171,110532
DA:175,115299
DA:179,78285
DA:183,114100
DA:190,2
DA:197,5
DA:204,5
DA:211,1
DA:218,1
DA:225,9
DA:226,9
DA:239,3
DA:240,3
DA:247,312
DA:248,312
DA:255,1
DA:256,1
DA:263,1421064
DA:270,5
DA:277,10
DA:278,10
DA:279,40
DA:281,10
DA:288,19
DA:289,19
DA:290,19
DA:291,75
DA:292,75
DA:293,75
DA:295,19
DA:302,1246
DA:303,1246
DA:304,17432
DA:305,248542
DA:306,248542
DA:307,248542
DA:308,248542
DA:310,4583
DA:312,118
DA:313,118
DA:314,118
DA:315,118
DA:319,1246
DA:326,3
DA:333,13226
DA:340,16
DA:347,5865
DA:354,4
DA:355,4
DA:356,4
DA:357,4
DA:358,12
DA:359,12
DA:360,12
DA:361,12
DA:362,12
DA:363,12
DA:364,12
DA:365,36
DA:366,36
DA:367,36
DA:368,20
DA:369,20
DA:371,36
DA:372,72
DA:373,72
DA:374,72
DA:375,24
DA:376,24
DA:377,24
DA:381,12
DA:382,0
DA:384,12
DA:385,12
DA:386,12
DA:387,12
DA:393,12
DA:394,4
DA:395,4
DA:398,4
DA:405,6
DA:406,6
DA:407,6
DA:408,5
DA:410,6
DA:411,6
DA:412,11
DA:413,11
DA:414,11
DA:415,11
DA:416,11
DA:417,5
DA:419,6
DA:422,6
DA:423,6
DA:424,6
DA:425,7
DA:426,7
DA:427,7
DA:428,15
DA:429,15
DA:430,15
DA:431,15
DA:432,15
DA:433,1
DA:436,7
DA:438,6
DA:439,5
DA:441,6
DA:448,29
DA:449,29
DA:450,29
DA:451,200
DA:452,200
DA:453,200
DA:455,29
DA:462,21
DA:463,17
DA:465,4
DA:472,213
DA:473,213
DA:474,213
DA:483,322
DA:484,322
DA:485,4868
DA:486,4868
DA:487,4868
DA:488,4868
DA:489,4868
DA:490,114
DA:493,322
DA:501,1
DA:506,9
DA:507,9
DA:513,235
DA:514,230
DA:515,230
DA:516,9
DA:519,2201
DA:522,15
DA:531,1
DA:532,1
DA:538,85
DA:539,85
DA:540,85
DA:544,1045356
DA:545,1045356
DA:549,1685
DA:553,5953
DA:557,1483
DA:561,1
DA:565,1443
DA:566,1443
DA:567,1443
DA:571,3
DA:572,14
DA:573,1
DA:578,19734
DA:585,4512
DA:586,4512
DA:587,3113
DA:589,4512
DA:596,1332
DA:597,1332
DA:598,1321
DA:600,1332
DA:604,1
DA:605,2
DA:606,1
DA:614,8202
DA:618,38461
DA:619,4674
DA:620,4674
DA:621,4674
DA:629,585
DA:630,1
DA:632,584
DA:633,38
DA:635,546
DA:638,47
DA:649,596
DA:650,596
DA:653,596
DA:654,1659
DA:656,357
DA:658,1302
DA:660,239
DA:664,8
DA:673,5
DA:677,382
DA:681,262
DA:689,2
DA:690,2
DA:691,2
DA:692,2
DA:693,8
DA:694,6
DA:695,2
DA:703,48269
DA:714,3
DA:715,1
DA:717,2
DA:718,2
DA:719,1
DA:721,2
DA:722,2
DA:724,2
DA:725,2
DA:727,2
DA:728,2
DA:730,2
DA:731,2
DA:732,1
DA:733,1
DA:734,1
DA:735,1
DA:737,2
DA:738,1
DA:739,1
DA:741,2
DA:742,2
DA:747,1
DA:748,1
DA:749,1
DA:750,1
DA:751,1
DA:752,1
DA:762,468
DA:763,468
DA:764,143
DA:766,325
DA:767,325
DA:768,16
DA:770,309
DA:771,309
DA:772,309
DA:773,309
DA:774,4494
DA:775,4494
DA:776,4494
DA:777,1097
DA:780,576
DA:781,309
DA:782,176
DA:784,133
DA:792,505
DA:793,505
DA:794,504
DA:795,7619
DA:796,504
DA:797,12
DA:799,492
DA:800,7598
DA:801,7598
DA:802,7598
DA:803,7598
DA:804,7598
DA:805,6
DA:809,487
DA:816,1304
DA:817,1304
DA:818,1304
DA:819,1304
DA:826,1
DA:827,6
DA:828,6
DA:829,6
DA:830,1
DA:831,1
DA:834,1
DA:855,7
DA:863,136
DA:871,4
DA:872,4
DA:873,4
DA:874,4
DA:875,33
DA:876,33
DA:877,33
DA:878,2
DA:879,2
DA:880,2
DA:882,31
DA:883,21
DA:884,21
DA:885,21
DA:886,42
DA:887,21
DA:888,21
DA:889,21
DA:890,21
DA:892,10
DA:893,10
DA:896,4
DA:900,4
DA:901,4
DA:902,61
DA:903,15
DA:905,61
DA:906,60
DA:908,61
DA:913,306
DA:914,193
DA:916,113
DA:917,55
DA:919,58
DA:920,1
DA:922,57
DA:930,1
DA:932,1
DA:933,1
DA:934,1
DA:935,10
DA:936,10
DA:937,5
DA:940,1
DA:945,77
DA:946,77
DA:947,77
DA:948,0
DA:950,77
DA:951,21
DA:953,56
DA:955,0
DA:960,13
DA:964,13
DA:968,5
DA:969,5
DA:970,16
DA:971,5
DA:972,16
DA:973,73
DA:974,15
DA:976,58
DA:977,58
DA:978,3
DA:979,2
DA:983,5
DA:985,5
DA:994,6
DA:995,190
DA:996,190
DA:997,190
DA:1000,190
DA:1002,190
DA:1005,6
DA:1006,78
DA:1007,162
DA:1008,162
DA:1009,162
DA:1010,162
DA:1011,78
DA:1012,78
DA:1018,84
DA:1020,0
DA:1023,6
DA:1024,6
DA:1025,5
DA:1030,5
DA:1031,28
DA:1032,4
DA:1033,4
DA:1035,24
DA:1038,6
DA:1039,6
DA:1040,78
DA:1041,78
DA:1042,78
DA:1045,6
DA:1046,6
DA:1053,5
DA:1054,131
DA:1055,131
DA:1056,131
DA:1059,131
DA:1061,131
DA:1064,5
DA:1065,59
DA:1066,126
DA:1067,126
DA:1068,126
DA:1069,126
DA:1070,59
DA:1071,59
DA:1077,67
DA:1079,0
DA:1082,5
DA:1083,5
DA:1084,5
DA:1085,60
DA:1087,5
DA:1088,3
DA:1089,12
DA:1092,5
DA:1094,5
DA:1095,3
DA:1100,3
DA:1101,5
DA:1102,3
DA:1103,3
DA:1105,2
DA:1108,5
DA:1109,5
DA:1110,59
DA:1111,59
DA:1112,59
DA:1115,15
DA:1116,5
DA:1120,5849
DA:1129,6
DA:1130,6
DA:1131,6
DA:1135,908
DA:1139,48269
DA:1140,48269
DA:1144,48040
DA:1145,48040
DA:1149,35
DA:1150,35
DA:1151,35
DA:1152,35
DA:1153,35
DA:1154,48
DA:1155,48
DA:1156,27
DA:1157,27
DA:1160,35
DA:1161,15
DA:1162,15
DA:1163,15
DA:1164,15
DA:1166,20
DA:1170,3
DA:1171,3
DA:1172,3
DA:1173,12
DA:1174,12
DA:1179,176
DA:1180,176
DA:1181,0
DA:1183,176
DA:1184,176
DA:1185,0
DA:1187,176
DA:1188,176
DA:1189,176
DA:1190,3055
DA:1191,3055
DA:1192,3055
DA:1193,3055
DA:1194,3055
DA:1196,3055
DA:1197,1752
DA:1199,1303
DA:1204,176
DA:1205,176
DA:1207,176
DA:1209,176
DA:1210,72
DA:1211,104
DA:1212,104
DA:1214,0
DA:1217,176
DA:1221,103
DA:1222,103
DA:1223,103
DA:1224,103
DA:1225,103
DA:1226,13
DA:1227,90
DA:1228,77
DA:1229,13
DA:1230,13
DA:1232,0
DA:1236,103
DA:1237,103
DA:1238,103
DA:1239,103
DA:1240,102
DA:1242,981
DA:1243,981
DA:1244,981
DA:1245,981
DA:1246,351
DA:1247,250
DA:1248,250
DA:1249,75
DA:1253,630
DA:1255,981
DA:1259,102
DA:1260,63
DA:1261,132
DA:1262,327
DA:1263,3
DA:1264,3
DA:1265,6
DA:1266,3
DA:1268,324
DA:1269,0
DA:1272,132
DA:1273,3
DA:1277,174
DA:1278,102
DA:1279,157
DA:1280,287
DA:1281,36
DA:1283,251
DA:1284,130
DA:1285,14
DA:1286,55
DA:1290,157
DA:1291,41
DA:1294,102
DA:1295,3
DA:1297,99
DA:1298,41
DA:1300,116
DA:1303,1
LF:582
LH:572
BRDA:32,0,0,226
BRDA:69,1,0,0
BRDA:96,2,0,7
BRDA:96,2,1,5
BRDA:99,3,0,8
BRDA:99,3,1,4
BRDA:101,4,0,4
BRDA:101,4,1,4
BRDA:117,5,0,1
BRDA:117,5,1,2
BRDA:117,6,0,3
BRDA:117,6,1,2
BRDA:117,6,2,2
BRDA:120,7,0,1
BRDA:120,7,1,1
BRDA:129,8,0,168
BRDA:129,8,1,3
BRDA:136,9,0,39
BRDA:136,9,1,129
BRDA:136,10,0,168
BRDA:136,10,1,168
BRDA:141,11,0,1
BRDA:141,11,1,170
BRDA:147,12,0,2
BRDA:147,12,1,169
BRDA:308,13,0,118
BRDA:308,13,1,248424
BRDA:309,14,0,248542
BRDA:309,14,1,3201
BRDA:367,15,0,20
BRDA:367,15,1,16
BRDA:374,16,0,24
BRDA:374,16,1,48
BRDA:381,17,0,0
BRDA:381,17,1,12
BRDA:381,18,0,12
BRDA:381,18,1,12
BRDA:381,18,2,12
BRDA:393,19,0,4
BRDA:393,19,1,8
BRDA:407,20,0,5
BRDA:407,20,1,1
BRDA:416,21,0,5
BRDA:416,21,1,6
BRDA:416,22,0,11
BRDA:416,22,1,6
BRDA:416,22,2,6
BRDA:416,22,3,6
BRDA:437,23,0,7
BRDA:437,23,1,1
BRDA:432,24,0,1
BRDA:432,24,1,14
BRDA:432,25,0,15
BRDA:432,25,1,14
BRDA:432,25,2,14
BRDA:432,25,3,14
BRDA:438,26,0,5
BRDA:438,26,1,1
BRDA:462,27,0,17
BRDA:462,27,1,4
BRDA:482,28,0,1
BRDA:489,29,0,114
BRDA:489,29,1,4754
BRDA:512,30,0,229
BRDA:513,31,0,230
BRDA:513,31,1,5
BRDA:515,32,0,8
BRDA:515,32,1,222
BRDA:515,33,0,230
BRDA:515,33,1,230
BRDA:586,34,0,3113
BRDA:586,34,1,1399
BRDA:586,35,0,4512
BRDA:586,35,1,4512
BRDA:597,36,0,1321
BRDA:597,36,1,11
BRDA:597,37,0,1332
BRDA:597,37,1,1331
BRDA:597,37,2,1331
BRDA:629,38,0,1
BRDA:629,38,1,584
BRDA:632,39,0,38
BRDA:632,39,1,546
BRDA:632,40,0,584
BRDA:632,40,1,547
BRDA:636,41,0,546
BRDA:636,41,1,337
BRDA:638,42,0,19
BRDA:638,42,1,19
BRDA:654,43,0,357
BRDA:654,43,1,1302
BRDA:654,44,0,1659
BRDA:654,44,1,1332
BRDA:672,45,0,4
BRDA:695,46,0,2
BRDA:695,46,1,1
BRDA:703,47,0,48269
BRDA:703,47,1,48040
BRDA:711,48,0,1
BRDA:712,49,0,3
BRDA:714,50,0,1
BRDA:714,50,1,2
BRDA:718,51,0,1
BRDA:718,51,1,1
BRDA:721,52,0,2
BRDA:721,52,1,0
BRDA:724,53,0,2
BRDA:724,53,1,0
BRDA:727,54,0,2
BRDA:727,54,1,0
BRDA:727,55,0,2
BRDA:727,55,1,1
BRDA:731,56,0,1
BRDA:731,56,1,1
BRDA:737,57,0,1
BRDA:737,57,1,1
BRDA:741,58,0,2
BRDA:741,58,1,0
BRDA:761,59,0,335
BRDA:761,60,0,468
BRDA:763,61,0,143
BRDA:763,61,1,325
BRDA:767,62,0,16
BRDA:767,62,1,309
BRDA:776,63,0,1097
BRDA:776,63,1,3397
BRDA:781,64,0,176
BRDA:781,64,1,133
BRDA:793,65,0,504
BRDA:793,65,1,1
BRDA:796,66,0,12
BRDA:796,66,1,492
BRDA:803,67,0,7598
BRDA:803,67,1,124
BRDA:804,68,0,6
BRDA:804,68,1,7592
BRDA:829,69,0,1
BRDA:829,69,1,5
BRDA:877,70,0,2
BRDA:877,70,1,31
BRDA:882,71,0,21
BRDA:882,71,1,10
BRDA:892,72,0,10
BRDA:892,72,1,0
BRDA:902,73,0,15
BRDA:902,73,1,46
BRDA:905,74,0,60
BRDA:905,74,1,1
BRDA:908,75,0,61
BRDA:908,75,1,61
BRDA:913,76,0,193
BRDA:913,76,1,113
BRDA:916,77,0,55
BRDA:916,77,1,58
BRDA:919,78,0,1
BRDA:919,78,1,57
BRDA:919,79,0,58
BRDA:919,79,1,57
BRDA:922,80,0,57
BRDA:922,80,1,57
BRDA:936,81,0,5
BRDA:936,81,1,5
BRDA:947,82,0,0
BRDA:947,82,1,77
BRDA:950,83,0,21
BRDA:950,83,1,56
BRDA:969,84,0,5
BRDA:969,84,1,0
BRDA:973,85,0,15
BRDA:973,85,1,58
BRDA:977,86,0,2
BRDA:977,86,1,56
BRDA:978,87,0,3
BRDA:978,87,1,2
BRDA:997,88,0,2
BRDA:997,88,1,0
BRDA:1000,89,0,2
BRDA:1000,89,1,2
BRDA:1002,90,0,190
BRDA:1002,90,1,150
BRDA:1010,91,0,78
BRDA:1010,91,1,84
BRDA:1031,92,0,4
BRDA:1031,92,1,24
BRDA:1041,93,0,78
BRDA:1041,93,1,0
BRDA:1056,94,0,1
BRDA:1056,94,1,0
BRDA:1059,95,0,1
BRDA:1059,95,1,1
BRDA:1061,96,0,131
BRDA:1061,96,1,110
BRDA:1069,97,0,59
BRDA:1069,97,1,67
BRDA:1101,98,0,3
BRDA:1101,98,1,2
BRDA:1111,99,0,59
BRDA:1111,99,1,0
BRDA:1128,100,0,3
BRDA:1128,101,0,4
BRDA:1132,102,0,1
BRDA:1132,102,1,5
BRDA:1140,103,0,48269
BRDA:1140,103,1,48198
BRDA:1145,104,0,48040
BRDA:1145,104,1,32390
BRDA:1155,105,0,27
BRDA:1155,105,1,21
BRDA:1160,106,0,15
BRDA:1160,106,1,20
BRDA:1169,107,0,1
BRDA:1178,108,0,0
BRDA:1180,109,0,0
BRDA:1180,109,1,176
BRDA:1184,110,0,0
BRDA:1184,110,1,176
BRDA:1196,111,0,1752
BRDA:1196,111,1,1303
BRDA:1209,112,0,72
BRDA:1209,112,1,104
BRDA:1211,113,0,104
BRDA:1211,113,1,0
BRDA:1225,114,0,13
BRDA:1225,114,1,90
BRDA:1227,115,0,77
BRDA:1227,115,1,13
BRDA:1229,116,0,13
BRDA:1229,116,1,0
BRDA:1237,117,0,103
BRDA:1237,117,1,0
BRDA:1239,118,0,102
BRDA:1239,118,1,1
BRDA:1245,119,0,351
BRDA:1245,119,1,630
BRDA:1246,120,0,250
BRDA:1246,120,1,101
BRDA:1248,121,0,75
BRDA:1248,121,1,175
BRDA:1259,122,0,63
BRDA:1259,122,1,39
BRDA:1259,123,0,102
BRDA:1259,123,1,77
BRDA:1259,123,2,77
BRDA:1262,124,0,3
BRDA:1262,124,1,324
BRDA:1262,125,0,327
BRDA:1262,125,1,135
BRDA:1268,126,0,0
BRDA:1268,126,1,324
BRDA:1272,127,0,3
BRDA:1272,127,1,129
BRDA:1280,128,0,36
BRDA:1280,128,1,251
BRDA:1283,129,0,130
BRDA:1283,129,1,121
BRDA:1284,130,0,14
BRDA:1284,130,1,116
BRDA:1290,131,0,41
BRDA:1290,131,1,116
BRDA:1294,132,0,3
BRDA:1294,132,1,99
BRDA:1297,133,0,41
BRDA:1297,133,1,58
BRF:263
BRH:243
end_of_record
TN:
SF:src/DPolygonLoop.ts
FN:6,(anonymous_0)
FN:47,(anonymous_1)
FN:58,(anonymous_2)
FN:62,(anonymous_3)
FN:66,(anonymous_4)
FN:70,(anonymous_5)
FN:74,(anonymous_6)
FN:78,(anonymous_7)
FN:82,(anonymous_8)
FN:86,(anonymous_9)
FN:90,(anonymous_10)
FN:94,(anonymous_11)
FN:98,(anonymous_12)
FN:102,(anonymous_13)
FN:106,(anonymous_14)
FN:110,(anonymous_15)
FN:114,(anonymous_16)
FN:118,(anonymous_17)
FN:122,(anonymous_18)
FN:126,(anonymous_19)
FN:130,(anonymous_20)
FN:134,(anonymous_21)
FN:138,(anonymous_22)
FN:142,(anonymous_23)
FN:146,(anonymous_24)
FN:150,(anonymous_25)
FN:154,(anonymous_26)
FN:158,(anonymous_27)
FN:162,(anonymous_28)
FN:166,(anonymous_29)
FN:170,(anonymous_30)
FN:181,(anonymous_31)
FN:183,(anonymous_32)
FN:184,(anonymous_33)
FN:190,(anonymous_34)
FN:197,(anonymous_35)
FN:208,(anonymous_36)
FN:216,(anonymous_37)
FN:235,(anonymous_38)
FN:254,(anonymous_39)
FN:273,(anonymous_40)
FN:281,(anonymous_41)
FN:307,(anonymous_42)
FN:316,(anonymous_43)
FN:323,(anonymous_44)
FN:330,(anonymous_45)
FN:337,(anonymous_46)
FN:345,(anonymous_47)
FN:370,(anonymous_48)
FN:397,(anonymous_49)
FN:406,(anonymous_50)
FN:413,(anonymous_51)
FN:420,(anonymous_52)
FN:427,(anonymous_53)
FN:434,(anonymous_54)
FN:441,(anonymous_55)
FN:448,(anonymous_56)
FN:455,(anonymous_57)
FN:462,(anonymous_58)
FN:469,(anonymous_59)
FN:477,(anonymous_60)
FN:484,(anonymous_61)
FN:491,(anonymous_62)
FN:509,(anonymous_63)
FNF:64
FNH:64
FNDA:9,(anonymous_0)
FNDA:84,(anonymous_1)
FNDA:3,(anonymous_2)
FNDA:3,(anonymous_3)
FNDA:63,(anonymous_4)
FNDA:6,(anonymous_5)
FNDA:6,(anonymous_6)
FNDA:6,(anonymous_7)
FNDA:8,(anonymous_8)
FNDA:42,(anonymous_9)
FNDA:4,(anonymous_10)
FNDA:2,(anonymous_11)
FNDA:2,(anonymous_12)
FNDA:16,(anonymous_13)
FNDA:2,(anonymous_14)
FNDA:174,(anonymous_15)
FNDA:4,(anonymous_16)
FNDA:2,(anonymous_17)
FNDA:2,(anonymous_18)
FNDA:1,(anonymous_19)
FNDA:1,(anonymous_20)
FNDA:2,(anonymous_21)
FNDA:2,(anonymous_22)
FNDA:2,(anonymous_23)
FNDA:2,(anonymous_24)
FNDA:2,(anonymous_25)
FNDA:4,(anonymous_26)
FNDA:4,(anonymous_27)
FNDA:3,(anonymous_28)
FNDA:3,(anonymous_29)
FNDA:17,(anonymous_30)
FNDA:71,(anonymous_31)
FNDA:71,(anonymous_32)
FNDA:342,(anonymous_33)
FNDA:71,(anonymous_34)
FNDA:1,(anonymous_35)
FNDA:1,(anonymous_36)
FNDA:21,(anonymous_37)
FNDA:2,(anonymous_38)
FNDA:2,(anonymous_39)
FNDA:2,(anonymous_40)
FNDA:2,(anonymous_41)
FNDA:10,(anonymous_42)
FNDA:2,(anonymous_43)
FNDA:1,(anonymous_44)
FNDA:1,(anonymous_45)
FNDA:6,(anonymous_46)
FNDA:1,(anonymous_47)
FNDA:14,(anonymous_48)
FNDA:2,(anonymous_49)
FNDA:1,(anonymous_50)
FNDA:1,(anonymous_51)
FNDA:1,(anonymous_52)
FNDA:1,(anonymous_53)
FNDA:1,(anonymous_54)
FNDA:1,(anonymous_55)
FNDA:1,(anonymous_56)
FNDA:1,(anonymous_57)
FNDA:1,(anonymous_58)
FNDA:1,(anonymous_59)
FNDA:1,(anonymous_60)
FNDA:1,(anonymous_61)
FNDA:1,(anonymous_62)
FNDA:3,(anonymous_63)
DA:6,9
DA:7,9
DA:8,9
DA:9,9
DA:10,9
DA:11,9
DA:12,9
DA:13,9
DA:14,9
DA:15,9
DA:16,9
DA:17,9
DA:18,9
DA:19,9
DA:20,9
DA:21,9
DA:22,9
DA:23,9
DA:24,9
DA:25,9
DA:26,9
DA:27,9
DA:28,9
DA:29,9
DA:30,9
DA:31,9
DA:32,9
DA:33,9
DA:34,9
DA:35,9
DA:47,9
DA:54,84
DA:56,84
DA:58,3
DA:60,1
DA:62,3
DA:64,1
DA:66,63
DA:68,21
DA:70,6
DA:72,2
DA:74,6
DA:76,2
DA:78,6
DA:80,2
DA:82,8
DA:84,2
DA:86,42
DA:88,10
DA:90,4
DA:92,2
DA:94,2
DA:96,1
DA:98,2
DA:100,1
DA:102,16
DA:104,6
DA:106,2
DA:108,1
DA:110,174
DA:112,14
DA:114,4
DA:116,2
DA:118,2
DA:120,1
DA:122,2
DA:124,1
DA:126,1
DA:128,1
DA:130,1
DA:132,1
DA:134,2
DA:136,1
DA:138,2
DA:140,1
DA:142,2
DA:144,1
DA:146,2
DA:148,1
DA:150,2
DA:152,1
DA:154,4
DA:156,1
DA:158,4
DA:160,1
DA:162,3
DA:164,1
DA:166,3
DA:168,1
DA:170,17
DA:172,3
DA:174,84
DA:177,9
DA:178,71
DA:181,71
DA:184,342
DA:191,71
DA:198,1
DA:202,1
DA:209,1
DA:213,1
DA:217,21
DA:221,21
DA:236,2
DA:240,2
DA:255,2
DA:259,2
DA:274,2
DA:278,2
DA:282,2
DA:286,2
DA:308,10
DA:313,10
DA:317,2
DA:320,2
DA:324,1
DA:327,1
DA:331,1
DA:334,1
DA:338,6
DA:342,6
DA:346,1
DA:349,1
DA:371,14
DA:376,14
DA:398,2
DA:403,2
DA:407,1
DA:410,1
DA:414,1
DA:417,1
DA:421,1
DA:424,1
DA:428,1
DA:431,1
DA:435,1
DA:438,1
DA:442,1
DA:445,1
DA:449,1
DA:452,1
DA:456,1
DA:459,1
DA:463,1
DA:466,1
DA:470,1
DA:474,1
DA:478,1
DA:481,1
DA:485,1
DA:488,1
DA:492,1
DA:495,1
DA:510,3
DA:514,3
LF:155
LH:155
BRDA:6,0,0,9
BRDA:6,0,1,9
BRDA:57,1,0,1
BRDA:57,1,1,1
BRDA:57,1,2,21
BRDA:57,1,3,2
BRDA:57,1,4,2
BRDA:57,1,5,2
BRDA:57,1,6,2
BRDA:57,1,7,10
BRDA:57,1,8,2
BRDA:57,1,9,1
BRDA:57,1,10,1
BRDA:57,1,11,6
BRDA:57,1,12,1
BRDA:57,1,13,14
BRDA:57,1,14,2
BRDA:57,1,15,1
BRDA:57,1,16,1
BRDA:57,1,17,1
BRDA:57,1,18,1
BRDA:57,1,19,1
BRDA:57,1,20,1
BRDA:57,1,21,1
BRDA:57,1,22,1
BRDA:57,1,23,1
BRDA:57,1,24,1
BRDA:57,1,25,1
BRDA:57,1,26,1
BRDA:57,1,27,1
BRDA:57,1,28,3
BRDA:307,2,0,8
BRDA:337,3,0,5
BRDA:370,4,0,14
BRF:34
BRH:34
end_of_record
TN:
SF:src/FastSearch.ts
FN:3,(anonymous_0)
FN:6,(anonymous_1)
FN:18,(anonymous_2)
FNF:3
FNH:3
FNDA:5,(anonymous_0)
FNDA:6,(anonymous_1)
FNDA:20,(anonymous_2)
DA:3,9
DA:4,5
DA:7,6
DA:8,60
DA:9,14
DA:11,60
DA:12,59
DA:14,60
DA:19,20
DA:20,2
DA:22,18
DA:23,2
DA:25,16
LF:13
LH:13
BRDA:8,0,0,14
BRDA:8,0,1,46
BRDA:11,1,0,59
BRDA:11,1,1,1
BRDA:14,2,0,60
BRDA:14,2,1,59
BRDA:19,3,0,2
BRDA:19,3,1,18
BRDA:22,4,0,2
BRDA:22,4,1,16
BRDA:25,5,0,16
BRDA:25,5,1,15
BRF:12
BRH:12
end_of_record
TN:
SF:src/TraceMatrix.ts
FN:6,(anonymous_0)
FN:13,(anonymous_1)
FN:24,(anonymous_2)
FN:35,(anonymous_3)
FN:63,(anonymous_4)
FN:68,(anonymous_5)
FN:122,(anonymous_6)
FN:144,(anonymous_7)
FN:147,(anonymous_8)
FN:159,(anonymous_9)
FN:160,(anonymous_10)
FN:193,(anonymous_11)
FN:203,(anonymous_12)
FN:39,(anonymous_13)
FN:41,(anonymous_14)
FN:43,(anonymous_15)
FN:44,(anonymous_16)
FN:44,(anonymous_17)
FN:45,(anonymous_18)
FN:47,(anonymous_19)
FN:56,(anonymous_20)
FN:59,(anonymous_21)
FN:90,(anonymous_22)
FN:109,(anonymous_23)
FN:229,(anonymous_24)
FN:229,(anonymous_25)
FN:231,(anonymous_26)
FN:231,(anonymous_27)
FNF:28
FNH:25
FNDA:9,(anonymous_0)
FNDA:3856,(anonymous_1)
FNDA:300,(anonymous_2)
FNDA:2,(anonymous_3)
FNDA:5,(anonymous_4)
FNDA:500,(anonymous_5)
FNDA:4,(anonymous_6)
FNDA:5,(anonymous_7)
FNDA:3,(anonymous_8)
FNDA:266,(anonymous_9)
FNDA:119,(anonymous_10)
FNDA:3,(anonymous_11)
FNDA:300,(anonymous_12)
FNDA:2,(anonymous_13)
FNDA:3,(anonymous_14)
FNDA:3,(anonymous_15)
FNDA:3,(anonymous_16)
FNDA:0,(anonymous_17)
FNDA:0,(anonymous_18)
FNDA:3,(anonymous_19)
FNDA:3,(anonymous_20)
FNDA:300,(anonymous_21)
FNDA:19,(anonymous_22)
FNDA:8,(anonymous_23)
FNDA:13,(anonymous_24)
FNDA:0,(anonymous_25)
FNDA:130,(anonymous_26)
FNDA:1300,(anonymous_27)
DA:1,9
DA:2,9
DA:3,9
DA:4,9
DA:6,9
DA:7,9
DA:8,9
DA:13,9
DA:18,3856
DA:19,480
DA:21,3376
DA:24,9
DA:25,300
DA:26,0
DA:28,300
DA:29,300
DA:32,9
DA:35,2
DA:36,2
DA:40,2
DA:41,3
DA:42,2
DA:43,3
DA:44,3
DA:45,0
DA:47,2
DA:48,3
DA:49,3
DA:50,0
DA:52,3
DA:57,3
DA:59,300
DA:63,2
DA:64,5
DA:65,5
DA:66,5
DA:67,5
DA:68,500
DA:69,5
DA:70,5
DA:71,58
DA:72,58
DA:73,174
DA:74,522
DA:75,522
DA:79,53
DA:80,53
DA:84,58
DA:87,5
DA:91,19
DA:92,19
DA:93,19
DA:94,35
DA:95,194
DA:96,14
DA:97,14
DA:98,14
DA:99,14
DA:101,180
DA:102,19
DA:106,0
DA:110,8
DA:111,8
DA:112,8
DA:113,80
DA:114,800
DA:115,87
DA:119,8
DA:122,2
DA:123,4
DA:124,4
DA:125,0
DA:127,4
DA:128,4
DA:129,4
DA:130,4
DA:131,4
DA:132,4
DA:133,4
DA:134,1
DA:135,1
DA:136,14
DA:138,1
DA:139,1
DA:140,1
DA:141,1
DA:142,1
DA:144,5
DA:147,2
DA:148,3
DA:159,266
DA:160,119
DA:162,3
DA:163,0
DA:164,0
DA:166,3
DA:167,3
DA:168,3
DA:170,3
DA:172,3
DA:174,49
DA:175,168
DA:176,168
DA:177,168
DA:178,49
DA:180,119
DA:182,49
DA:183,22
DA:184,22
DA:186,49
DA:187,49
DA:190,3
DA:193,2
DA:194,3
DA:201,3
DA:202,3
DA:203,300
DA:204,3
DA:205,3
DA:206,30
DA:207,30
DA:209,3
DA:210,30
DA:211,30
DA:213,3
DA:214,362
DA:215,362
DA:216,1448
DA:217,1448
DA:218,1448
DA:219,242
DA:220,242
DA:225,3
DA:226,3
DA:229,0
DA:230,13
DA:231,1300
LF:137
LH:129
BRDA:6,0,0,9
BRDA:6,0,1,9
BRDA:16,1,0,1621
BRDA:18,2,0,480
BRDA:18,2,1,3376
BRDA:18,3,0,3856
BRDA:18,3,1,3604
BRDA:25,4,0,0
BRDA:25,4,1,300
BRDA:25,5,0,300
BRDA:25,5,1,300
BRDA:65,6,0,5
BRDA:65,6,1,0
BRDA:65,7,0,5
BRDA:65,7,1,5
BRDA:75,8,0,53
BRDA:75,8,1,469
BRDA:76,9,0,522
BRDA:76,9,1,265
BRDA:124,10,0,0
BRDA:124,10,1,4
BRDA:135,11,0,15
BRDA:135,11,1,15
BRDA:162,12,0,0
BRDA:162,12,1,3
BRDA:172,13,0,52
BRDA:172,13,1,6
BRDA:177,14,0,49
BRDA:177,14,1,119
BRDA:177,15,0,168
BRDA:177,15,1,49
BRDA:182,16,0,22
BRDA:182,16,1,27
BRDA:203,17,0,56
BRDA:203,17,1,244
BRDA:218,18,0,242
BRDA:218,18,1,1206
BRDA:226,19,0,2
BRDA:226,19,1,1
BRDA:43,20,0,3
BRDA:43,20,1,2
BRDA:44,21,0,3
BRDA:44,21,1,2
BRDA:49,22,0,0
BRDA:49,22,1,3
BRDA:49,23,0,3
BRDA:49,23,1,2
BRDA:59,24,0,2
BRDA:59,24,1,298
BRDA:95,25,0,14
BRDA:95,25,1,180
BRDA:95,26,0,194
BRDA:95,26,1,163
BRDA:101,27,0,19
BRDA:101,27,1,161
BRDA:114,28,0,87
BRDA:114,28,1,713
BRDA:229,29,0,0
BRF:58
BRH:52
end_of_record
TN:
SF:src/index.ts
FNF:0
FNH:0
DA:1,9
DA:2,9
DA:3,9
DA:4,9
DA:5,9
DA:6,9
DA:7,9
DA:8,9
DA:9,9
LF:9
LH:9
BRF:0
BRH:0
end_of_record
TN:
SF:src/utils.ts
FN:5,(anonymous_0)
FN:26,(anonymous_1)
FN:26,(anonymous_2)
FN:28,(anonymous_3)
FN:32,(anonymous_4)
FN:40,(anonymous_5)
FN:44,(anonymous_6)
FN:52,(anonymous_7)
FN:56,(anonymous_8)
FN:63,(anonymous_9)
FN:67,(anonymous_10)
FN:74,(anonymous_11)
FN:78,(anonymous_12)
FN:85,(anonymous_13)
FN:87,(anonymous_14)
FN:107,(anonymous_15)
FNF:16
FNH:16
FNDA:15661,(anonymous_0)
FNDA:5082210,(anonymous_1)
FNDA:1016442,(anonymous_2)
FNDA:15701,(anonymous_3)
FNDA:3,(anonymous_4)
FNDA:15701,(anonymous_5)
FNDA:8,(anonymous_6)
FNDA:15701,(anonymous_7)
FNDA:4,(anonymous_8)
FNDA:15701,(anonymous_9)
FNDA:4,(anonymous_10)
FNDA:15701,(anonymous_11)
FNDA:15682,(anonymous_12)
FNDA:516121,(anonymous_13)
FNDA:1032143,(anonymous_14)
FNDA:144,(anonymous_15)
DA:1,9
DA:2,9
DA:5,9
DA:6,15661
DA:8,15661
DA:26,5082210
DA:28,9
DA:32,15701
DA:33,3
DA:35,2
DA:37,3
DA:40,9
DA:44,15701
DA:45,8
DA:47,4
DA:49,8
DA:52,9
DA:56,15701
DA:57,4
DA:58,1
DA:60,4
DA:63,9
DA:67,15701
DA:68,4
DA:69,1
DA:71,4
DA:74,9
DA:78,15701
DA:79,15682
DA:80,15653
DA:82,15682
DA:85,516121
DA:88,1032143
DA:89,1016442
DA:97,15701
DA:107,144
LF:36
LH:36
BRDA:6,0,0,15661
BRDA:6,0,1,0
BRDA:33,1,0,2
BRDA:33,1,1,1
BRDA:45,2,0,4
BRDA:45,2,1,4
BRDA:45,3,0,8
BRDA:45,3,1,5
BRDA:57,4,0,1
BRDA:57,4,1,3
BRDA:68,5,0,1
BRDA:68,5,1,3
BRDA:79,6,0,15653
BRDA:79,6,1,29
BRDA:88,7,0,1016442
BRDA:88,7,1,15701
BRF:16
BRH:15
end_of_record
