TN:
SF:src/DCircle.ts
FN:10,(anonymous_0)
FN:15,(anonymous_1)
FN:19,(anonymous_2)
FN:23,(anonymous_3)
FN:31,(anonymous_4)
FN:73,(anonymous_5)
FN:77,(anonymous_6)
FN:89,(anonymous_7)
FN:100,(anonymous_8)
FNF:9
FNH:9
FNDA:51,(anonymous_0)
FNDA:5,(anonymous_1)
FNDA:1,(anonymous_2)
FNDA:1,(anonymous_3)
FNDA:6,(anonymous_4)
FNDA:6,(anonymous_5)
FNDA:1,(anonymous_6)
FNDA:4,(anonymous_7)
FNDA:256,(anonymous_8)
DA:1,9
DA:2,9
DA:3,9
DA:4,9
DA:6,9
DA:7,51
DA:8,51
DA:11,51
DA:12,51
DA:16,5
DA:20,1
DA:24,1
DA:32,6
DA:33,1
DA:38,5
DA:42,5
DA:44,5
DA:46,5
DA:47,5
DA:48,5
DA:50,5
DA:51,5
DA:52,5
DA:53,5
DA:55,5
DA:56,5
DA:58,5
DA:59,5
DA:60,5
DA:61,5
DA:63,5
DA:64,5
DA:65,4
DA:67,5
DA:68,3
DA:70,5
DA:74,6
DA:78,1
DA:79,1
DA:80,1
DA:81,64
DA:82,64
DA:83,64
DA:84,64
DA:86,1
DA:90,4
DA:93,4
DA:94,4
DA:95,256
DA:97,4
DA:101,256
DA:102,256
DA:103,256
DA:104,256
DA:107,256
DA:112,256
LF:56
LH:56
BRDA:32,0,0,1
BRDA:32,0,1,5
BRDA:64,1,0,4
BRDA:64,1,1,1
BRDA:64,2,0,5
BRDA:64,2,1,4
BRDA:67,3,0,3
BRDA:67,3,1,2
BRDA:67,4,0,5
BRDA:67,4,1,4
BRDA:67,4,2,4
BRDA:67,5,0,4
BRDA:67,5,1,2
BRDA:74,6,0,6
BRDA:74,6,1,1
BRDA:77,7,0,1
BRDA:89,8,0,4
BRDA:100,9,0,256
BRF:18
BRH:18
end_of_record
TN:
SF:src/DLine.ts
FN:12,(anonymous_0)
FN:20,(anonymous_1)
FN:24,(anonymous_2)
FN:35,(anonymous_3)
FN:54,(anonymous_4)
FN:62,(anonymous_5)
FN:119,(anonymous_6)
FN:127,(anonymous_7)
FN:131,(anonymous_8)
FN:135,(anonymous_9)
FN:139,(anonymous_10)
FN:143,(anonymous_11)
FN:147,(anonymous_12)
FN:155,(anonymous_13)
FN:169,(anonymous_14)
FN:184,(anonymous_15)
FN:223,(anonymous_16)
FN:227,(anonymous_17)
FN:231,(anonymous_18)
FN:238,(anonymous_19)
FN:245,(anonymous_20)
FN:276,(anonymous_21)
FN:289,(anonymous_22)
FN:311,(anonymous_23)
FN:326,(anonymous_24)
FNF:25
FNH:25
FNDA:34515,(anonymous_0)
FNDA:1,(anonymous_1)
FNDA:204,(anonymous_2)
FNDA:53,(anonymous_3)
FNDA:16741,(anonymous_4)
FNDA:29,(anonymous_5)
FNDA:12099,(anonymous_6)
FNDA:12100,(anonymous_7)
FNDA:12100,(anonymous_8)
FNDA:12100,(anonymous_9)
FNDA:12100,(anonymous_10)
FNDA:1,(anonymous_11)
FNDA:3,(anonymous_12)
FNDA:4891,(anonymous_13)
FNDA:4430,(anonymous_14)
FNDA:16901,(anonymous_15)
FNDA:29,(anonymous_16)
FNDA:59427,(anonymous_17)
FNDA:52426,(anonymous_18)
FNDA:1089,(anonymous_19)
FNDA:48,(anonymous_20)
FNDA:1,(anonymous_21)
FNDA:47,(anonymous_22)
FNDA:228,(anonymous_23)
FNDA:131,(anonymous_24)
DA:1,9
DA:3,9
DA:5,9
DA:6,34515
DA:7,34515
DA:8,34515
DA:9,34515
DA:10,34515
DA:13,34515
DA:14,34515
DA:15,34515
DA:16,34515
DA:17,34515
DA:21,1
DA:25,204
DA:32,204
DA:36,53
DA:43,53
DA:44,53
DA:45,53
DA:55,16741
DA:56,16741
DA:57,9903
DA:59,6838
DA:63,29
DA:64,29
DA:65,29
DA:66,29
DA:67,29
DA:68,22
DA:70,29
DA:71,1
DA:73,29
DA:74,26
DA:75,26
DA:76,3
DA:77,3
DA:79,3
DA:80,1
DA:81,1
DA:82,1
DA:83,1
DA:86,2
DA:87,2
DA:88,2
DA:89,2
DA:90,2
DA:93,23
DA:94,21
DA:95,21
DA:97,2
DA:98,1
DA:99,1
DA:101,1
DA:102,1
DA:103,1
DA:104,1
DA:105,1
DA:106,1
DA:108,3
DA:109,2
DA:111,1
DA:120,12099
DA:121,12099
DA:122,12099
DA:123,12099
DA:124,12099
DA:128,12100
DA:132,12100
DA:136,12100
DA:140,12100
DA:144,1
DA:148,3
DA:156,4891
DA:157,115
DA:159,4776
DA:160,198
DA:162,4578
DA:170,4430
DA:171,1
DA:173,4429
DA:174,1
DA:176,4428
DA:185,16901
DA:186,4744
DA:188,12157
DA:189,1989
DA:191,10168
DA:192,747
DA:194,9421
DA:195,581
DA:197,8840
DA:198,8
DA:199,8
DA:201,8832
DA:202,2231
DA:203,2231
DA:205,6601
DA:206,127
DA:207,127
DA:209,6474
DA:210,2182
DA:211,2182
DA:213,4292
DA:214,4292
DA:215,108
DA:217,4184
DA:224,29
DA:228,59427
DA:232,52426
DA:239,1089
DA:246,48
DA:251,48
DA:252,48
DA:253,48
DA:254,5
DA:255,1
DA:256,4
DA:257,3
DA:259,1
DA:260,43
DA:261,17
DA:262,3
DA:263,14
DA:264,11
DA:266,3
DA:268,26
DA:269,2
DA:270,24
DA:271,1
DA:273,23
DA:280,1
DA:281,1
DA:290,47
DA:291,47
DA:292,47
DA:293,47
DA:294,47
DA:295,47
DA:296,47
DA:297,47
DA:298,47
DA:299,47
DA:300,47
DA:301,8
DA:303,39
DA:313,228
DA:314,228
DA:315,0
DA:316,228
DA:317,0
DA:319,228
DA:327,131
DA:328,131
DA:329,131
DA:330,131
LF:156
LH:154
BRDA:12,0,0,0
BRDA:12,1,0,0
BRDA:12,2,0,0
BRDA:12,3,0,701
BRDA:12,4,0,702
BRDA:54,5,0,16414
BRDA:56,6,0,9903
BRDA:56,6,1,6838
BRDA:57,7,0,631
BRDA:57,7,1,9272
BRDA:57,8,0,9903
BRDA:57,8,1,2046
BRDA:67,9,0,22
BRDA:67,9,1,7
BRDA:70,10,0,1
BRDA:70,10,1,28
BRDA:73,11,0,26
BRDA:73,11,1,3
BRDA:75,12,0,3
BRDA:75,12,1,23
BRDA:79,13,0,1
BRDA:79,13,1,2
BRDA:86,14,0,2
BRDA:86,14,1,0
BRDA:93,15,0,21
BRDA:93,15,1,2
BRDA:97,16,0,1
BRDA:97,16,1,1
BRDA:108,17,0,2
BRDA:108,17,1,1
BRDA:119,18,0,107
BRDA:122,19,0,12099
BRDA:122,19,1,8146
BRDA:123,20,0,12099
BRDA:123,20,1,8118
BRDA:124,21,0,12099
BRDA:124,21,1,3431
BRDA:156,22,0,115
BRDA:156,22,1,4776
BRDA:159,23,0,198
BRDA:159,23,1,4578
BRDA:170,24,0,1
BRDA:170,24,1,4429
BRDA:173,25,0,1
BRDA:173,25,1,4428
BRDA:185,26,0,4744
BRDA:185,26,1,12157
BRDA:185,27,0,16901
BRDA:185,27,1,5333
BRDA:188,28,0,1989
BRDA:188,28,1,10168
BRDA:188,29,0,12157
BRDA:188,29,1,4967
BRDA:191,30,0,747
BRDA:191,30,1,9421
BRDA:191,31,0,10168
BRDA:191,31,1,2978
BRDA:194,32,0,581
BRDA:194,32,1,8840
BRDA:194,33,0,9421
BRDA:194,33,1,589
BRDA:197,34,0,8
BRDA:197,34,1,8832
BRDA:201,35,0,2231
BRDA:201,35,1,6601
BRDA:205,36,0,127
BRDA:205,36,1,6474
BRDA:209,37,0,2182
BRDA:209,37,1,4292
BRDA:214,38,0,108
BRDA:214,38,1,4184
BRDA:214,39,0,4292
BRDA:214,39,1,108
BRDA:224,40,0,29
BRDA:224,40,1,26
BRDA:253,41,0,5
BRDA:253,41,1,43
BRDA:254,42,0,1
BRDA:254,42,1,4
BRDA:256,43,0,3
BRDA:256,43,1,1
BRDA:260,44,0,17
BRDA:260,44,1,26
BRDA:261,45,0,3
BRDA:261,45,1,14
BRDA:263,46,0,11
BRDA:263,46,1,3
BRDA:268,47,0,2
BRDA:268,47,1,24
BRDA:270,48,0,1
BRDA:270,48,1,23
BRDA:300,49,0,8
BRDA:300,49,1,39
BRDA:300,50,0,47
BRDA:300,50,1,41
BRDA:311,51,0,228
BRDA:314,52,0,0
BRDA:314,52,1,228
BRDA:314,53,0,228
BRDA:314,53,1,0
BRDA:316,54,0,0
BRDA:316,54,1,228
BRDA:316,55,0,228
BRDA:316,55,1,0
BRF:104
BRH:96
end_of_record
TN:
SF:src/DNumbers.ts
FN:6,(anonymous_0)
FN:10,(anonymous_1)
FN:14,(anonymous_2)
FN:18,(anonymous_3)
FN:22,(anonymous_4)
FN:26,(anonymous_5)
FNF:6
FNH:6
FNDA:44,(anonymous_0)
FNDA:14,(anonymous_1)
FNDA:14,(anonymous_2)
FNDA:14,(anonymous_3)
FNDA:553,(anonymous_4)
FNDA:513,(anonymous_5)
DA:1,9
DA:3,9
DA:5,9
DA:7,44
DA:11,14
DA:15,14
DA:19,14
DA:23,553
DA:27,513
LF:9
LH:9
BRDA:6,0,0,42
BRF:1
BRH:1
end_of_record
TN:
SF:src/DPoint.ts
FN:46,(anonymous_0)
FN:52,(anonymous_1)
FN:56,(anonymous_2)
FN:65,(anonymous_3)
FN:69,(anonymous_4)
FN:77,(anonymous_5)
FN:81,(anonymous_6)
FN:92,(anonymous_7)
FN:102,(anonymous_8)
FN:113,(anonymous_9)
FN:134,(anonymous_10)
FN:150,(anonymous_11)
FN:154,(anonymous_12)
FN:158,(anonymous_13)
FN:163,(anonymous_14)
FN:168,(anonymous_15)
FN:179,(anonymous_16)
FN:184,(anonymous_17)
FN:189,(anonymous_18)
FN:195,(anonymous_19)
FN:199,(anonymous_20)
FN:203,(anonymous_21)
FN:207,(anonymous_22)
FN:215,(anonymous_23)
FN:223,(anonymous_24)
FN:238,(anonymous_25)
FN:250,(anonymous_26)
FN:262,(anonymous_27)
FN:269,(anonymous_28)
FN:276,(anonymous_29)
FN:283,(anonymous_30)
FN:290,(anonymous_31)
FN:296,(anonymous_32)
FN:302,(anonymous_33)
FN:308,(anonymous_34)
FN:314,(anonymous_35)
FN:320,(anonymous_36)
FN:335,(anonymous_37)
FN:350,(anonymous_38)
FN:354,(anonymous_39)
FN:361,(anonymous_40)
FN:373,(anonymous_41)
FN:383,(anonymous_42)
FN:394,(anonymous_43)
FN:401,(anonymous_44)
FN:405,(anonymous_45)
FN:409,(anonymous_46)
FN:413,(anonymous_47)
FN:417,(anonymous_48)
FN:424,(anonymous_49)
FN:431,(anonymous_50)
FN:435,(anonymous_51)
FN:439,(anonymous_52)
FN:444,(anonymous_53)
FN:449,(anonymous_54)
FN:454,(anonymous_55)
FN:458,(anonymous_56)
FN:462,(anonymous_57)
FN:469,(anonymous_58)
FN:475,(anonymous_59)
FN:479,(anonymous_60)
FN:490,(anonymous_61)
FNF:62
FNH:62
FNDA:128126,(anonymous_0)
FNDA:70656,(anonymous_1)
FNDA:1259,(anonymous_2)
FNDA:1,(anonymous_3)
FNDA:13,(anonymous_4)
FNDA:2,(anonymous_5)
FNDA:6,(anonymous_6)
FNDA:7,(anonymous_7)
FNDA:74,(anonymous_8)
FNDA:33814,(anonymous_9)
FNDA:20,(anonymous_10)
FNDA:25744,(anonymous_11)
FNDA:15,(anonymous_12)
FNDA:10,(anonymous_13)
FNDA:4,(anonymous_14)
FNDA:343,(anonymous_15)
FNDA:13,(anonymous_16)
FNDA:13,(anonymous_17)
FNDA:30459,(anonymous_18)
FNDA:11,(anonymous_19)
FNDA:6,(anonymous_20)
FNDA:8,(anonymous_21)
FNDA:3,(anonymous_22)
FNDA:21,(anonymous_23)
FNDA:1933,(anonymous_24)
FNDA:10,(anonymous_25)
FNDA:23,(anonymous_26)
FNDA:8,(anonymous_27)
FNDA:367,(anonymous_28)
FNDA:3,(anonymous_29)
FNDA:3,(anonymous_30)
FNDA:33,(anonymous_31)
FNDA:20,(anonymous_32)
FNDA:20,(anonymous_33)
FNDA:35,(anonymous_34)
FNDA:6,(anonymous_35)
FNDA:442,(anonymous_36)
FNDA:27,(anonymous_37)
FNDA:40410,(anonymous_38)
FNDA:1121,(anonymous_39)
FNDA:34,(anonymous_40)
FNDA:31385,(anonymous_41)
FNDA:15690,(anonymous_42)
FNDA:15687,(anonymous_43)
FNDA:336,(anonymous_44)
FNDA:1,(anonymous_45)
FNDA:1186,(anonymous_46)
FNDA:1,(anonymous_47)
FNDA:1,(anonymous_48)
FNDA:8,(anonymous_49)
FNDA:3,(anonymous_50)
FNDA:3,(anonymous_51)
FNDA:5,(anonymous_52)
FNDA:10,(anonymous_53)
FNDA:10,(anonymous_54)
FNDA:5,(anonymous_55)
FNDA:5,(anonymous_56)
FNDA:3,(anonymous_57)
FNDA:85,(anonymous_58)
FNDA:14,(anonymous_59)
FNDA:1,(anonymous_60)
FNDA:360,(anonymous_61)
DA:1,9
DA:2,9
DA:3,9
DA:5,9
DA:7,9
DA:9,9
DA:11,9
DA:12,9
DA:21,9
DA:22,9
DA:23,9
DA:24,9
DA:25,9
DA:26,9
DA:27,9
DA:28,9
DA:29,9
DA:33,9
DA:34,128126
DA:35,128126
DA:38,128126
DA:47,128126
DA:48,128126
DA:49,128126
DA:53,70656
DA:57,1259
DA:58,1259
DA:59,3
DA:61,1256
DA:62,1256
DA:66,1
DA:70,13
DA:71,13
DA:72,13
DA:73,13
DA:74,13
DA:78,2
DA:82,6
DA:85,6
DA:86,6
DA:89,6
DA:93,7
DA:96,7
DA:97,7
DA:98,7
DA:99,7
DA:103,74
DA:104,58
DA:106,16
DA:114,33814
DA:119,33814
DA:120,3
DA:122,33811
DA:123,33811
DA:124,33811
DA:125,33811
DA:126,9911
DA:128,23900
DA:129,3248
DA:131,20652
DA:135,20
DA:142,20
DA:143,20
DA:144,20
DA:145,9
DA:147,11
DA:151,25744
DA:155,15
DA:159,10
DA:160,10
DA:164,4
DA:165,4
DA:169,343
DA:174,343
DA:175,343
DA:176,343
DA:180,13
DA:181,13
DA:185,13
DA:186,13
DA:190,30459
DA:191,30459
DA:192,30459
DA:196,11
DA:200,6
DA:204,8
DA:208,3
DA:216,21
DA:217,21
DA:218,21
DA:219,21
DA:220,21
DA:224,1933
DA:225,1933
DA:226,1933
DA:227,1860
DA:228,1860
DA:230,73
DA:231,73
DA:233,1933
DA:234,1933
DA:235,1933
DA:239,10
DA:242,10
DA:243,10
DA:245,10
DA:246,10
DA:247,10
DA:251,23
DA:254,23
DA:255,23
DA:257,23
DA:258,23
DA:259,23
DA:263,8
DA:266,8
DA:270,367
DA:273,367
DA:277,3
DA:280,3
DA:284,3
DA:287,3
DA:291,33
DA:292,33
DA:293,33
DA:297,20
DA:298,20
DA:299,20
DA:303,20
DA:304,20
DA:305,20
DA:309,35
DA:310,35
DA:311,35
DA:315,6
DA:316,6
DA:317,6
DA:321,442
DA:322,442
DA:323,442
DA:324,1
DA:325,1
DA:327,441
DA:328,441
DA:330,442
DA:331,442
DA:332,442
DA:336,27
DA:337,27
DA:338,27
DA:339,3
DA:340,3
DA:342,24
DA:343,24
DA:345,27
DA:346,27
DA:347,27
DA:351,40410
DA:355,1121
DA:356,1121
DA:357,1121
DA:358,1121
DA:362,34
DA:363,34
DA:364,21
DA:366,34
DA:367,34
DA:374,31385
DA:375,3
DA:377,31385
DA:384,15690
DA:385,3
DA:387,15690
DA:395,15687
DA:396,3
DA:398,15687
DA:402,336
DA:406,1
DA:410,1186
DA:414,1
DA:418,1
DA:421,1
DA:425,8
DA:428,8
DA:432,3
DA:436,3
DA:440,5
DA:441,5
DA:445,10
DA:446,10
DA:450,10
DA:451,10
DA:455,5
DA:459,5
DA:463,3
DA:470,85
DA:471,85
DA:472,85
DA:476,14
DA:480,1
DA:485,1
DA:486,1
DA:487,1
DA:488,1
DA:489,1
DA:491,360
DA:492,360
DA:494,360
LF:208
LH:208
BRDA:46,0,0,4
BRDA:46,1,0,4431
BRDA:58,2,0,3
BRDA:58,2,1,1256
BRDA:58,3,0,1259
BRDA:58,3,1,3
BRDA:81,4,0,1
BRDA:92,5,0,4
BRDA:103,6,0,58
BRDA:103,6,1,16
BRDA:119,7,0,3
BRDA:119,7,1,33811
BRDA:125,8,0,9911
BRDA:125,8,1,23900
BRDA:128,9,0,3248
BRDA:128,9,1,20652
BRDA:144,10,0,9
BRDA:144,10,1,11
BRDA:180,11,0,9
BRDA:180,11,1,4
BRDA:185,12,0,9
BRDA:185,12,1,4
BRDA:196,13,0,11
BRDA:196,13,1,7
BRDA:200,14,0,6
BRDA:200,14,1,2
BRDA:204,15,0,8
BRDA:204,15,1,3
BRDA:208,16,0,3
BRDA:208,16,1,2
BRDA:223,17,0,1
BRDA:223,18,0,1896
BRDA:226,19,0,1860
BRDA:226,19,1,73
BRDA:308,20,0,3
BRDA:320,21,0,1
BRDA:320,22,0,426
BRDA:323,23,0,1
BRDA:323,23,1,441
BRDA:335,24,0,1
BRDA:335,25,0,11
BRDA:338,26,0,3
BRDA:338,26,1,24
BRDA:351,27,0,40410
BRDA:351,27,1,6934
BRDA:351,27,2,2974
BRDA:354,28,0,1117
BRDA:357,29,0,1121
BRDA:357,29,1,0
BRDA:358,30,0,1121
BRDA:358,30,1,454
BRDA:358,30,2,453
BRDA:363,31,0,21
BRDA:363,31,1,13
BRDA:374,32,0,3
BRDA:374,32,1,31382
BRDA:384,33,0,3
BRDA:384,33,1,15687
BRDA:387,34,0,15690
BRDA:387,34,1,15689
BRDA:395,35,0,3
BRDA:395,35,1,15684
BRDA:398,36,0,15687
BRDA:398,36,1,15682
BRDA:398,36,2,32
BRDA:462,37,0,1
BRDA:462,38,0,2
BRDA:479,39,0,1
BRF:68
BRH:67
end_of_record
TN:
SF:src/DPolygon.ts
FN:22,(anonymous_0)
FN:30,(anonymous_1)
FN:39,(anonymous_2)
FN:63,(anonymous_3)
FN:74,(anonymous_4)
FN:82,(anonymous_5)
FN:83,(anonymous_6)
FN:93,(anonymous_7)
FN:102,(anonymous_8)
FN:106,(anonymous_9)
FN:110,(anonymous_10)
FN:114,(anonymous_11)
FN:118,(anonymous_12)
FN:119,(anonymous_13)
FN:122,(anonymous_14)
FN:123,(anonymous_15)
FN:126,(anonymous_16)
FN:127,(anonymous_17)
FN:130,(anonymous_18)
FN:131,(anonymous_19)
FN:137,(anonymous_20)
FN:144,(anonymous_21)
FN:151,(anonymous_22)
FN:158,(anonymous_23)
FN:165,(anonymous_24)
FN:172,(anonymous_25)
FN:186,(anonymous_26)
FN:194,(anonymous_27)
FN:202,(anonymous_28)
FN:210,(anonymous_29)
FN:217,(anonymous_30)
FN:224,(anonymous_31)
FN:235,(anonymous_32)
FN:243,(anonymous_33)
FN:249,(anonymous_34)
FN:258,(anonymous_35)
FN:273,(anonymous_36)
FN:280,(anonymous_37)
FN:287,(anonymous_38)
FN:294,(anonymous_39)
FN:301,(anonymous_40)
FN:352,(anonymous_41)
FN:395,(anonymous_42)
FN:409,(anonymous_43)
FN:419,(anonymous_44)
FN:429,(anonymous_45)
FN:447,(anonymous_46)
FN:451,(anonymous_47)
FN:454,(anonymous_48)
FN:456,(anonymous_49)
FN:463,(anonymous_50)
FN:464,(anonymous_51)
FN:465,(anonymous_52)
FN:473,(anonymous_53)
FN:478,(anonymous_54)
FN:479,(anonymous_55)
FN:480,(anonymous_56)
FN:484,(anonymous_57)
FN:485,(anonymous_58)
FN:486,(anonymous_59)
FN:490,(anonymous_60)
FN:491,(anonymous_61)
FN:492,(anonymous_62)
FN:496,(anonymous_63)
FN:497,(anonymous_64)
FN:498,(anonymous_65)
FN:502,(anonymous_66)
FN:503,(anonymous_67)
FN:504,(anonymous_68)
FN:508,(anonymous_69)
FN:509,(anonymous_70)
FN:510,(anonymous_71)
FN:514,(anonymous_72)
FN:515,(anonymous_73)
FN:516,(anonymous_74)
FN:520,(anonymous_75)
FN:521,(anonymous_76)
FN:522,(anonymous_77)
FN:526,(anonymous_78)
FN:528,(anonymous_79)
FN:532,(anonymous_80)
FN:543,(anonymous_81)
FN:547,(anonymous_82)
FN:551,(anonymous_83)
FN:555,(anonymous_84)
FN:559,(anonymous_85)
FN:561,(anonymous_86)
FN:565,(anonymous_87)
FN:567,(anonymous_88)
FN:568,(anonymous_89)
FN:572,(anonymous_90)
FN:573,(anonymous_91)
FN:574,(anonymous_92)
FN:578,(anonymous_93)
FN:579,(anonymous_94)
FN:580,(anonymous_95)
FN:584,(anonymous_96)
FN:585,(anonymous_97)
FN:586,(anonymous_98)
FN:590,(anonymous_99)
FN:591,(anonymous_100)
FN:592,(anonymous_101)
FN:596,(anonymous_102)
FN:597,(anonymous_103)
FN:603,(anonymous_104)
FN:614,(anonymous_105)
FN:626,(anonymous_106)
FN:627,(anonymous_107)
FN:628,(anonymous_108)
FN:632,(anonymous_109)
FN:634,(anonymous_110)
FN:642,(anonymous_111)
FN:643,(anonymous_112)
FN:646,(anonymous_113)
FN:647,(anonymous_114)
FN:648,(anonymous_115)
FN:657,(anonymous_116)
FN:667,(anonymous_117)
FN:667,(anonymous_118)
FN:677,(anonymous_119)
FN:681,(anonymous_120)
FN:696,(anonymous_121)
FN:697,(anonymous_122)
FN:705,(anonymous_123)
FN:709,(anonymous_124)
FN:713,(anonymous_125)
FN:721,(anonymous_126)
FN:726,(anonymous_127)
FN:727,(anonymous_128)
FN:735,(anonymous_129)
FN:739,(anonymous_130)
FN:779,(anonymous_131)
FN:794,(anonymous_132)
FN:813,(anonymous_133)
FN:824,(anonymous_134)
FN:828,(anonymous_135)
FN:848,(anonymous_136)
FN:858,(anonymous_137)
FN:875,(anonymous_138)
FN:876,(anonymous_139)
FN:883,(anonymous_140)
FN:884,(anonymous_141)
FN:891,(anonymous_142)
FN:907,(anonymous_143)
FN:920,(anonymous_144)
FN:933,(anonymous_145)
FN:949,(anonymous_146)
FN:953,(anonymous_147)
FN:965,(anonymous_148)
FN:980,(anonymous_149)
FN:984,(anonymous_150)
FN:988,(anonymous_151)
FN:991,(anonymous_152)
FN:999,(anonymous_153)
FN:1013,(anonymous_154)
FN:1018,(anonymous_155)
FN:1023,(anonymous_156)
FN:1044,(anonymous_157)
FN:1053,(anonymous_158)
FN:1095,(anonymous_159)
FN:1110,(anonymous_160)
FN:1116,(anonymous_161)
FN:1140,(anonymous_162)
FN:1152,(anonymous_163)
FN:1152,(anonymous_164)
FN:1161,(anonymous_165)
FN:1175,(anonymous_166)
FNF:167
FNH:164
FNDA:6249,(anonymous_0)
FNDA:1,(anonymous_1)
FNDA:1,(anonymous_2)
FNDA:1,(anonymous_3)
FNDA:182,(anonymous_4)
FNDA:233,(anonymous_5)
FNDA:1243,(anonymous_6)
FNDA:3,(anonymous_7)
FNDA:5,(anonymous_8)
FNDA:42,(anonymous_9)
FNDA:2,(anonymous_10)
FNDA:6152,(anonymous_11)
FNDA:47258,(anonymous_12)
FNDA:95438,(anonymous_13)
FNDA:47349,(anonymous_14)
FNDA:95997,(anonymous_15)
FNDA:31472,(anonymous_16)
FNDA:63675,(anonymous_17)
FNDA:47145,(anonymous_18)
FNDA:95294,(anonymous_19)
FNDA:2,(anonymous_20)
FNDA:5,(anonymous_21)
FNDA:5,(anonymous_22)
FNDA:1,(anonymous_23)
FNDA:1,(anonymous_24)
FNDA:9,(anonymous_25)
FNDA:3,(anonymous_26)
FNDA:24,(anonymous_27)
FNDA:1,(anonymous_28)
FNDA:92529,(anonymous_29)
FNDA:4,(anonymous_30)
FNDA:9,(anonymous_31)
FNDA:15,(anonymous_32)
FNDA:1,(anonymous_33)
FNDA:327,(anonymous_34)
FNDA:1090,(anonymous_35)
FNDA:3,(anonymous_36)
FNDA:4531,(anonymous_37)
FNDA:11,(anonymous_38)
FNDA:3091,(anonymous_39)
FNDA:3,(anonymous_40)
FNDA:4,(anonymous_41)
FNDA:8,(anonymous_42)
FNDA:2,(anonymous_43)
FNDA:205,(anonymous_44)
FNDA:1,(anonymous_45)
FNDA:1,(anonymous_46)
FNDA:241,(anonymous_47)
FNDA:19,(anonymous_48)
FNDA:1375,(anonymous_49)
FNDA:2,(anonymous_50)
FNDA:9,(anonymous_51)
FNDA:1,(anonymous_52)
FNDA:1,(anonymous_53)
FNDA:6,(anonymous_54)
FNDA:27,(anonymous_55)
FNDA:1,(anonymous_56)
FNDA:3,(anonymous_57)
FNDA:15,(anonymous_58)
FNDA:1,(anonymous_59)
FNDA:3,(anonymous_60)
FNDA:15,(anonymous_61)
FNDA:1,(anonymous_62)
FNDA:3,(anonymous_63)
FNDA:15,(anonymous_64)
FNDA:1,(anonymous_65)
FNDA:3,(anonymous_66)
FNDA:15,(anonymous_67)
FNDA:1,(anonymous_68)
FNDA:3,(anonymous_69)
FNDA:15,(anonymous_70)
FNDA:1,(anonymous_71)
FNDA:3,(anonymous_72)
FNDA:15,(anonymous_73)
FNDA:1,(anonymous_74)
FNDA:3,(anonymous_75)
FNDA:15,(anonymous_76)
FNDA:1,(anonymous_77)
FNDA:51,(anonymous_78)
FNDA:5,(anonymous_79)
FNDA:75552,(anonymous_80)
FNDA:2154,(anonymous_81)
FNDA:4146,(anonymous_82)
FNDA:2553,(anonymous_83)
FNDA:1,(anonymous_84)
FNDA:2322,(anonymous_85)
FNDA:170,(anonymous_86)
FNDA:3,(anonymous_87)
FNDA:14,(anonymous_88)
FNDA:1,(anonymous_89)
FNDA:1,(anonymous_90)
FNDA:1,(anonymous_91)
FNDA:0,(anonymous_92)
FNDA:3,(anonymous_93)
FNDA:15,(anonymous_94)
FNDA:1,(anonymous_95)
FNDA:1,(anonymous_96)
FNDA:1,(anonymous_97)
FNDA:0,(anonymous_98)
FNDA:1,(anonymous_99)
FNDA:1,(anonymous_100)
FNDA:0,(anonymous_101)
FNDA:5240,(anonymous_102)
FNDA:25738,(anonymous_103)
FNDA:727,(anonymous_104)
FNDA:2362,(anonymous_105)
FNDA:2,(anonymous_106)
FNDA:6,(anonymous_107)
FNDA:1,(anonymous_108)
FNDA:1,(anonymous_109)
FNDA:2,(anonymous_110)
FNDA:352,(anonymous_111)
FNDA:1366,(anonymous_112)
FNDA:5492,(anonymous_113)
FNDA:28289,(anonymous_114)
FNDA:412,(anonymous_115)
FNDA:581,(anonymous_116)
FNDA:19,(anonymous_117)
FNDA:47,(anonymous_118)
FNDA:594,(anonymous_119)
FNDA:2549,(anonymous_120)
FNDA:4,(anonymous_121)
FNDA:7,(anonymous_122)
FNDA:5,(anonymous_123)
FNDA:375,(anonymous_124)
FNDA:123,(anonymous_125)
FNDA:2,(anonymous_126)
FNDA:8,(anonymous_127)
FNDA:6,(anonymous_128)
FNDA:47310,(anonymous_129)
FNDA:3,(anonymous_130)
FNDA:1,(anonymous_131)
FNDA:144,(anonymous_132)
FNDA:25,(anonymous_133)
FNDA:38,(anonymous_134)
FNDA:408,(anonymous_135)
FNDA:2,(anonymous_136)
FNDA:1,(anonymous_137)
FNDA:4,(anonymous_138)
FNDA:7,(anonymous_139)
FNDA:29,(anonymous_140)
FNDA:72,(anonymous_141)
FNDA:3,(anonymous_142)
FNDA:42,(anonymous_143)
FNDA:4,(anonymous_144)
FNDA:305,(anonymous_145)
FNDA:1,(anonymous_146)
FNDA:1,(anonymous_147)
FNDA:76,(anonymous_148)
FNDA:13,(anonymous_149)
FNDA:13,(anonymous_150)
FNDA:5,(anonymous_151)
FNDA:16,(anonymous_152)
FNDA:3,(anonymous_153)
FNDA:47310,(anonymous_154)
FNDA:47106,(anonymous_155)
FNDA:35,(anonymous_156)
FNDA:3,(anonymous_157)
FNDA:8,(anonymous_158)
FNDA:102,(anonymous_159)
FNDA:102,(anonymous_160)
FNDA:971,(anonymous_161)
FNDA:4,(anonymous_162)
FNDA:173,(anonymous_163)
FNDA:170,(anonymous_164)
FNDA:55,(anonymous_165)
FNDA:116,(anonymous_166)
DA:2,9
DA:3,9
DA:4,9
DA:5,9
DA:6,9
DA:8,9
DA:10,9
DA:11,9
DA:12,9
DA:13,9
DA:15,9
DA:17,6249
DA:18,6249
DA:19,6249
DA:20,6249
DA:23,6249
DA:31,1
DA:32,1
DA:40,1
DA:41,1
DA:42,1
DA:43,1
DA:44,12
DA:45,7
DA:47,12
DA:48,8
DA:49,8
DA:50,4
DA:51,4
DA:52,4
DA:56,1
DA:64,1
DA:65,1
DA:66,0
DA:68,1
DA:69,1
DA:71,0
DA:75,182
DA:76,182
DA:77,182
DA:78,178
DA:79,178
DA:80,178
DA:82,233
DA:83,1243
DA:84,178
DA:85,45
DA:87,178
DA:89,182
DA:90,1
DA:91,1
DA:92,1
DA:93,3
DA:95,182
DA:96,3
DA:99,182
DA:103,5
DA:107,42
DA:111,2
DA:115,6152
DA:119,95438
DA:123,95997
DA:127,63675
DA:131,95294
DA:138,2
DA:145,5
DA:152,5
DA:159,1
DA:166,1
DA:173,9
DA:174,9
DA:187,3
DA:188,3
DA:195,24
DA:196,24
DA:203,1
DA:204,1
DA:211,92529
DA:218,4
DA:225,9
DA:226,9
DA:227,38
DA:229,9
DA:236,15
DA:237,15
DA:238,15
DA:239,59
DA:240,59
DA:241,59
DA:243,15
DA:250,327
DA:251,327
DA:252,2143
DA:253,16406
DA:254,16406
DA:255,16406
DA:256,16406
DA:258,1090
DA:260,118
DA:261,118
DA:262,118
DA:263,118
DA:267,327
DA:274,3
DA:281,4531
DA:288,11
DA:295,3091
DA:302,3
DA:303,3
DA:304,3
DA:305,3
DA:306,9
DA:307,9
DA:308,9
DA:309,9
DA:310,9
DA:311,9
DA:312,9
DA:313,27
DA:314,27
DA:315,27
DA:316,15
DA:317,15
DA:319,27
DA:320,54
DA:321,54
DA:322,54
DA:323,18
DA:324,18
DA:325,18
DA:329,9
DA:330,0
DA:332,9
DA:333,9
DA:334,9
DA:335,9
DA:341,9
DA:342,3
DA:343,3
DA:346,3
DA:353,4
DA:354,4
DA:355,4
DA:356,4
DA:358,4
DA:359,4
DA:360,8
DA:361,8
DA:362,8
DA:363,8
DA:364,8
DA:365,4
DA:367,4
DA:370,4
DA:371,4
DA:372,4
DA:373,4
DA:374,4
DA:375,4
DA:376,8
DA:377,8
DA:378,8
DA:379,8
DA:380,8
DA:381,0
DA:384,4
DA:386,4
DA:387,4
DA:389,4
DA:396,8
DA:397,8
DA:398,8
DA:399,32
DA:400,32
DA:401,32
DA:403,8
DA:410,2
DA:411,1
DA:413,1
DA:420,205
DA:421,205
DA:422,205
DA:430,1
DA:431,1
DA:432,4
DA:433,4
DA:434,4
DA:435,4
DA:436,4
DA:437,4
DA:440,1
DA:448,1
DA:452,241
DA:453,241
DA:454,19
DA:456,1375
DA:464,9
DA:465,2
DA:466,2
DA:474,1
DA:475,1
DA:479,27
DA:480,6
DA:481,6
DA:485,15
DA:486,3
DA:487,3
DA:491,15
DA:492,3
DA:493,3
DA:497,15
DA:498,3
DA:499,3
DA:503,15
DA:504,3
DA:505,3
DA:509,15
DA:510,3
DA:511,3
DA:515,15
DA:516,3
DA:517,3
DA:521,15
DA:522,3
DA:523,3
DA:527,51
DA:528,51
DA:529,51
DA:533,75552
DA:534,2
DA:535,2
DA:536,1
DA:538,2
DA:540,75550
DA:544,2154
DA:548,4146
DA:552,2553
DA:556,1
DA:560,2322
DA:561,2322
DA:562,2322
DA:566,3
DA:567,14
DA:568,1
DA:573,1
DA:574,1
DA:575,1
DA:579,15
DA:580,3
DA:581,3
DA:585,1
DA:586,1
DA:587,1
DA:591,1
DA:592,1
DA:593,1
DA:597,25738
DA:604,727
DA:605,727
DA:606,242
DA:608,727
DA:615,2362
DA:616,2362
DA:617,1790
DA:619,2362
DA:627,6
DA:628,2
DA:629,2
DA:633,1
DA:634,2
DA:635,1
DA:643,1366
DA:647,28289
DA:648,5492
DA:649,5492
DA:650,5492
DA:658,581
DA:659,1
DA:661,580
DA:662,36
DA:664,544
DA:667,47
DA:678,594
DA:679,594
DA:680,594
DA:681,594
DA:682,2549
DA:683,2549
DA:684,2549
DA:697,7
DA:706,5
DA:710,375
DA:714,123
DA:722,2
DA:723,2
DA:724,2
DA:725,2
DA:726,8
DA:727,6
DA:728,2
DA:736,47310
DA:747,3
DA:748,1
DA:750,2
DA:751,2
DA:752,1
DA:754,2
DA:755,2
DA:757,2
DA:758,2
DA:760,2
DA:761,1
DA:763,2
DA:764,2
DA:765,1
DA:766,1
DA:767,1
DA:768,1
DA:770,2
DA:771,1
DA:772,1
DA:774,2
DA:775,2
DA:780,1
DA:781,1
DA:782,1
DA:783,1
DA:784,1
DA:785,1
DA:795,144
DA:796,144
DA:797,118
DA:799,26
DA:800,26
DA:801,5
DA:803,21
DA:804,21
DA:805,21
DA:806,21
DA:807,298
DA:808,298
DA:809,298
DA:810,53
DA:813,25
DA:814,21
DA:815,8
DA:817,13
DA:825,38
DA:826,38
DA:827,37
DA:828,408
DA:829,37
DA:830,3
DA:832,34
DA:833,475
DA:834,475
DA:835,475
DA:836,475
DA:837,475
DA:838,4
DA:842,31
DA:849,2
DA:850,2
DA:851,2
DA:852,2
DA:859,1
DA:860,6
DA:861,6
DA:862,6
DA:863,1
DA:864,1
DA:867,1
DA:876,7
DA:884,72
DA:892,3
DA:893,3
DA:894,3
DA:895,3
DA:896,31
DA:897,31
DA:898,31
DA:899,0
DA:900,0
DA:901,0
DA:903,31
DA:904,21
DA:905,21
DA:906,21
DA:907,42
DA:908,21
DA:909,21
DA:910,21
DA:911,21
DA:913,10
DA:914,10
DA:917,3
DA:921,4
DA:922,4
DA:923,61
DA:924,15
DA:926,61
DA:927,60
DA:929,61
DA:934,305
DA:935,193
DA:937,112
DA:938,55
DA:940,57
DA:941,0
DA:943,57
DA:951,1
DA:953,1
DA:954,1
DA:955,1
DA:956,10
DA:957,10
DA:958,5
DA:961,1
DA:966,76
DA:967,76
DA:968,76
DA:969,0
DA:971,76
DA:972,20
DA:974,56
DA:976,0
DA:981,13
DA:985,13
DA:989,5
DA:990,5
DA:991,16
DA:992,5
DA:993,16
DA:994,73
DA:995,15
DA:997,58
DA:998,58
DA:999,3
DA:1000,2
DA:1001,0
DA:1003,2
DA:1008,5
DA:1010,5
DA:1014,47310
DA:1015,47310
DA:1019,47106
DA:1020,47106
DA:1024,35
DA:1025,35
DA:1026,35
DA:1027,35
DA:1028,35
DA:1029,48
DA:1030,48
DA:1031,27
DA:1032,27
DA:1035,35
DA:1036,15
DA:1037,15
DA:1038,15
DA:1039,15
DA:1041,20
DA:1045,3
DA:1046,3
DA:1047,3
DA:1048,12
DA:1049,12
DA:1054,8
DA:1055,8
DA:1056,0
DA:1058,8
DA:1059,8
DA:1060,0
DA:1062,8
DA:1063,8
DA:1064,8
DA:1065,130
DA:1066,130
DA:1067,130
DA:1068,130
DA:1069,130
DA:1071,130
DA:1072,49
DA:1074,81
DA:1079,8
DA:1080,8
DA:1082,8
DA:1084,8
DA:1085,2
DA:1086,6
DA:1087,6
DA:1089,0
DA:1092,8
DA:1096,102
DA:1097,102
DA:1098,102
DA:1099,102
DA:1100,102
DA:1101,13
DA:1102,89
DA:1103,76
DA:1104,13
DA:1105,13
DA:1107,0
DA:1111,102
DA:1112,102
DA:1113,102
DA:1114,102
DA:1115,101
DA:1117,971
DA:1118,971
DA:1119,971
DA:1120,971
DA:1121,347
DA:1122,247
DA:1123,247
DA:1124,74
DA:1128,624
DA:1130,971
DA:1134,101
DA:1135,62
DA:1136,131
DA:1137,325
DA:1138,2
DA:1139,2
DA:1140,4
DA:1141,2
DA:1143,323
DA:1144,0
DA:1147,131
DA:1148,2
DA:1152,173
DA:1153,101
DA:1154,156
DA:1155,286
DA:1156,35
DA:1158,251
DA:1159,130
DA:1160,14
DA:1161,55
DA:1165,156
DA:1166,40
DA:1169,101
DA:1170,3
DA:1172,98
DA:1173,40
DA:1175,116
DA:1178,1
LF:548
LH:532
BRDA:22,0,0,235
BRDA:44,1,0,7
BRDA:44,1,1,5
BRDA:47,2,0,8
BRDA:47,2,1,4
BRDA:49,3,0,4
BRDA:49,3,1,4
BRDA:65,4,0,0
BRDA:65,4,1,1
BRDA:65,5,0,1
BRDA:65,5,1,1
BRDA:65,5,2,1
BRDA:68,6,0,1
BRDA:68,6,1,0
BRDA:77,7,0,178
BRDA:77,7,1,4
BRDA:84,8,0,45
BRDA:84,8,1,133
BRDA:84,9,0,178
BRDA:84,9,1,178
BRDA:89,10,0,1
BRDA:89,10,1,181
BRDA:95,11,0,3
BRDA:95,11,1,179
BRDA:256,12,0,118
BRDA:256,12,1,16288
BRDA:257,13,0,16406
BRDA:257,13,1,544
BRDA:315,14,0,15
BRDA:315,14,1,12
BRDA:322,15,0,18
BRDA:322,15,1,36
BRDA:329,16,0,0
BRDA:329,16,1,9
BRDA:329,17,0,9
BRDA:329,17,1,9
BRDA:329,17,2,9
BRDA:341,18,0,3
BRDA:341,18,1,6
BRDA:355,19,0,4
BRDA:355,19,1,0
BRDA:364,20,0,4
BRDA:364,20,1,4
BRDA:364,21,0,8
BRDA:364,21,1,4
BRDA:364,21,2,4
BRDA:364,21,3,4
BRDA:385,22,0,4
BRDA:385,22,1,0
BRDA:380,23,0,0
BRDA:380,23,1,8
BRDA:380,24,0,8
BRDA:380,24,1,8
BRDA:380,24,2,8
BRDA:380,24,3,8
BRDA:386,25,0,4
BRDA:386,25,1,0
BRDA:410,26,0,1
BRDA:410,26,1,1
BRDA:436,27,0,4
BRDA:436,27,1,0
BRDA:453,28,0,18
BRDA:453,28,1,223
BRDA:453,29,0,241
BRDA:453,29,1,241
BRDA:478,30,0,0
BRDA:484,31,0,0
BRDA:490,32,0,0
BRDA:520,33,0,1
BRDA:532,34,0,75550
BRDA:533,35,0,2
BRDA:533,35,1,75550
BRDA:605,36,0,242
BRDA:605,36,1,485
BRDA:605,37,0,727
BRDA:605,37,1,727
BRDA:616,38,0,1790
BRDA:616,38,1,572
BRDA:616,39,0,2362
BRDA:616,39,1,2353
BRDA:616,39,2,2353
BRDA:658,40,0,1
BRDA:658,40,1,580
BRDA:661,41,0,36
BRDA:661,41,1,544
BRDA:661,42,0,580
BRDA:661,42,1,545
BRDA:665,43,0,544
BRDA:665,43,1,335
BRDA:667,44,0,19
BRDA:667,44,1,19
BRDA:685,45,0,2549
BRDA:685,45,1,2463
BRDA:685,45,2,2138
BRDA:705,46,0,4
BRDA:728,47,0,2
BRDA:728,47,1,1
BRDA:736,48,0,47310
BRDA:736,48,1,47106
BRDA:744,49,0,1
BRDA:745,50,0,3
BRDA:747,51,0,1
BRDA:747,51,1,2
BRDA:751,52,0,1
BRDA:751,52,1,1
BRDA:754,53,0,2
BRDA:754,53,1,0
BRDA:757,54,0,2
BRDA:757,54,1,0
BRDA:760,55,0,1
BRDA:760,55,1,1
BRDA:764,56,0,1
BRDA:764,56,1,1
BRDA:770,57,0,1
BRDA:770,57,1,1
BRDA:774,58,0,2
BRDA:774,58,1,0
BRDA:794,59,0,11
BRDA:794,60,0,144
BRDA:796,61,0,118
BRDA:796,61,1,26
BRDA:800,62,0,5
BRDA:800,62,1,21
BRDA:809,63,0,53
BRDA:809,63,1,245
BRDA:814,64,0,8
BRDA:814,64,1,13
BRDA:826,65,0,37
BRDA:826,65,1,1
BRDA:829,66,0,3
BRDA:829,66,1,34
BRDA:836,67,0,475
BRDA:836,67,1,15
BRDA:837,68,0,4
BRDA:837,68,1,471
BRDA:862,69,0,1
BRDA:862,69,1,5
BRDA:898,70,0,0
BRDA:898,70,1,31
BRDA:903,71,0,21
BRDA:903,71,1,10
BRDA:913,72,0,10
BRDA:913,72,1,0
BRDA:923,73,0,15
BRDA:923,73,1,46
BRDA:926,74,0,60
BRDA:926,74,1,1
BRDA:929,75,0,61
BRDA:929,75,1,61
BRDA:934,76,0,193
BRDA:934,76,1,112
BRDA:937,77,0,55
BRDA:937,77,1,57
BRDA:940,78,0,0
BRDA:940,78,1,57
BRDA:940,79,0,57
BRDA:940,79,1,57
BRDA:943,80,0,57
BRDA:943,80,1,57
BRDA:957,81,0,5
BRDA:957,81,1,5
BRDA:968,82,0,0
BRDA:968,82,1,76
BRDA:971,83,0,20
BRDA:971,83,1,56
BRDA:990,84,0,5
BRDA:990,84,1,0
BRDA:991,85,0,5
BRDA:991,85,1,0
BRDA:991,86,0,5
BRDA:991,86,1,5
BRDA:994,87,0,15
BRDA:994,87,1,58
BRDA:998,88,0,2
BRDA:998,88,1,56
BRDA:999,89,0,3
BRDA:999,89,1,2
BRDA:1000,90,0,0
BRDA:1000,90,1,2
BRDA:1015,91,0,47310
BRDA:1015,91,1,47242
BRDA:1020,92,0,47106
BRDA:1020,92,1,31456
BRDA:1030,93,0,27
BRDA:1030,93,1,21
BRDA:1035,94,0,15
BRDA:1035,94,1,20
BRDA:1044,95,0,1
BRDA:1053,96,0,0
BRDA:1055,97,0,0
BRDA:1055,97,1,8
BRDA:1059,98,0,0
BRDA:1059,98,1,8
BRDA:1071,99,0,49
BRDA:1071,99,1,81
BRDA:1084,100,0,2
BRDA:1084,100,1,6
BRDA:1086,101,0,6
BRDA:1086,101,1,0
BRDA:1100,102,0,13
BRDA:1100,102,1,89
BRDA:1102,103,0,76
BRDA:1102,103,1,13
BRDA:1104,104,0,13
BRDA:1104,104,1,0
BRDA:1112,105,0,102
BRDA:1112,105,1,0
BRDA:1114,106,0,101
BRDA:1114,106,1,1
BRDA:1120,107,0,347
BRDA:1120,107,1,624
BRDA:1121,108,0,247
BRDA:1121,108,1,100
BRDA:1123,109,0,74
BRDA:1123,109,1,173
BRDA:1134,110,0,62
BRDA:1134,110,1,39
BRDA:1134,111,0,101
BRDA:1134,111,1,76
BRDA:1134,111,2,76
BRDA:1137,112,0,2
BRDA:1137,112,1,323
BRDA:1137,113,0,325
BRDA:1137,113,1,133
BRDA:1143,114,0,0
BRDA:1143,114,1,323
BRDA:1147,115,0,2
BRDA:1147,115,1,129
BRDA:1155,116,0,35
BRDA:1155,116,1,251
BRDA:1158,117,0,130
BRDA:1158,117,1,121
BRDA:1159,118,0,14
BRDA:1159,118,1,116
BRDA:1165,119,0,40
BRDA:1165,119,1,116
BRDA:1169,120,0,3
BRDA:1169,120,1,98
BRDA:1172,121,0,40
BRDA:1172,121,1,58
BRF:240
BRH:212
end_of_record
TN:
SF:src/DPolygonLoop.ts
FN:11,(anonymous_0)
FN:7,(anonymous_1)
FN:18,(anonymous_2)
FN:22,(anonymous_3)
FN:24,(anonymous_4)
FN:28,(anonymous_5)
FN:30,(anonymous_6)
FN:34,(anonymous_7)
FN:36,(anonymous_8)
FN:40,(anonymous_9)
FN:42,(anonymous_10)
FN:46,(anonymous_11)
FN:48,(anonymous_12)
FN:52,(anonymous_13)
FN:54,(anonymous_14)
FN:58,(anonymous_15)
FN:60,(anonymous_16)
FN:64,(anonymous_17)
FN:66,(anonymous_18)
FN:70,(anonymous_19)
FN:72,(anonymous_20)
FN:76,(anonymous_21)
FN:78,(anonymous_22)
FN:82,(anonymous_23)
FN:84,(anonymous_24)
FN:88,(anonymous_25)
FN:90,(anonymous_26)
FN:94,(anonymous_27)
FN:96,(anonymous_28)
FN:100,(anonymous_29)
FN:102,(anonymous_30)
FN:106,(anonymous_31)
FN:108,(anonymous_32)
FN:112,(anonymous_33)
FN:114,(anonymous_34)
FN:118,(anonymous_35)
FN:120,(anonymous_36)
FN:124,(anonymous_37)
FN:126,(anonymous_38)
FN:130,(anonymous_39)
FN:132,(anonymous_40)
FN:136,(anonymous_41)
FN:138,(anonymous_42)
FN:142,(anonymous_43)
FN:144,(anonymous_44)
FN:148,(anonymous_45)
FN:150,(anonymous_46)
FN:154,(anonymous_47)
FN:156,(anonymous_48)
FN:160,(anonymous_49)
FN:162,(anonymous_50)
FN:166,(anonymous_51)
FN:168,(anonymous_52)
FN:172,(anonymous_53)
FN:174,(anonymous_54)
FN:178,(anonymous_55)
FN:180,(anonymous_56)
FN:184,(anonymous_57)
FN:186,(anonymous_58)
FNF:59
FNH:59
FNDA:42,(anonymous_0)
FNDA:126,(anonymous_1)
FNDA:42,(anonymous_2)
FNDA:1,(anonymous_3)
FNDA:3,(anonymous_4)
FNDA:1,(anonymous_5)
FNDA:3,(anonymous_6)
FNDA:1,(anonymous_7)
FNDA:3,(anonymous_8)
FNDA:2,(anonymous_9)
FNDA:6,(anonymous_10)
FNDA:2,(anonymous_11)
FNDA:6,(anonymous_12)
FNDA:2,(anonymous_13)
FNDA:8,(anonymous_14)
FNDA:9,(anonymous_15)
FNDA:34,(anonymous_16)
FNDA:2,(anonymous_17)
FNDA:4,(anonymous_18)
FNDA:1,(anonymous_19)
FNDA:2,(anonymous_20)
FNDA:1,(anonymous_21)
FNDA:2,(anonymous_22)
FNDA:6,(anonymous_23)
FNDA:16,(anonymous_24)
FNDA:1,(anonymous_25)
FNDA:2,(anonymous_26)
FNDA:9,(anonymous_27)
FNDA:34,(anonymous_28)
FNDA:3,(anonymous_29)
FNDA:6,(anonymous_30)
FNDA:1,(anonymous_31)
FNDA:2,(anonymous_32)
FNDA:1,(anonymous_33)
FNDA:2,(anonymous_34)
FNDA:1,(anonymous_35)
FNDA:1,(anonymous_36)
FNDA:1,(anonymous_37)
FNDA:1,(anonymous_38)
FNDA:1,(anonymous_39)
FNDA:2,(anonymous_40)
FNDA:1,(anonymous_41)
FNDA:2,(anonymous_42)
FNDA:1,(anonymous_43)
FNDA:2,(anonymous_44)
FNDA:1,(anonymous_45)
FNDA:2,(anonymous_46)
FNDA:1,(anonymous_47)
FNDA:2,(anonymous_48)
FNDA:1,(anonymous_49)
FNDA:4,(anonymous_50)
FNDA:1,(anonymous_51)
FNDA:4,(anonymous_52)
FNDA:1,(anonymous_53)
FNDA:3,(anonymous_54)
FNDA:1,(anonymous_55)
FNDA:3,(anonymous_56)
FNDA:3,(anonymous_57)
FNDA:17,(anonymous_58)
DA:6,9
DA:7,126
DA:12,42
DA:19,42
DA:23,1
DA:24,3
DA:25,1
DA:29,1
DA:30,3
DA:31,1
DA:35,1
DA:36,3
DA:37,1
DA:41,2
DA:42,6
DA:43,2
DA:47,2
DA:48,6
DA:49,2
DA:53,2
DA:54,8
DA:55,2
DA:59,9
DA:60,34
DA:61,9
DA:65,2
DA:66,4
DA:67,2
DA:71,1
DA:72,2
DA:73,1
DA:77,1
DA:78,2
DA:79,1
DA:83,6
DA:84,16
DA:85,6
DA:89,1
DA:90,2
DA:91,1
DA:95,9
DA:96,34
DA:97,9
DA:101,3
DA:102,6
DA:103,3
DA:107,1
DA:108,2
DA:109,1
DA:113,1
DA:114,2
DA:115,1
DA:119,1
DA:120,1
DA:121,1
DA:125,1
DA:126,1
DA:127,1
DA:131,1
DA:132,2
DA:133,1
DA:137,1
DA:138,2
DA:139,1
DA:143,1
DA:144,2
DA:145,1
DA:149,1
DA:150,2
DA:151,1
DA:155,1
DA:156,2
DA:157,1
DA:161,1
DA:162,4
DA:163,1
DA:167,1
DA:168,4
DA:169,1
DA:173,1
DA:174,3
DA:175,1
DA:179,1
DA:180,3
DA:181,1
DA:185,3
DA:186,17
DA:187,3
LF:88
LH:88
BRDA:18,0,0,42
BRDA:58,1,0,1
BRDA:82,2,0,5
BRDA:94,3,0,1
BRDA:100,4,0,1
BRF:5
BRH:5
end_of_record
TN:
SF:src/FastSearch.ts
FN:3,(anonymous_0)
FN:6,(anonymous_1)
FN:18,(anonymous_2)
FNF:3
FNH:3
FNDA:5,(anonymous_0)
FNDA:6,(anonymous_1)
FNDA:19,(anonymous_2)
DA:3,9
DA:4,5
DA:7,6
DA:8,59
DA:9,14
DA:11,59
DA:12,59
DA:14,59
DA:19,19
DA:20,2
DA:22,17
DA:23,2
DA:25,15
LF:13
LH:13
BRDA:8,0,0,14
BRDA:8,0,1,45
BRDA:11,1,0,59
BRDA:11,1,1,0
BRDA:14,2,0,59
BRDA:14,2,1,59
BRDA:19,3,0,2
BRDA:19,3,1,17
BRDA:22,4,0,2
BRDA:22,4,1,15
BRDA:25,5,0,15
BRDA:25,5,1,15
BRF:12
BRH:11
end_of_record
TN:
SF:src/TraceMatrix.ts
FN:5,(anonymous_0)
FN:8,(anonymous_1)
FN:10,(anonymous_2)
FN:17,(anonymous_3)
FN:28,(anonymous_4)
FN:40,(anonymous_5)
FN:69,(anonymous_6)
FN:74,(anonymous_7)
FN:128,(anonymous_8)
FN:150,(anonymous_9)
FN:153,(anonymous_10)
FN:165,(anonymous_11)
FN:166,(anonymous_12)
FN:199,(anonymous_13)
FN:209,(anonymous_14)
FN:45,(anonymous_15)
FN:47,(anonymous_16)
FN:49,(anonymous_17)
FN:50,(anonymous_18)
FN:50,(anonymous_19)
FN:51,(anonymous_20)
FN:53,(anonymous_21)
FN:62,(anonymous_22)
FN:65,(anonymous_23)
FN:96,(anonymous_24)
FN:115,(anonymous_25)
FN:235,(anonymous_26)
FN:235,(anonymous_27)
FN:236,(anonymous_28)
FN:236,(anonymous_29)
FNF:30
FNH:27
FNDA:143,(anonymous_0)
FNDA:1430,(anonymous_1)
FNDA:9,(anonymous_2)
FNDA:3856,(anonymous_3)
FNDA:300,(anonymous_4)
FNDA:2,(anonymous_5)
FNDA:5,(anonymous_6)
FNDA:500,(anonymous_7)
FNDA:4,(anonymous_8)
FNDA:5,(anonymous_9)
FNDA:3,(anonymous_10)
FNDA:266,(anonymous_11)
FNDA:119,(anonymous_12)
FNDA:3,(anonymous_13)
FNDA:300,(anonymous_14)
FNDA:2,(anonymous_15)
FNDA:3,(anonymous_16)
FNDA:3,(anonymous_17)
FNDA:3,(anonymous_18)
FNDA:0,(anonymous_19)
FNDA:0,(anonymous_20)
FNDA:3,(anonymous_21)
FNDA:3,(anonymous_22)
FNDA:300,(anonymous_23)
FNDA:19,(anonymous_24)
FNDA:8,(anonymous_25)
FNDA:13,(anonymous_26)
FNDA:0,(anonymous_27)
FNDA:130,(anonymous_28)
FNDA:1300,(anonymous_29)
DA:1,9
DA:2,9
DA:3,9
DA:5,143
DA:8,1430
DA:10,9
DA:11,9
DA:12,9
DA:17,9
DA:22,3856
DA:23,480
DA:25,3376
DA:28,9
DA:29,300
DA:30,0
DA:32,300
DA:33,300
DA:36,9
DA:41,2
DA:42,2
DA:46,2
DA:47,3
DA:48,2
DA:49,3
DA:50,3
DA:51,0
DA:53,2
DA:54,3
DA:55,3
DA:56,0
DA:58,3
DA:63,3
DA:65,300
DA:69,2
DA:70,5
DA:71,5
DA:72,5
DA:73,5
DA:74,500
DA:75,5
DA:76,5
DA:77,58
DA:78,58
DA:79,174
DA:80,522
DA:81,522
DA:85,53
DA:86,53
DA:90,58
DA:93,5
DA:97,19
DA:98,19
DA:99,19
DA:100,35
DA:101,194
DA:102,14
DA:103,14
DA:104,14
DA:105,14
DA:107,180
DA:108,19
DA:112,0
DA:116,8
DA:117,8
DA:118,8
DA:119,80
DA:120,800
DA:121,87
DA:125,8
DA:128,2
DA:129,4
DA:130,4
DA:131,0
DA:133,4
DA:134,4
DA:135,4
DA:136,4
DA:137,4
DA:138,4
DA:139,4
DA:140,1
DA:141,1
DA:142,14
DA:144,1
DA:145,1
DA:146,1
DA:147,1
DA:148,1
DA:150,5
DA:153,2
DA:154,3
DA:165,266
DA:166,119
DA:168,3
DA:169,0
DA:170,0
DA:172,3
DA:173,3
DA:174,3
DA:176,3
DA:178,3
DA:180,49
DA:181,168
DA:182,168
DA:183,168
DA:184,49
DA:186,119
DA:188,49
DA:189,22
DA:190,22
DA:192,49
DA:193,49
DA:196,3
DA:199,2
DA:200,3
DA:207,3
DA:208,3
DA:209,300
DA:210,3
DA:211,3
DA:212,30
DA:213,30
DA:215,3
DA:216,30
DA:217,30
DA:219,3
DA:220,362
DA:221,362
DA:222,1448
DA:223,1448
DA:224,1448
DA:225,242
DA:226,242
DA:231,3
DA:232,3
DA:235,0
DA:236,1300
LF:137
LH:129
BRDA:5,0,0,0
BRDA:10,1,0,9
BRDA:10,1,1,9
BRDA:20,2,0,1621
BRDA:22,3,0,480
BRDA:22,3,1,3376
BRDA:22,4,0,3856
BRDA:22,4,1,3604
BRDA:29,5,0,0
BRDA:29,5,1,300
BRDA:29,6,0,300
BRDA:29,6,1,300
BRDA:71,7,0,5
BRDA:71,7,1,0
BRDA:71,8,0,5
BRDA:71,8,1,5
BRDA:81,9,0,53
BRDA:81,9,1,469
BRDA:82,10,0,522
BRDA:82,10,1,265
BRDA:130,11,0,0
BRDA:130,11,1,4
BRDA:141,12,0,15
BRDA:141,12,1,15
BRDA:168,13,0,0
BRDA:168,13,1,3
BRDA:178,14,0,52
BRDA:178,14,1,6
BRDA:183,15,0,49
BRDA:183,15,1,119
BRDA:183,16,0,168
BRDA:183,16,1,49
BRDA:188,17,0,22
BRDA:188,17,1,27
BRDA:209,18,0,56
BRDA:209,18,1,244
BRDA:224,19,0,242
BRDA:224,19,1,1206
BRDA:232,20,0,2
BRDA:232,20,1,1
BRDA:49,21,0,3
BRDA:49,21,1,2
BRDA:50,22,0,3
BRDA:50,22,1,2
BRDA:55,23,0,0
BRDA:55,23,1,3
BRDA:55,24,0,3
BRDA:55,24,1,2
BRDA:65,25,0,2
BRDA:65,25,1,298
BRDA:101,26,0,14
BRDA:101,26,1,180
BRDA:101,27,0,194
BRDA:101,27,1,163
BRDA:107,28,0,19
BRDA:107,28,1,161
BRDA:120,29,0,87
BRDA:120,29,1,713
BRDA:235,30,0,0
BRF:59
BRH:52
end_of_record
TN:
SF:src/index.ts
FNF:0
FNH:0
DA:1,9
DA:2,9
DA:3,9
DA:4,9
DA:5,9
DA:6,9
DA:7,9
DA:8,9
LF:8
LH:8
BRF:0
BRH:0
end_of_record
TN:
SF:src/utils.ts
FN:5,(anonymous_0)
FN:26,(anonymous_1)
FN:26,(anonymous_2)
FN:28,(anonymous_3)
FN:32,(anonymous_4)
FN:40,(anonymous_5)
FN:44,(anonymous_6)
FN:52,(anonymous_7)
FN:56,(anonymous_8)
FN:63,(anonymous_9)
FN:67,(anonymous_10)
FN:74,(anonymous_11)
FN:78,(anonymous_12)
FN:85,(anonymous_13)
FN:87,(anonymous_14)
FNF:15
FNH:15
FNDA:15661,(anonymous_0)
FNDA:269945,(anonymous_1)
FNDA:53989,(anonymous_2)
FNDA:15701,(anonymous_3)
FNDA:3,(anonymous_4)
FNDA:15701,(anonymous_5)
FNDA:8,(anonymous_6)
FNDA:15701,(anonymous_7)
FNDA:4,(anonymous_8)
FNDA:15701,(anonymous_9)
FNDA:4,(anonymous_10)
FNDA:15701,(anonymous_11)
FNDA:15682,(anonymous_12)
FNDA:34930,(anonymous_13)
FNDA:69690,(anonymous_14)
DA:1,9
DA:2,9
DA:5,9
DA:6,15661
DA:8,15661
DA:26,269945
DA:28,9
DA:32,15701
DA:33,3
DA:35,2
DA:37,3
DA:40,9
DA:44,15701
DA:45,8
DA:47,4
DA:49,8
DA:52,9
DA:56,15701
DA:57,4
DA:58,1
DA:60,4
DA:63,9
DA:67,15701
DA:68,4
DA:69,1
DA:71,4
DA:74,9
DA:78,15701
DA:79,15682
DA:80,15653
DA:82,15682
DA:85,34930
DA:88,69690
DA:89,53989
DA:97,15701
LF:35
LH:35
BRDA:6,0,0,15661
BRDA:6,0,1,0
BRDA:33,1,0,2
BRDA:33,1,1,1
BRDA:45,2,0,4
BRDA:45,2,1,4
BRDA:45,3,0,8
BRDA:45,3,1,5
BRDA:57,4,0,1
BRDA:57,4,1,3
BRDA:68,5,0,1
BRDA:68,5,1,3
BRDA:79,6,0,15653
BRDA:79,6,1,29
BRDA:88,7,0,53989
BRDA:88,7,1,15701
BRF:16
BRH:15
end_of_record
